#
# There is insufficient memory for the Java Runtime Environment to continue.
# Native memory allocation (mmap) failed to map 132120576 bytes. Error detail: G1 virtual space
# Possible reasons:
#   The system is out of physical RAM or swap space
#   This process is running with CompressedOops enabled, and the Java Heap may be blocking the growth of the native heap
# Possible solutions:
#   Reduce memory load on the system
#   Increase physical memory or swap space
#   Check if swap backing store is full
#   Decrease Java heap size (-Xmx/-Xms)
#   Decrease number of Java threads
#   Decrease Java thread stack sizes (-Xss)
#   Set larger code cache with -XX:ReservedCodeCacheSize=
#   JVM is running with Unscaled Compressed Oops mode in which the Java heap is
#     placed in the first 4GB address space. The Java Heap base address is the
#     maximum limit for the native heap growth. Please use -XX:HeapBaseMinAddress
#     to set the Java Heap base and to place the Java Heap above 4GB virtual address.
# This output file may be truncated or incomplete.
#
#  Out of Memory Error (os_windows.cpp:3618), pid=4296, tid=15636
#
# JRE version:  (17.0.18+8) (build )
# Java VM: OpenJDK 64-Bit Server VM (17.0.18+8, mixed mode, sharing, tiered, compressed oops, compressed class ptrs, g1 gc, windows-amd64)
# No core dump will be written. Minidumps are not enabled by default on client versions of Windows
#

---------------  S U M M A R Y ------------

Command Line: org.jetbrains.kotlin.cli.jvm.K2JVMCompiler @E:\varxus\app\SparkDating\node_modules\react-native-safe-area-context\android\build\20260323_11660434473505638773.compiler.options

Host: Intel(R) Core(TM) i5-6300U CPU @ 2.40GHz, 4 cores, 7G,  Windows 10 , 64 bit Build 19041 (10.0.19041.5915)
Time: Mon Mar 23 05:57:47 2026 Pakistan Standard Time elapsed time: 0.031371 seconds (0d 0h 0m 0s)

---------------  T H R E A D  ---------------

Current thread (0x00000241c6161090):  JavaThread "Unknown thread" [_thread_in_vm, id=15636, stack(0x000000b34a600000,0x000000b34a700000)]

Stack: [0x000000b34a600000,0x000000b34a700000]
Native frames: (J=compiled Java code, j=interpreted, Vv=VM code, C=native code)
V  [jvm.dll+0x6846f9]
V  [jvm.dll+0x839ea5]
V  [jvm.dll+0x83b91e]
V  [jvm.dll+0x83bfa3]
V  [jvm.dll+0x248eff]
V  [jvm.dll+0x6814b9]
V  [jvm.dll+0x6762ba]
V  [jvm.dll+0x309257]
V  [jvm.dll+0x310826]
V  [jvm.dll+0x360d9e]
V  [jvm.dll+0x360fdd]
V  [jvm.dll+0x2e02dc]
V  [jvm.dll+0x2e11e8]
V  [jvm.dll+0x80cd6b]
V  [jvm.dll+0x36ea21]
V  [jvm.dll+0x7eb945]
V  [jvm.dll+0x3f462b]
V  [jvm.dll+0x3f6111]
C  [jli.dll+0x52d0]
C  [ucrtbase.dll+0x21bb2]
C  [KERNEL32.DLL+0x17374]
C  [ntdll.dll+0x4cc91]


---------------  P R O C E S S  ---------------

Threads class SMR info:
_java_thread_list=0x00007ffe35087f58, length=0, elements={
}

Java Threads: ( => current thread )

Other Threads:
  0x00000241c61bb4c0 GCTaskThread "GC Thread#0" [stack: 0x000000b34a800000,0x000000b34a900000] [id=9976]
  0x00000241c61cc010 ConcurrentGCThread "G1 Main Marker" [stack: 0x000000b34a900000,0x000000b34aa00000] [id=8668]
  0x00000241c61cca30 ConcurrentGCThread "G1 Conc#0" [stack: 0x0000000000000000,0x0000000000000000] [id=18436]

[error occurred during error reporting (printing all threads), id 0xc0000005, EXCEPTION_ACCESS_VIOLATION (0xc0000005) at pc=0x00007ffe34840e07]

VM state: not at safepoint (not fully initialized)

VM Mutex/Monitor currently owned by a thread:  ([mutex/lock_event])
[0x00000241c615c6b0] Heap_lock - owner thread: 0x00000241c6161090

Heap address: 0x0000000082000000, size: 2016 MB, Compressed Oops mode: 32-bit

CDS archive(s) mapped at: [0x0000000000000000-0x0000000000000000-0x0000000000000000), size 0, SharedBaseAddress: 0x0000000800000000, ArchiveRelocationMode: 1.
Narrow klass base: 0x0000000000000000, Narrow klass shift: 0, Narrow klass range: 0x0

GC Precious Log:
<Empty>

Heap:
 garbage-first heap   total 0K, used 0K [0x0000000082000000, 0x0000000100000000)
  region size 1024K, 0 young (0K), 0 survivors (0K)

[error occurred during error reporting (printing heap information), id 0xc0000005, EXCEPTION_ACCESS_VIOLATION (0xc0000005) at pc=0x00007ffe34c2dd09]

GC Heap History (0 events):
No events

Dll operation events (1 events):
Event: 0.022 Loaded shared library C:\Program Files\Eclipse Adoptium\jdk-17.0.18.8-hotspot\bin\java.dll

Deoptimization events (0 events):
No events

Classes loaded (0 events):
No events

Classes unloaded (0 events):
No events

Classes redefined (0 events):
No events

Internal exceptions (0 events):
No events

VM Operations (0 events):
No events

Memory protections (0 events):
No events

Nmethod flushes (0 events):
No events

Events (0 events):
No events


Dynamic libraries:
0x00007ff6279f0000 - 0x00007ff6279fe000 	C:\Program Files\Eclipse Adoptium\jdk-17.0.18.8-hotspot\bin\java.exe
0x00007ffee2d30000 - 0x00007ffee2f28000 	C:\WINDOWS\SYSTEM32\ntdll.dll
0x00007ffee2200000 - 0x00007ffee22c2000 	C:\WINDOWS\System32\KERNEL32.DLL
0x00007ffee0740000 - 0x00007ffee0a36000 	C:\WINDOWS\System32\KERNELBASE.dll
0x00007ffee0c50000 - 0x00007ffee0d50000 	C:\WINDOWS\System32\ucrtbase.dll
0x00007ffed8ee0000 - 0x00007ffed8ef8000 	C:\Program Files\Eclipse Adoptium\jdk-17.0.18.8-hotspot\bin\jli.dll
0x00007ffee1b30000 - 0x00007ffee1cd1000 	C:\WINDOWS\System32\USER32.dll
0x00007ffee0ba0000 - 0x00007ffee0bc2000 	C:\WINDOWS\System32\win32u.dll
0x00007ffee0d50000 - 0x00007ffee0d7b000 	C:\WINDOWS\System32\GDI32.dll
0x00007ffee0580000 - 0x00007ffee0699000 	C:\WINDOWS\System32\gdi32full.dll
0x00007ffee06a0000 - 0x00007ffee073d000 	C:\WINDOWS\System32\msvcp_win.dll
0x00007ffed8ec0000 - 0x00007ffed8ede000 	C:\Program Files\Eclipse Adoptium\jdk-17.0.18.8-hotspot\bin\VCRUNTIME140.dll
0x00007ffed15c0000 - 0x00007ffed185b000 	C:\WINDOWS\WinSxS\amd64_microsoft.windows.common-controls_6595b64144ccf1df_6.0.19041.6456_none_60b8a6cb71f64256\COMCTL32.dll
0x00007ffee22d0000 - 0x00007ffee236e000 	C:\WINDOWS\System32\msvcrt.dll
0x00007ffee1160000 - 0x00007ffee118f000 	C:\WINDOWS\System32\IMM32.DLL
0x00007ffeda6b0000 - 0x00007ffeda6bc000 	C:\Program Files\Eclipse Adoptium\jdk-17.0.18.8-hotspot\bin\vcruntime140_1.dll
0x00007ffec0700000 - 0x00007ffec078d000 	C:\Program Files\Eclipse Adoptium\jdk-17.0.18.8-hotspot\bin\msvcp140.dll
0x00007ffe34550000 - 0x00007ffe351bb000 	C:\Program Files\Eclipse Adoptium\jdk-17.0.18.8-hotspot\bin\server\jvm.dll
0x00007ffee29a0000 - 0x00007ffee2a51000 	C:\WINDOWS\System32\ADVAPI32.dll
0x00007ffee2af0000 - 0x00007ffee2b8f000 	C:\WINDOWS\System32\sechost.dll
0x00007ffee1030000 - 0x00007ffee1150000 	C:\WINDOWS\System32\RPCRT4.dll
0x00007ffee04c0000 - 0x00007ffee04e7000 	C:\WINDOWS\System32\bcrypt.dll
0x00007ffee26e0000 - 0x00007ffee274b000 	C:\WINDOWS\System32\WS2_32.dll
0x00007ffee0220000 - 0x00007ffee026b000 	C:\WINDOWS\SYSTEM32\POWRPROF.dll
0x00007ffed1540000 - 0x00007ffed1567000 	C:\WINDOWS\SYSTEM32\WINMM.dll
0x00007ffed5fd0000 - 0x00007ffed5fda000 	C:\WINDOWS\SYSTEM32\VERSION.dll
0x00007ffee0200000 - 0x00007ffee0212000 	C:\WINDOWS\SYSTEM32\UMPDC.dll
0x00007ffedebc0000 - 0x00007ffedebd2000 	C:\WINDOWS\SYSTEM32\kernel.appcore.dll
0x00007ffeda1e0000 - 0x00007ffeda1ea000 	C:\Program Files\Eclipse Adoptium\jdk-17.0.18.8-hotspot\bin\jimage.dll
0x00007ffed0400000 - 0x00007ffed0601000 	C:\WINDOWS\SYSTEM32\DBGHELP.DLL
0x00007ffec8650000 - 0x00007ffec8684000 	C:\WINDOWS\SYSTEM32\dbgcore.DLL
0x00007ffee04f0000 - 0x00007ffee0572000 	C:\WINDOWS\System32\bcryptPrimitives.dll
0x00007ffec04a0000 - 0x00007ffec04c5000 	C:\Program Files\Eclipse Adoptium\jdk-17.0.18.8-hotspot\bin\java.dll

dbghelp: loaded successfully - version: 4.0.5 - missing functions: none
symbol engine: initialized successfully - sym options: 0x614 - pdb path: .;C:\Program Files\Eclipse Adoptium\jdk-17.0.18.8-hotspot\bin;C:\WINDOWS\SYSTEM32;C:\WINDOWS\WinSxS\amd64_microsoft.windows.common-controls_6595b64144ccf1df_6.0.19041.6456_none_60b8a6cb71f64256;C:\Program Files\Eclipse Adoptium\jdk-17.0.18.8-hotspot\bin\server

VM Arguments:
java_command: org.jetbrains.kotlin.cli.jvm.K2JVMCompiler @E:\varxus\app\SparkDating\node_modules\react-native-safe-area-context\android\build\20260323_11660434473505638773.compiler.options
java_class_path (initial): D:\gradle-cache\caches\modules-2\files-2.1\org.jetbrains.kotlin\kotlin-compiler-embeddable\2.1.20\4ef56b3316798316bfac7a0ae443391c9e900ea1\kotlin-compiler-embeddable-2.1.20.jar;D:\gradle-cache\caches\modules-2\files-2.1\org.jetbrains.kotlin\kotlin-stdlib\2.1.20\aa8ca79cd50578314f6d1180c47cbe14c0fee567\kotlin-stdlib-2.1.20.jar;D:\gradle-cache\caches\modules-2\files-2.1\org.jetbrains.kotlin\kotlin-script-runtime\2.1.20\f7c623d7f7bdb01f5ccd6b437bc0a937fcd7c57e\kotlin-script-runtime-2.1.20.jar;D:\gradle-cache\caches\modules-2\files-2.1\org.jetbrains.kotlin\kotlin-reflect\1.6.10\1cbe9c92c12a94eea200d23c2bbaedaf3daf5132\kotlin-reflect-1.6.10.jar;D:\gradle-cache\caches\modules-2\files-2.1\org.jetbrains.kotlin\kotlin-daemon-embeddable\2.1.20\95670fce77befd02a70a0bc3abe8ee4533521334\kotlin-daemon-embeddable-2.1.20.jar;D:\gradle-cache\caches\modules-2\files-2.1\org.jetbrains.intellij.deps\trove4j\1.0.20200330\3afb14d5f9ceb459d724e907a21145e8ff394f02\trove4j-1.0.20200330.jar;D:\gradle-cache\caches\modules-2\files-2.1\org.jetbrains.kotlinx\kotlinx-coroutines-core-jvm\1.8.0\ac1dc37a30a93150b704022f8d895ee1bd3a36b3\kotlinx-coroutines-core-jvm-1.8.0.jar;D:\gradle-cache\caches\modules-2\files-2.1\org.jetbrains\annotations\13.0\919f0dfe192fb4e063e7dacadee7f8bb9a2672a9\annotations-13.0.jar
Launcher Type: SUN_STANDARD

[Global flags]
     intx CICompilerCount                          = 3                                         {product} {ergonomic}
     uint ConcGCThreads                            = 1                                         {product} {ergonomic}
     uint G1ConcRefinementThreads                  = 4                                         {product} {ergonomic}
   size_t G1HeapRegionSize                         = 1048576                                   {product} {ergonomic}
    uintx GCDrainStackTargetSize                   = 64                                        {product} {ergonomic}
   size_t InitialHeapSize                          = 132120576                                 {product} {ergonomic}
   size_t MarkStackSize                            = 4194304                                   {product} {ergonomic}
   size_t MaxHeapSize                              = 2113929216                                {product} {ergonomic}
   size_t MinHeapDeltaBytes                        = 1048576                                   {product} {ergonomic}
   size_t MinHeapSize                              = 8388608                                   {product} {ergonomic}
    uintx NonNMethodCodeHeapSize                   = 5832780                                {pd product} {ergonomic}
    uintx NonProfiledCodeHeapSize                  = 122912730                              {pd product} {ergonomic}
    uintx ProfiledCodeHeapSize                     = 122912730                              {pd product} {ergonomic}
    uintx ReservedCodeCacheSize                    = 251658240                              {pd product} {ergonomic}
     bool SegmentedCodeCache                       = true                                      {product} {ergonomic}
   size_t SoftMaxHeapSize                          = 2113929216                             {manageable} {ergonomic}
     bool UseCompressedClassPointers               = true                           {product lp64_product} {ergonomic}
     bool UseCompressedOops                        = true                           {product lp64_product} {ergonomic}
     bool UseG1GC                                  = true                                      {product} {ergonomic}
     bool UseLargePagesIndividualAllocation        = false                                  {pd product} {ergonomic}

Logging:
Log output configuration:
 #0: stdout all=warning uptime,level,tags
 #1: stderr all=off uptime,level,tags

Environment Variables:
JAVA_HOME=C:\Program Files\Eclipse Adoptium\jdk-17.0.18.8-hotspot
PATH=E:\varxus\app\SparkDating\node_modules\.bin;E:\varxus\app\SparkDating\node_modules\.bin;E:\varxus\app\node_modules\.bin;E:\varxus\node_modules\.bin;E:\node_modules\.bin;C:\Users\Sajeel Ahmad\AppData\Roaming\npm\node_modules\npm\node_modules\@npmcli\run-script\lib\node-gyp-bin;C:\Program Files\Eclipse Adoptium\jdk-17.0.18.8-hotspot\bin;C:\Users\Sajeel Ahmad\AppData\Roaming\npm;C:\Program Files\nodejs\;C:\Users\Sajeel Ahmad\AppData\Roaming\npm;C:\Program Files\nodejs\;C:\Users\Sajeel Ahmad\AppData\Roaming\npm;C:\Program Files\nodejs\;C:\Program Files\Java\jdk-26\bin;D:\Android\Sdk\platform-tools;D:\Android\Sdk\emulator;C:\WINDOWS\system32;C:\WINDOWS;C:\WINDOWS\System32\Wbem;C:\WINDOWS\System32\WindowsPowerShell\v1.0\;C:\WINDOWS\System32\OpenSSH\;C:\Program Files\Git\cmd;C:\Program Files\PostgreSQL\16\bin;C:\Program Files\dotnet\;C:\Program Files\nodejs\;C:\Program Files\PuTTY\;C:\Users\Sajeel Ahmad\AppData\Local\Microsoft\WindowsApps;C:\Users\Sajeel Ahmad\AppData\Local\Programs\Microsoft VS Code\bin;C:\Users\Sajeel Ahmad\AppData\Roaming\npm;C:\Users\Sajeel Ahmad\AppData\Local\Programs\cursor\resources\app\bin;C:\Program Files\Java\jdk-17\bin;D:\Android\Sdk\platform-tools;D:\Android\Sdk\emulator;C:\Users\Sajeel Ahmad\AppData\Local\Microsoft\WindowsApps;;C:\Users\Sajeel Ahmad\AppData\Local\Programs\Microsoft VS Code\bin;C:\Users\Sajeel Ahmad\AppData\Roaming\npm
USERNAME=Sajeel Ahmad
OS=Windows_NT
PROCESSOR_IDENTIFIER=Intel64 Family 6 Model 78 Stepping 3, GenuineIntel
TMP=C:\Users\SAJEEL~1\AppData\Local\Temp
TEMP=C:\Users\SAJEEL~1\AppData\Local\Temp



Periodic native trim disabled


---------------  S Y S T E M  ---------------

OS:
 Windows 10 , 64 bit Build 19041 (10.0.19041.5915)
OS uptime: 0 days 20:09 hours
Hyper-V role detected

CPU: total 4 (initial active 4) (2 cores per cpu, 2 threads per core) family 6 model 78 stepping 3 microcode 0xcc, cx8, cmov, fxsr, ht, mmx, 3dnowpref, sse, sse2, sse3, ssse3, sse4.1, sse4.2, popcnt, lzcnt, tsc, tscinvbit, avx, avx2, aes, erms, clmul, bmi1, bmi2, rtm, adx, fma, vzeroupper, clflush, clflushopt, hv
Processor Information for all 4 processors :
  Max Mhz: 2496, Current Mhz: 798, Mhz Limit: 798

Memory: 4k page, system-wide physical 8058M (292M free)
TotalPageFile size 15273M (AvailPageFile size 81M)
current process WorkingSet (physical memory assigned to process): 10M, peak: 10M
current process commit charge ("private bytes"): 52M, peak: 177M

vm_info: OpenJDK 64-Bit Server VM (17.0.18+8) for windows-amd64 JRE (17.0.18+8), built on Jan 20 2026 22:28:22 by "admin" with MS VC++ 17.12 (VS2022)

END.
