#
# There is insufficient memory for the Java Runtime Environment to continue.
# Native memory allocation (malloc) failed to allocate 32744 bytes. Error detail: ChunkPool::allocate
# Possible reasons:
#   The system is out of physical RAM or swap space
#   This process is running with CompressedOops enabled, and the Java Heap may be blocking the growth of the native heap
# Possible solutions:
#   Reduce memory load on the system
#   Increase physical memory or swap space
#   Check if swap backing store is full
#   Decrease Java heap size (-Xmx/-Xms)
#   Decrease number of Java threads
#   Decrease Java thread stack sizes (-Xss)
#   Set larger code cache with -XX:ReservedCodeCacheSize=
#   JVM is running with Unscaled Compressed Oops mode in which the Java heap is
#     placed in the first 4GB address space. The Java Heap base address is the
#     maximum limit for the native heap growth. Please use -XX:HeapBaseMinAddress
#     to set the Java Heap base and to place the Java Heap above 4GB virtual address.
# This output file may be truncated or incomplete.
#
#  Out of Memory Error (arena.cpp:79), pid=14460, tid=18120
#
# JRE version: OpenJDK Runtime Environment Temurin-17.0.18+8 (17.0.18+8) (build 17.0.18+8)
# Java VM: OpenJDK 64-Bit Server VM Temurin-17.0.18+8 (17.0.18+8, mixed mode, sharing, tiered, compressed oops, compressed class ptrs, g1 gc, windows-amd64)
# No core dump will be written. Minidumps are not enabled by default on client versions of Windows
#

---------------  S U M M A R Y ------------

Command Line: -Xmx64m -Xms64m -Dorg.gradle.appname=gradlew E:\varxus\app\SparkDating\android\\gradle\wrapper\gradle-wrapper.jar app:installDebug -PreactNativeDevServerPort=8081

Host: Intel(R) Core(TM) i5-6300U CPU @ 2.40GHz, 4 cores, 7G,  Windows 10 , 64 bit Build 19041 (10.0.19041.5915)
Time: Tue Mar 24 14:55:07 2026 Pakistan Standard Time elapsed time: 334.806522 seconds (0d 0h 5m 34s)

---------------  T H R E A D  ---------------

Current thread (0x000001ce84d12640):  JavaThread "C2 CompilerThread0" daemon [_thread_in_native, id=18120, stack(0x000000457ee00000,0x000000457ef00000)]


Current CompileTask:
C2:334807 2172       4       org.gradle.internal.logging.sink.GroupingProgressLogEventGenerator::onUpdateNow (54 bytes)

Stack: [0x000000457ee00000,0x000000457ef00000]
Native frames: (J=compiled Java code, j=interpreted, Vv=VM code, C=native code)
V  [jvm.dll+0x6846f9]
V  [jvm.dll+0x839ea5]
V  [jvm.dll+0x83b91e]
V  [jvm.dll+0x83bfa3]
V  [jvm.dll+0x248eff]
V  [jvm.dll+0xad69e]
V  [jvm.dll+0xadb3c]
V  [jvm.dll+0x2a5cb3]
V  [jvm.dll+0x2a5a70]
V  [jvm.dll+0x7fe9ca]
V  [jvm.dll+0x7fcb14]
V  [jvm.dll+0x34efb4]
V  [jvm.dll+0x1a82a0]
V  [jvm.dll+0x1a82fd]
V  [jvm.dll+0x2af83c]
V  [jvm.dll+0x69cbbf]
V  [jvm.dll+0x694b99]
V  [jvm.dll+0x69440b]
V  [jvm.dll+0x6921b7]
V  [jvm.dll+0x1a781c]
V  [jvm.dll+0x218dc9]
V  [jvm.dll+0x1a4920]
V  [jvm.dll+0x22989a]
V  [jvm.dll+0x227a4b]
V  [jvm.dll+0x7f0658]
V  [jvm.dll+0x7eaaec]
V  [jvm.dll+0x6835c7]
C  [ucrtbase.dll+0x21bb2]
C  [KERNEL32.DLL+0x17374]
C  [ntdll.dll+0x4cc91]


---------------  P R O C E S S  ---------------

Threads class SMR info:
_java_thread_list=0x000001cee3580a80, length=13, elements={
0x000001ce82a9e5b0, 0x000001ce84cf1840, 0x000001ce84cf3180, 0x000001ce84d0cbc0,
0x000001ce84d0d190, 0x000001ce84d0d760, 0x000001ce84d0dd30, 0x000001ce84d12640,
0x000001ce84d1a170, 0x000001ce9de65f30, 0x000001cee316ceb0, 0x000001cee3171800,
0x000001cee3e23aa0
}

Java Threads: ( => current thread )
  0x000001ce82a9e5b0 JavaThread "main" [_thread_in_native, id=11696, stack(0x000000457e100000,0x000000457e200000)]
  0x000001ce84cf1840 JavaThread "Reference Handler" daemon [_thread_blocked, id=16888, stack(0x000000457e800000,0x000000457e900000)]
  0x000001ce84cf3180 JavaThread "Finalizer" daemon [_thread_blocked, id=10724, stack(0x000000457e900000,0x000000457ea00000)]
  0x000001ce84d0cbc0 JavaThread "Signal Dispatcher" daemon [_thread_blocked, id=11024, stack(0x000000457ea00000,0x000000457eb00000)]
  0x000001ce84d0d190 JavaThread "Attach Listener" daemon [_thread_blocked, id=7788, stack(0x000000457eb00000,0x000000457ec00000)]
  0x000001ce84d0d760 JavaThread "Service Thread" daemon [_thread_blocked, id=17508, stack(0x000000457ec00000,0x000000457ed00000)]
  0x000001ce84d0dd30 JavaThread "Monitor Deflation Thread" daemon [_thread_blocked, id=18928, stack(0x000000457ed00000,0x000000457ee00000)]
=>0x000001ce84d12640 JavaThread "C2 CompilerThread0" daemon [_thread_in_native, id=18120, stack(0x000000457ee00000,0x000000457ef00000)]
  0x000001ce84d1a170 JavaThread "C1 CompilerThread0" daemon [_thread_blocked, id=17624, stack(0x000000457ef00000,0x000000457f000000)]
  0x000001ce9de65f30 JavaThread "Sweeper thread" daemon [_thread_blocked, id=8960, stack(0x000000457f000000,0x000000457f100000)]
  0x000001cee316ceb0 JavaThread "Notification Thread" daemon [_thread_blocked, id=10208, stack(0x000000457f100000,0x000000457f200000)]
  0x000001cee3171800 JavaThread "Common-Cleaner" daemon [_thread_blocked, id=10876, stack(0x000000457f300000,0x000000457f400000)]
  0x000001cee3e23aa0 JavaThread "pool-1-thread-1" [_thread_in_native, id=19036, stack(0x000000457f700000,0x000000457f800000)]

Other Threads:
  0x000001ce84ceb8d0 VMThread "VM Thread" [stack: 0x000000457e700000,0x000000457e800000] [id=10772]
  0x000001cee316d390 WatcherThread [stack: 0x000000457f200000,0x000000457f300000] [id=8532]
  0x000001ce84c7dc50 GCTaskThread "GC Thread#0" [stack: 0x000000457e200000,0x000000457e300000] [id=948]
  0x000001cee34f54d0 GCTaskThread "GC Thread#1" [stack: 0x000000457f400000,0x000000457f500000] [id=8992]
  0x000001cee3364bc0 GCTaskThread "GC Thread#2" [stack: 0x000000457f500000,0x000000457f600000] [id=8300]
  0x000001cee3364e80 GCTaskThread "GC Thread#3" [stack: 0x000000457f600000,0x000000457f700000] [id=15720]
  0x000001ce84c803b0 ConcurrentGCThread "G1 Main Marker" [stack: 0x000000457e300000,0x000000457e400000] [id=9312]
  0x000001ce84c80dd0 ConcurrentGCThread "G1 Conc#0" [stack: 0x000000457e400000,0x000000457e500000] [id=12064]
  0x000001ce84ccf9a0 ConcurrentGCThread "G1 Refine#0" [stack: 0x000000457e500000,0x000000457e600000] [id=6732]
  0x000001ce84cd2790 ConcurrentGCThread "G1 Service" [stack: 0x000000457e600000,0x000000457e700000] [id=18008]

Threads with active compile tasks:
C2 CompilerThread0  334887 2172       4       org.gradle.internal.logging.sink.GroupingProgressLogEventGenerator::onUpdateNow (54 bytes)

VM state: not at safepoint (normal execution)

VM Mutex/Monitor currently owned by a thread: None

Heap address: 0x00000000fc000000, size: 64 MB, Compressed Oops mode: 32-bit

CDS archive(s) mapped at: [0x000001ce9e000000-0x000001ce9ebb0000-0x000001ce9ebb0000), size 12255232, SharedBaseAddress: 0x000001ce9e000000, ArchiveRelocationMode: 1.
Compressed class space mapped at: 0x000001ce9f000000-0x000001cedf000000, reserved size: 1073741824
Narrow klass base: 0x000001ce9e000000, Narrow klass shift: 0, Narrow klass range: 0x100000000

GC Precious Log:
 CPUs: 4 total, 4 available
 Memory: 8058M
 Large Page Support: Disabled
 NUMA Support: Disabled
 Compressed Oops: Enabled (32-bit)
 Heap Region Size: 1M
 Heap Min Capacity: 64M
 Heap Initial Capacity: 64M
 Heap Max Capacity: 64M
 Pre-touch: Disabled
 Parallel Workers: 4
 Concurrent Workers: 1
 Concurrent Refinement Workers: 4
 Periodic GC: Disabled

Heap:
 garbage-first heap   total 65536K, used 15997K [0x00000000fc000000, 0x0000000100000000)
  region size 1024K, 9 young (9216K), 5 survivors (5120K)
 Metaspace       used 10708K, committed 10944K, reserved 1114112K
  class space    used 1356K, committed 1472K, reserved 1048576K

Heap Regions: E=young(eden), S=young(survivor), O=old, HS=humongous(starts), HC=humongous(continues), CS=collection set, F=free, OA=open archive, CA=closed archive, TAMS=top-at-mark-start (previous, next)
|   0|0x00000000fc000000, 0x00000000fc100000, 0x00000000fc100000|100%|HS|  |TAMS 0x00000000fc000000, 0x00000000fc000000| Complete 
|   1|0x00000000fc100000, 0x00000000fc200000, 0x00000000fc200000|100%|HC|  |TAMS 0x00000000fc100000, 0x00000000fc100000| Complete 
|   2|0x00000000fc200000, 0x00000000fc300000, 0x00000000fc300000|100%|HC|  |TAMS 0x00000000fc200000, 0x00000000fc200000| Complete 
|   3|0x00000000fc300000, 0x00000000fc400000, 0x00000000fc400000|100%| O|  |TAMS 0x00000000fc300000, 0x00000000fc300000| Untracked 
|   4|0x00000000fc400000, 0x00000000fc500000, 0x00000000fc500000|100%| O|  |TAMS 0x00000000fc400000, 0x00000000fc400000| Untracked 
|   5|0x00000000fc500000, 0x00000000fc600000, 0x00000000fc600000|100%| O|  |TAMS 0x00000000fc500000, 0x00000000fc500000| Untracked 
|   6|0x00000000fc600000, 0x00000000fc700000, 0x00000000fc700000|100%| O|  |TAMS 0x00000000fc600000, 0x00000000fc600000| Untracked 
|   7|0x00000000fc700000, 0x00000000fc79f400, 0x00000000fc800000| 62%| O|  |TAMS 0x00000000fc700000, 0x00000000fc700000| Untracked 
|   8|0x00000000fc800000, 0x00000000fc800000, 0x00000000fc900000|  0%| F|  |TAMS 0x00000000fc800000, 0x00000000fc800000| Untracked 
|   9|0x00000000fc900000, 0x00000000fc900000, 0x00000000fca00000|  0%| F|  |TAMS 0x00000000fc900000, 0x00000000fc900000| Untracked 
|  10|0x00000000fca00000, 0x00000000fca00000, 0x00000000fcb00000|  0%| F|  |TAMS 0x00000000fca00000, 0x00000000fca00000| Untracked 
|  11|0x00000000fcb00000, 0x00000000fcb00000, 0x00000000fcc00000|  0%| F|  |TAMS 0x00000000fcb00000, 0x00000000fcb00000| Untracked 
|  12|0x00000000fcc00000, 0x00000000fcc00000, 0x00000000fcd00000|  0%| F|  |TAMS 0x00000000fcc00000, 0x00000000fcc00000| Untracked 
|  13|0x00000000fcd00000, 0x00000000fcd00000, 0x00000000fce00000|  0%| F|  |TAMS 0x00000000fcd00000, 0x00000000fcd00000| Untracked 
|  14|0x00000000fce00000, 0x00000000fce00000, 0x00000000fcf00000|  0%| F|  |TAMS 0x00000000fce00000, 0x00000000fce00000| Untracked 
|  15|0x00000000fcf00000, 0x00000000fcf00000, 0x00000000fd000000|  0%| F|  |TAMS 0x00000000fcf00000, 0x00000000fcf00000| Untracked 
|  16|0x00000000fd000000, 0x00000000fd000000, 0x00000000fd100000|  0%| F|  |TAMS 0x00000000fd000000, 0x00000000fd000000| Untracked 
|  17|0x00000000fd100000, 0x00000000fd100000, 0x00000000fd200000|  0%| F|  |TAMS 0x00000000fd100000, 0x00000000fd100000| Untracked 
|  18|0x00000000fd200000, 0x00000000fd200000, 0x00000000fd300000|  0%| F|  |TAMS 0x00000000fd200000, 0x00000000fd200000| Untracked 
|  19|0x00000000fd300000, 0x00000000fd300000, 0x00000000fd400000|  0%| F|  |TAMS 0x00000000fd300000, 0x00000000fd300000| Untracked 
|  20|0x00000000fd400000, 0x00000000fd400000, 0x00000000fd500000|  0%| F|  |TAMS 0x00000000fd400000, 0x00000000fd400000| Untracked 
|  21|0x00000000fd500000, 0x00000000fd600000, 0x00000000fd600000|100%| S|CS|TAMS 0x00000000fd500000, 0x00000000fd500000| Complete 
|  22|0x00000000fd600000, 0x00000000fd700000, 0x00000000fd700000|100%| S|CS|TAMS 0x00000000fd600000, 0x00000000fd600000| Complete 
|  23|0x00000000fd700000, 0x00000000fd800000, 0x00000000fd800000|100%| S|CS|TAMS 0x00000000fd700000, 0x00000000fd700000| Complete 
|  24|0x00000000fd800000, 0x00000000fd900000, 0x00000000fd900000|100%| S|CS|TAMS 0x00000000fd800000, 0x00000000fd800000| Complete 
|  25|0x00000000fd900000, 0x00000000fda00000, 0x00000000fda00000|100%| S|CS|TAMS 0x00000000fd900000, 0x00000000fd900000| Complete 
|  26|0x00000000fda00000, 0x00000000fda00000, 0x00000000fdb00000|  0%| F|  |TAMS 0x00000000fda00000, 0x00000000fda00000| Untracked 
|  27|0x00000000fdb00000, 0x00000000fdb00000, 0x00000000fdc00000|  0%| F|  |TAMS 0x00000000fdb00000, 0x00000000fdb00000| Untracked 
|  28|0x00000000fdc00000, 0x00000000fdc00000, 0x00000000fdd00000|  0%| F|  |TAMS 0x00000000fdc00000, 0x00000000fdc00000| Untracked 
|  29|0x00000000fdd00000, 0x00000000fdd00000, 0x00000000fde00000|  0%| F|  |TAMS 0x00000000fdd00000, 0x00000000fdd00000| Untracked 
|  30|0x00000000fde00000, 0x00000000fde00000, 0x00000000fdf00000|  0%| F|  |TAMS 0x00000000fde00000, 0x00000000fde00000| Untracked 
|  31|0x00000000fdf00000, 0x00000000fdf00000, 0x00000000fe000000|  0%| F|  |TAMS 0x00000000fdf00000, 0x00000000fdf00000| Untracked 
|  32|0x00000000fe000000, 0x00000000fe000000, 0x00000000fe100000|  0%| F|  |TAMS 0x00000000fe000000, 0x00000000fe000000| Untracked 
|  33|0x00000000fe100000, 0x00000000fe100000, 0x00000000fe200000|  0%| F|  |TAMS 0x00000000fe100000, 0x00000000fe100000| Untracked 
|  34|0x00000000fe200000, 0x00000000fe200000, 0x00000000fe300000|  0%| F|  |TAMS 0x00000000fe200000, 0x00000000fe200000| Untracked 
|  35|0x00000000fe300000, 0x00000000fe300000, 0x00000000fe400000|  0%| F|  |TAMS 0x00000000fe300000, 0x00000000fe300000| Untracked 
|  36|0x00000000fe400000, 0x00000000fe400000, 0x00000000fe500000|  0%| F|  |TAMS 0x00000000fe400000, 0x00000000fe400000| Untracked 
|  37|0x00000000fe500000, 0x00000000fe500000, 0x00000000fe600000|  0%| F|  |TAMS 0x00000000fe500000, 0x00000000fe500000| Untracked 
|  38|0x00000000fe600000, 0x00000000fe600000, 0x00000000fe700000|  0%| F|  |TAMS 0x00000000fe600000, 0x00000000fe600000| Untracked 
|  39|0x00000000fe700000, 0x00000000fe700000, 0x00000000fe800000|  0%| F|  |TAMS 0x00000000fe700000, 0x00000000fe700000| Untracked 
|  40|0x00000000fe800000, 0x00000000fe800000, 0x00000000fe900000|  0%| F|  |TAMS 0x00000000fe800000, 0x00000000fe800000| Untracked 
|  41|0x00000000fe900000, 0x00000000fe900000, 0x00000000fea00000|  0%| F|  |TAMS 0x00000000fe900000, 0x00000000fe900000| Untracked 
|  42|0x00000000fea00000, 0x00000000fea00000, 0x00000000feb00000|  0%| F|  |TAMS 0x00000000fea00000, 0x00000000fea00000| Untracked 
|  43|0x00000000feb00000, 0x00000000feb00000, 0x00000000fec00000|  0%| F|  |TAMS 0x00000000feb00000, 0x00000000feb00000| Untracked 
|  44|0x00000000fec00000, 0x00000000fec00000, 0x00000000fed00000|  0%| F|  |TAMS 0x00000000fec00000, 0x00000000fec00000| Untracked 
|  45|0x00000000fed00000, 0x00000000fed00000, 0x00000000fee00000|  0%| F|  |TAMS 0x00000000fed00000, 0x00000000fed00000| Untracked 
|  46|0x00000000fee00000, 0x00000000fee00000, 0x00000000fef00000|  0%| F|  |TAMS 0x00000000fee00000, 0x00000000fee00000| Untracked 
|  47|0x00000000fef00000, 0x00000000fef00000, 0x00000000ff000000|  0%| F|  |TAMS 0x00000000fef00000, 0x00000000fef00000| Untracked 
|  48|0x00000000ff000000, 0x00000000ff000000, 0x00000000ff100000|  0%| F|  |TAMS 0x00000000ff000000, 0x00000000ff000000| Untracked 
|  49|0x00000000ff100000, 0x00000000ff100000, 0x00000000ff200000|  0%| F|  |TAMS 0x00000000ff100000, 0x00000000ff100000| Untracked 
|  50|0x00000000ff200000, 0x00000000ff200000, 0x00000000ff300000|  0%| F|  |TAMS 0x00000000ff200000, 0x00000000ff200000| Untracked 
|  51|0x00000000ff300000, 0x00000000ff300000, 0x00000000ff400000|  0%| F|  |TAMS 0x00000000ff300000, 0x00000000ff300000| Untracked 
|  52|0x00000000ff400000, 0x00000000ff400000, 0x00000000ff500000|  0%| F|  |TAMS 0x00000000ff400000, 0x00000000ff400000| Untracked 
|  53|0x00000000ff500000, 0x00000000ff500000, 0x00000000ff600000|  0%| F|  |TAMS 0x00000000ff500000, 0x00000000ff500000| Untracked 
|  54|0x00000000ff600000, 0x00000000ff600000, 0x00000000ff700000|  0%| F|  |TAMS 0x00000000ff600000, 0x00000000ff600000| Untracked 
|  55|0x00000000ff700000, 0x00000000ff700000, 0x00000000ff800000|  0%| F|  |TAMS 0x00000000ff700000, 0x00000000ff700000| Untracked 
|  56|0x00000000ff800000, 0x00000000ff800000, 0x00000000ff900000|  0%| F|  |TAMS 0x00000000ff800000, 0x00000000ff800000| Untracked 
|  57|0x00000000ff900000, 0x00000000ff900000, 0x00000000ffa00000|  0%| F|  |TAMS 0x00000000ff900000, 0x00000000ff900000| Untracked 
|  58|0x00000000ffa00000, 0x00000000ffa00000, 0x00000000ffb00000|  0%| F|  |TAMS 0x00000000ffa00000, 0x00000000ffa00000| Untracked 
|  59|0x00000000ffb00000, 0x00000000ffb00000, 0x00000000ffc00000|  0%| F|  |TAMS 0x00000000ffb00000, 0x00000000ffb00000| Untracked 
|  60|0x00000000ffc00000, 0x00000000ffd00000, 0x00000000ffd00000|100%| E|  |TAMS 0x00000000ffc00000, 0x00000000ffc00000| Complete 
|  61|0x00000000ffd00000, 0x00000000ffe00000, 0x00000000ffe00000|100%| E|CS|TAMS 0x00000000ffd00000, 0x00000000ffd00000| Complete 
|  62|0x00000000ffe00000, 0x00000000fff00000, 0x00000000fff00000|100%| E|CS|TAMS 0x00000000ffe00000, 0x00000000ffe00000| Complete 
|  63|0x00000000fff00000, 0x0000000100000000, 0x0000000100000000|100%| E|CS|TAMS 0x00000000fff00000, 0x00000000fff00000| Complete 

Card table byte_map: [0x000001ce82c50000,0x000001ce82c70000] _byte_map_base: 0x000001ce82470000

Marking Bits (Prev, Next): (CMBitMap*) 0x000001ce84c7f280, (CMBitMap*) 0x000001ce84c7f2c0
 Prev Bits: [0x000001ce84a70000, 0x000001ce84b70000)
 Next Bits: [0x000001ce9b7d0000, 0x000001ce9b8d0000)

Polling page: 0x000001ce82c00000

Metaspace:

Usage:
  Non-class:      9.13 MB used.
      Class:      1.32 MB used.
       Both:     10.46 MB used.

Virtual space:
  Non-class space:       64.00 MB reserved,       9.25 MB ( 14%) committed,  1 nodes.
      Class space:        1.00 GB reserved,       1.44 MB ( <1%) committed,  1 nodes.
             Both:        1.06 GB reserved,      10.69 MB ( <1%) committed. 

Chunk freelists:
   Non-Class:  6.26 MB
       Class:  14.45 MB
        Both:  20.71 MB

MaxMetaspaceSize: unlimited
CompressedClassSpaceSize: 1.00 GB
Initial GC threshold: 21.00 MB
Current GC threshold: 21.00 MB
CDS: on
MetaspaceReclaimPolicy: balanced
 - commit_granule_bytes: 65536.
 - commit_granule_words: 8192.
 - virtual_space_node_default_size: 8388608.
 - enlarge_chunks_in_place: 1.
 - new_chunks_are_fully_committed: 0.
 - uncommit_free_chunks: 1.
 - use_allocation_guard: 0.
 - handle_deallocations: 1.


Internal statistics:

num_allocs_failed_limit: 0.
num_arena_births: 84.
num_arena_deaths: 0.
num_vsnodes_births: 2.
num_vsnodes_deaths: 0.
num_space_committed: 171.
num_space_uncommitted: 0.
num_chunks_returned_to_freelist: 0.
num_chunks_taken_from_freelist: 360.
num_chunk_merges: 0.
num_chunk_splits: 240.
num_chunks_enlarged: 198.
num_inconsistent_stats: 0.

CodeHeap 'non-profiled nmethods': size=120000Kb used=951Kb max_used=951Kb free=119049Kb
 bounds [0x000001ce942a0000, 0x000001ce94510000, 0x000001ce9b7d0000]
CodeHeap 'profiled nmethods': size=120000Kb used=4150Kb max_used=4150Kb free=115849Kb
 bounds [0x000001ce8c7d0000, 0x000001ce8cbe0000, 0x000001ce93d00000]
CodeHeap 'non-nmethods': size=5760Kb used=1189Kb max_used=1231Kb free=4570Kb
 bounds [0x000001ce93d00000, 0x000001ce93f70000, 0x000001ce942a0000]
 total_blobs=2661 nmethods=2171 adapters=402
 compilation: enabled
              stopped_count=0, restarted_count=0
 full_count=0

Compilation events (20 events):
Event: 308.981 Thread 0x000001ce84d12640 nmethod 2162 0x000001ce94385290 code [0x000001ce94385440, 0x000001ce94385d78]
Event: 310.497 Thread 0x000001ce84d1a170 2163       3       java.util.ArrayList::rangeCheckForAdd (26 bytes)
Event: 310.498 Thread 0x000001ce84d1a170 nmethod 2163 0x000001ce8cbd9010 code [0x000001ce8cbd9260, 0x000001ce8cbd98e8]
Event: 310.538 Thread 0x000001ce84d12640 2164       4       java.lang.StringCoding::implEncodeAsciiArray (47 bytes)
Event: 310.549 Thread 0x000001ce84d12640 nmethod 2164 0x000001ce94386210 code [0x000001ce943863a0, 0x000001ce94386798]
Event: 317.497 Thread 0x000001ce84d1a170 2165       3       org.gradle.internal.logging.console.DefaultColorMap$CompositeColor::on (40 bytes)
Event: 317.497 Thread 0x000001ce84d1a170 nmethod 2165 0x000001ce8cbd9b90 code [0x000001ce8cbd9d80, 0x000001ce8cbda378]
Event: 317.498 Thread 0x000001ce84d1a170 2166       3       org.gradle.internal.logging.console.DefaultColorMap$ForegroundColor::on (10 bytes)
Event: 317.498 Thread 0x000001ce84d1a170 nmethod 2166 0x000001ce8cbda510 code [0x000001ce8cbda700, 0x000001ce8cbdad38]
Event: 317.560 Thread 0x000001ce84d1a170 2167       3       org.gradle.internal.logging.console.DefaultColorMap$CompositeColor::off (43 bytes)
Event: 317.561 Thread 0x000001ce84d1a170 nmethod 2167 0x000001ce8cbdb010 code [0x000001ce8cbdb220, 0x000001ce8cbdb828]
Event: 317.561 Thread 0x000001ce84d1a170 2168       3       com.google.common.collect.Lists::reverse (59 bytes)
Event: 317.566 Thread 0x000001ce84d1a170 nmethod 2168 0x000001ce8cbdba10 code [0x000001ce8cbdbce0, 0x000001ce8cbdd108]
Event: 317.566 Thread 0x000001ce84d1a170 2169       3       com.google.common.collect.Lists$ReverseList::iterator (5 bytes)
Event: 317.566 Thread 0x000001ce84d1a170 nmethod 2169 0x000001ce8cbdd590 code [0x000001ce8cbdd740, 0x000001ce8cbdd9e8]
Event: 323.453 Thread 0x000001ce84d12640 2170       4       java.util.ArrayDeque$DeqIterator::next (62 bytes)
Event: 323.455 Thread 0x000001ce84d12640 nmethod 2170 0x000001ce94386910 code [0x000001ce94386aa0, 0x000001ce94386bd8]
Event: 331.899 Thread 0x000001ce84d12640 2171       4       org.gradle.internal.logging.console.WorkInProgressRenderer::renderNow (351 bytes)
Event: 332.306 Thread 0x000001ce84d12640 nmethod 2171 0x000001ce94386d10 code [0x000001ce94387140, 0x000001ce9438ad00]
Event: 334.787 Thread 0x000001ce84d12640 2172       4       org.gradle.internal.logging.sink.GroupingProgressLogEventGenerator::onUpdateNow (54 bytes)

GC Heap History (6 events):
Event: 0.603 GC heap before
{Heap before GC invocations=0 (full 0):
 garbage-first heap   total 65536K, used 12288K [0x00000000fc000000, 0x0000000100000000)
  region size 1024K, 13 young (13312K), 0 survivors (0K)
 Metaspace       used 1654K, committed 1792K, reserved 1114112K
  class space    used 157K, committed 192K, reserved 1048576K
}
Event: 0.608 GC heap after
{Heap after GC invocations=1 (full 0):
 garbage-first heap   total 65536K, used 1472K [0x00000000fc000000, 0x0000000100000000)
  region size 1024K, 2 young (2048K), 2 survivors (2048K)
 Metaspace       used 1654K, committed 1792K, reserved 1114112K
  class space    used 157K, committed 192K, reserved 1048576K
}
Event: 1.139 GC heap before
{Heap before GC invocations=1 (full 0):
 garbage-first heap   total 65536K, used 21952K [0x00000000fc000000, 0x0000000100000000)
  region size 1024K, 20 young (20480K), 2 survivors (2048K)
 Metaspace       used 2394K, committed 2560K, reserved 1114112K
  class space    used 242K, committed 320K, reserved 1048576K
}
Event: 1.147 GC heap after
{Heap after GC invocations=2 (full 0):
 garbage-first heap   total 65536K, used 9288K [0x00000000fc000000, 0x0000000100000000)
  region size 1024K, 3 young (3072K), 3 survivors (3072K)
 Metaspace       used 2394K, committed 2560K, reserved 1114112K
  class space    used 242K, committed 320K, reserved 1048576K
}
Event: 136.897 GC heap before
{Heap before GC invocations=2 (full 0):
 garbage-first heap   total 65536K, used 45128K [0x00000000fc000000, 0x0000000100000000)
  region size 1024K, 38 young (38912K), 3 survivors (3072K)
 Metaspace       used 10449K, committed 10624K, reserved 1114112K
  class space    used 1330K, committed 1408K, reserved 1048576K
}
Event: 136.908 GC heap after
{Heap after GC invocations=3 (full 0):
 garbage-first heap   total 65536K, used 12925K [0x00000000fc000000, 0x0000000100000000)
  region size 1024K, 5 young (5120K), 5 survivors (5120K)
 Metaspace       used 10449K, committed 10624K, reserved 1114112K
  class space    used 1330K, committed 1408K, reserved 1048576K
}

Dll operation events (13 events):
Event: 0.016 Loaded shared library C:\Program Files\Eclipse Adoptium\jdk-17.0.18.8-hotspot\bin\java.dll
Event: 0.046 Loaded shared library C:\Program Files\Eclipse Adoptium\jdk-17.0.18.8-hotspot\bin\jsvml.dll
Event: 0.116 Loaded shared library C:\Program Files\Eclipse Adoptium\jdk-17.0.18.8-hotspot\bin\net.dll
Event: 0.119 Loaded shared library C:\Program Files\Eclipse Adoptium\jdk-17.0.18.8-hotspot\bin\nio.dll
Event: 0.125 Loaded shared library C:\Program Files\Eclipse Adoptium\jdk-17.0.18.8-hotspot\bin\zip.dll
Event: 0.760 Loaded shared library C:\Program Files\Eclipse Adoptium\jdk-17.0.18.8-hotspot\bin\jimage.dll
Event: 1.493 Loaded shared library C:\Program Files\Eclipse Adoptium\jdk-17.0.18.8-hotspot\bin\management.dll
Event: 1.498 Loaded shared library C:\Program Files\Eclipse Adoptium\jdk-17.0.18.8-hotspot\bin\management_ext.dll
Event: 1.578 Loaded shared library C:\Program Files\Eclipse Adoptium\jdk-17.0.18.8-hotspot\bin\verify.dll
Event: 1.593 Loaded shared library D:\gradle-cache\native\1def1411415f61bf3af743bc5b6707747c0891f09f0c88961ee8f79bc544acac\windows-amd64\native-platform.dll
Event: 1.669 Loaded shared library D:\gradle-cache\native\jansi\1.18\windows64\jansi.dll
Event: 2.331 Loaded shared library C:\Program Files\Eclipse Adoptium\jdk-17.0.18.8-hotspot\bin\extnet.dll
Event: 8.559 Loaded shared library C:\Program Files\Eclipse Adoptium\jdk-17.0.18.8-hotspot\bin\sunmscapi.dll

Deoptimization events (20 events):
Event: 3.176 Thread 0x000001cee3e6aa30 DEOPT PACKING pc=0x000001ce942e6b8c sp=0x000000457f9fee80
Event: 3.176 Thread 0x000001cee3e6aa30 DEOPT UNPACKING pc=0x000001ce93d569a3 sp=0x000000457f9fed18 mode 2
Event: 3.176 Thread 0x000001cee3e6aa30 Uncommon trap: trap_request=0xffffff45 fr.pc=0x000001ce942f14e8 relative=0x00000000000004c8
Event: 3.176 Thread 0x000001cee3e6aa30 Uncommon trap: reason=unstable_if action=reinterpret pc=0x000001ce942f14e8 method=java.lang.AbstractStringBuilder.putStringAt(ILjava/lang/String;II)V @ 8 c2
Event: 3.176 Thread 0x000001cee3e6aa30 DEOPT PACKING pc=0x000001ce942f14e8 sp=0x000000457f9fee20
Event: 3.176 Thread 0x000001cee3e6aa30 DEOPT UNPACKING pc=0x000001ce93d569a3 sp=0x000000457f9fed10 mode 2
Event: 3.176 Thread 0x000001cee3e6aa30 Uncommon trap: trap_request=0xffffff45 fr.pc=0x000001ce94305920 relative=0x0000000000000400
Event: 3.176 Thread 0x000001cee3e6aa30 Uncommon trap: reason=unstable_if action=reinterpret pc=0x000001ce94305920 method=java.lang.AbstractStringBuilder.isLatin1()Z @ 10 c2
Event: 3.176 Thread 0x000001cee3e6aa30 DEOPT PACKING pc=0x000001ce94305920 sp=0x000000457f9feea0
Event: 3.176 Thread 0x000001cee3e6aa30 DEOPT UNPACKING pc=0x000001ce93d569a3 sp=0x000000457f9fee20 mode 2
Event: 8.425 Thread 0x000001cee3e6aa30 Uncommon trap: trap_request=0xffffff45 fr.pc=0x000001ce942b01a4 relative=0x0000000000000084
Event: 8.425 Thread 0x000001cee3e6aa30 Uncommon trap: reason=unstable_if action=reinterpret pc=0x000001ce942b01a4 method=java.lang.String.codePointAt(I)I @ 4 c2
Event: 8.425 Thread 0x000001cee3e6aa30 DEOPT PACKING pc=0x000001ce942b01a4 sp=0x000000457f9fee10
Event: 8.425 Thread 0x000001cee3e6aa30 DEOPT UNPACKING pc=0x000001ce93d569a3 sp=0x000000457f9feda8 mode 2
Event: 237.148 Thread 0x000001ce82a9e5b0 Uncommon trap: trap_request=0xffffff45 fr.pc=0x000001ce94378234 relative=0x00000000000005f4
Event: 237.148 Thread 0x000001ce82a9e5b0 Uncommon trap: reason=unstable_if action=reinterpret pc=0x000001ce94378234 method=com.esotericsoftware.kryo.io.Input.readUtf8(I)V @ 79 c2
Event: 237.148 Thread 0x000001ce82a9e5b0 DEOPT PACKING pc=0x000001ce94378234 sp=0x000000457e1fcd90
Event: 237.148 Thread 0x000001ce82a9e5b0 DEOPT UNPACKING pc=0x000001ce93d569a3 sp=0x000000457e1fcd28 mode 2
Event: 310.538 Thread 0x000001cee3e23aa0 DEOPT PACKING pc=0x000001ce8cb627f7 sp=0x000000457f7fe620
Event: 310.538 Thread 0x000001cee3e23aa0 DEOPT UNPACKING pc=0x000001ce93d57143 sp=0x000000457f7fda90 mode 0

Classes loaded (20 events):
Event: 161.274 Loading class jdk/internal/logger/LazyLoggers$LazyLoggerFactories
Event: 161.274 Loading class jdk/internal/logger/LazyLoggers$LazyLoggerFactories done
Event: 161.276 Loading class jdk/internal/logger/LoggerFinderLoader
Event: 161.279 Loading class jdk/internal/logger/LoggerFinderLoader done
Event: 161.280 Loading class jdk/internal/logger/LoggerFinderLoader$TemporaryLoggerFinder
Event: 161.280 Loading class jdk/internal/logger/LoggerFinderLoader$TemporaryLoggerFinder done
Event: 161.280 Loading class sun/util/logging/internal/LoggingProviderImpl$JULWrapper
Event: 161.281 Loading class sun/util/logging/PlatformLogger$ConfigurableBridge$LoggerConfiguration
Event: 161.281 Loading class sun/util/logging/PlatformLogger$ConfigurableBridge$LoggerConfiguration done
Event: 161.281 Loading class sun/util/logging/internal/LoggingProviderImpl$JULWrapper done
Event: 161.282 Loading class java/io/ObjectInputFilter
Event: 161.282 Loading class java/io/ObjectInputFilter done
Event: 161.285 Loading class java/io/ObjectInputFilter$Config$BuiltinFilterFactory
Event: 161.285 Loading class java/io/ObjectInputFilter$Config$BuiltinFilterFactory done
Event: 161.285 Loading class jdk/internal/access/JavaObjectInputFilterAccess
Event: 161.285 Loading class jdk/internal/access/JavaObjectInputFilterAccess done
Event: 161.285 Loading class java/lang/System$Logger$Level
Event: 161.286 Loading class java/lang/System$Logger$Level done
Event: 161.286 Loading class java/io/Bits
Event: 161.287 Loading class java/io/Bits done

Classes unloaded (0 events):
No events

Classes redefined (0 events):
No events

Internal exceptions (20 events):
Event: 1.491 Thread 0x000001ce82a9e5b0 Exception <a 'java/lang/NoSuchMethodError'{0x00000000ffad7648}: 'java.lang.Object java.lang.invoke.DirectMethodHandle$Holder.invokeStaticInit(java.lang.Object)'> (0x00000000ffad7648) 
thrown [s\src\hotspot\share\interpreter\linkResolver.cpp, line 759]
Event: 1.511 Thread 0x000001ce82a9e5b0 Exception <a 'java/lang/NoSuchMethodError'{0x00000000ffaf2378}: 'int java.lang.invoke.DirectMethodHandle$Holder.invokeSpecial(java.lang.Object, java.lang.Object, java.lang.Object)'> (0x00000000ffaf2378) 
thrown [s\src\hotspot\share\interpreter\linkResolver.cpp, line 759]
Event: 1.525 Thread 0x000001ce82a9e5b0 Exception <a 'java/lang/NoSuchMethodError'{0x00000000ff92f250}: 'void java.lang.invoke.DirectMethodHandle$Holder.invokeStatic(java.lang.Object, java.lang.Object)'> (0x00000000ff92f250) 
thrown [s\src\hotspot\share\interpreter\linkResolver.cpp, line 759]
Event: 1.527 Thread 0x000001ce82a9e5b0 Implicit null exception at 0x000001ce942ffa8f to 0x000001ce94300000
Event: 1.612 Thread 0x000001ce82a9e5b0 Exception <a 'java/lang/NoSuchMethodError'{0x00000000ff8dabc8}: 'java.lang.Object java.lang.invoke.Invokers$Holder.invoker(java.lang.Object, java.lang.Object, java.lang.Object)'> (0x00000000ff8dabc8) 
thrown [s\src\hotspot\share\interpreter\linkResolver.cpp, line 759]
Event: 1.615 Thread 0x000001ce82a9e5b0 Exception <a 'java/lang/NoSuchMethodError'{0x00000000ff8e3d20}: 'java.lang.Object java.lang.invoke.DirectMethodHandle$Holder.invokeStatic(java.lang.Object, java.lang.Object, int)'> (0x00000000ff8e3d20) 
thrown [s\src\hotspot\share\interpreter\linkResolver.cpp, line 759]
Event: 1.617 Thread 0x000001ce82a9e5b0 Exception <a 'java/lang/NoSuchMethodError'{0x00000000ff8efa10}: 'void java.lang.invoke.DelegatingMethodHandle$Holder.delegate(java.lang.Object, java.lang.Object, int, java.lang.Object)'> (0x00000000ff8efa10) 
thrown [s\src\hotspot\share\interpreter\linkResolver.cpp, line 759]
Event: 1.622 Thread 0x000001ce82a9e5b0 Exception <a 'java/lang/NoSuchMethodError'{0x00000000ff703358}: 'java.lang.Object java.lang.invoke.Invokers$Holder.invokeExact_MT(java.lang.Object, java.lang.Object, java.lang.Object, java.lang.Object)'> (0x00000000ff703358) 
thrown [s\src\hotspot\share\interpreter\linkResolver.cpp, line 759]
Event: 1.635 Thread 0x000001ce82a9e5b0 Exception <a 'java/lang/NoSuchMethodError'{0x00000000ff732378}: 'java.lang.Object java.lang.invoke.DirectMethodHandle$Holder.invokeVirtual(java.lang.Object, java.lang.Object, java.lang.Object)'> (0x00000000ff732378) 
thrown [s\src\hotspot\share\interpreter\linkResolver.cpp, line 759]
Event: 1.806 Thread 0x000001ce82a9e5b0 Exception <a 'java/lang/NoSuchMethodError'{0x00000000ff323d98}: 'java.lang.Object java.lang.invoke.DirectMethodHandle$Holder.newInvokeSpecial(java.lang.Object, java.lang.Object, java.lang.Object, java.lang.Object, java.lang.Object)'> (0x00000000ff323d98) 
thrown [s\src\hotspot\share\interpreter\linkResolver.cpp, line 759]
Event: 1.862 Thread 0x000001ce82a9e5b0 Exception <a 'java/lang/NoSuchMethodError'{0x00000000ff2b7438}: 'void java.lang.invoke.DirectMethodHandle$Holder.invokeSpecial(java.lang.Object, java.lang.Object, java.lang.Object)'> (0x00000000ff2b7438) 
thrown [s\src\hotspot\share\interpreter\linkResolver.cpp, line 759]
Event: 1.866 Thread 0x000001ce82a9e5b0 Implicit null exception at 0x000001ce942e8e0f to 0x000001ce942e939c
Event: 2.334 Thread 0x000001ce82a9e5b0 Exception <a 'java/lang/NoSuchMethodError'{0x00000000ff0d24a8}: 'void java.lang.invoke.DirectMethodHandle$Holder.invokeStatic(java.lang.Object, java.lang.Object, java.lang.Object)'> (0x00000000ff0d24a8) 
thrown [s\src\hotspot\share\interpreter\linkResolver.cpp, line 759]
Event: 2.550 Thread 0x000001ce82a9e5b0 Exception <a 'java/lang/NoSuchMethodError'{0x00000000fe8b3050}: 'java.lang.Object java.lang.invoke.DirectMethodHandle$Holder.invokeStaticInit(java.lang.Object, int, int, int, int)'> (0x00000000fe8b3050) 
thrown [s\src\hotspot\share\interpreter\linkResolver.cpp, line 759]
Event: 2.669 Thread 0x000001ce82a9e5b0 Exception <a 'java/lang/NoSuchMethodError'{0x00000000fe8e6a98}: 'java.lang.Object java.lang.invoke.DirectMethodHandle$Holder.invokeStaticInit(java.lang.Object, java.lang.Object, int, int, int, int)'> (0x00000000fe8e6a98) 
thrown [s\src\hotspot\share\interpreter\linkResolver.cpp, line 759]
Event: 3.129 Thread 0x000001cee3e6aa30 Exception <a 'java/lang/NoSuchMethodError'{0x00000000fdf8ccd8}: 'void java.lang.invoke.DirectMethodHandle$Holder.invokeStatic(java.lang.Object, long)'> (0x00000000fdf8ccd8) 
thrown [s\src\hotspot\share\interpreter\linkResolver.cpp, line 759]
Event: 3.131 Thread 0x000001cee3e6aa30 Exception <a 'java/lang/NoSuchMethodError'{0x00000000fdf92630}: 'java.lang.Object java.lang.invoke.DirectMethodHandle$Holder.newInvokeSpecial(java.lang.Object, long)'> (0x00000000fdf92630) 
thrown [s\src\hotspot\share\interpreter\linkResolver.cpp, line 759]
Event: 3.134 Thread 0x000001cee3e6aa30 Exception <a 'java/lang/NoSuchMethodError'{0x00000000fdf9d1c8}: 'java.lang.Object java.lang.invoke.DirectMethodHandle$Holder.invokeStaticInit(java.lang.Object, java.lang.Object, long, java.lang.Object)'> (0x00000000fdf9d1c8) 
thrown [s\src\hotspot\share\interpreter\linkResolver.cpp, line 759]
Event: 3.139 Thread 0x000001cee3e6aa30 Exception <a 'java/lang/NoSuchMethodError'{0x00000000fdfa3850}: 'java.lang.Object java.lang.invoke.DirectMethodHandle$Holder.newInvokeSpecial(java.lang.Object, java.lang.Object, long)'> (0x00000000fdfa3850) 
thrown [s\src\hotspot\share\interpreter\linkResolver.cpp, line 759]
Event: 3.141 Thread 0x000001cee3e6aa30 Exception <a 'java/lang/NoSuchMethodError'{0x00000000fdfa7b40}: 'java.lang.Object java.lang.invoke.Invokers$Holder.linkToTargetMethod(java.lang.Object, long, java.lang.Object)'> (0x00000000fdfa7b40) 
thrown [s\src\hotspot\share\interpreter\linkResolver.cpp, line 759]

VM Operations (20 events):
Event: 236.396 Executing VM operation: Cleanup
Event: 236.396 Executing VM operation: Cleanup done
Event: 238.409 Executing VM operation: Cleanup
Event: 238.409 Executing VM operation: Cleanup done
Event: 239.417 Executing VM operation: Cleanup
Event: 239.417 Executing VM operation: Cleanup done
Event: 240.593 Executing VM operation: HandshakeAllThreads
Event: 240.593 Executing VM operation: HandshakeAllThreads done
Event: 240.593 Executing VM operation: Cleanup
Event: 240.593 Executing VM operation: Cleanup done
Event: 242.597 Executing VM operation: Cleanup
Event: 242.597 Executing VM operation: Cleanup done
Event: 246.604 Executing VM operation: Cleanup
Event: 246.604 Executing VM operation: Cleanup done
Event: 248.615 Executing VM operation: Cleanup
Event: 248.615 Executing VM operation: Cleanup done
Event: 318.948 Executing VM operation: Cleanup
Event: 318.948 Executing VM operation: Cleanup done
Event: 323.977 Executing VM operation: Cleanup
Event: 323.977 Executing VM operation: Cleanup done

Memory protections (0 events):
No events

Nmethod flushes (0 events):
No events

Events (20 events):
Event: 0.071 Thread 0x000001ce82a9e5b0 Thread added: 0x000001ce84d0d760
Event: 0.071 Thread 0x000001ce82a9e5b0 Thread added: 0x000001ce84d0dd30
Event: 0.071 Thread 0x000001ce82a9e5b0 Thread added: 0x000001ce84d12640
Event: 0.071 Thread 0x000001ce82a9e5b0 Thread added: 0x000001ce84d1a170
Event: 0.072 Thread 0x000001ce82a9e5b0 Thread added: 0x000001ce9de65f30
Event: 0.108 Thread 0x000001ce82a9e5b0 Thread added: 0x000001cee316ceb0
Event: 0.110 Thread 0x000001ce82a9e5b0 Thread added: 0x000001cee3171800
Event: 0.733 Thread 0x000001ce84d1a170 Thread added: 0x000001cee3354210
Event: 1.604 Thread 0x000001cee3354210 Thread exited: 0x000001cee3354210
Event: 1.716 Thread 0x000001ce82a9e5b0 Thread added: 0x000001cee3e23aa0
Event: 2.785 Thread 0x000001ce84d1a170 Thread added: 0x000001cee4082590
Event: 3.115 Thread 0x000001ce82a9e5b0 Thread added: 0x000001cee3e6aa30
Event: 3.146 Thread 0x000001cee3e6aa30 Thread added: 0x000001cee41f1430
Event: 3.150 Thread 0x000001cee3e6aa30 Thread added: 0x000001cee41b2ca0
Event: 3.168 Thread 0x000001cee41f1430 Thread exited: 0x000001cee41f1430
Event: 3.622 Thread 0x000001cee4082590 Thread exited: 0x000001cee4082590
Event: 8.432 Thread 0x000001cee3e6aa30 Thread exited: 0x000001cee3e6aa30
Event: 8.432 Thread 0x000001cee41b2ca0 Thread exited: 0x000001cee41b2ca0
Event: 8.597 Thread 0x000001ce84d1a170 Thread added: 0x000001cee42c08f0
Event: 10.232 Thread 0x000001cee42c08f0 Thread exited: 0x000001cee42c08f0


Dynamic libraries:
0x00007ff6658b0000 - 0x00007ff6658be000 	C:\Program Files\Eclipse Adoptium\jdk-17.0.18.8-hotspot\bin\java.exe
0x00007ffee2d30000 - 0x00007ffee2f28000 	C:\WINDOWS\SYSTEM32\ntdll.dll
0x00007ffee2200000 - 0x00007ffee22c2000 	C:\WINDOWS\System32\KERNEL32.DLL
0x00007ffee0740000 - 0x00007ffee0a36000 	C:\WINDOWS\System32\KERNELBASE.dll
0x00007ffee0c50000 - 0x00007ffee0d50000 	C:\WINDOWS\System32\ucrtbase.dll
0x00007ffeda1d0000 - 0x00007ffeda1e8000 	C:\Program Files\Eclipse Adoptium\jdk-17.0.18.8-hotspot\bin\jli.dll
0x00007ffee1b30000 - 0x00007ffee1cd1000 	C:\WINDOWS\System32\USER32.dll
0x00007ffee0ba0000 - 0x00007ffee0bc2000 	C:\WINDOWS\System32\win32u.dll
0x00007ffee0d50000 - 0x00007ffee0d7b000 	C:\WINDOWS\System32\GDI32.dll
0x00007ffee0580000 - 0x00007ffee0699000 	C:\WINDOWS\System32\gdi32full.dll
0x00007ffee06a0000 - 0x00007ffee073d000 	C:\WINDOWS\System32\msvcp_win.dll
0x00007ffed9040000 - 0x00007ffed905e000 	C:\Program Files\Eclipse Adoptium\jdk-17.0.18.8-hotspot\bin\VCRUNTIME140.dll
0x00007ffed15c0000 - 0x00007ffed185b000 	C:\WINDOWS\WinSxS\amd64_microsoft.windows.common-controls_6595b64144ccf1df_6.0.19041.6456_none_60b8a6cb71f64256\COMCTL32.dll
0x00007ffee22d0000 - 0x00007ffee236e000 	C:\WINDOWS\System32\msvcrt.dll
0x00007ffee1160000 - 0x00007ffee118f000 	C:\WINDOWS\System32\IMM32.DLL
0x00007ffed9620000 - 0x00007ffed962c000 	C:\Program Files\Eclipse Adoptium\jdk-17.0.18.8-hotspot\bin\vcruntime140_1.dll
0x00007ffebfab0000 - 0x00007ffebfb3d000 	C:\Program Files\Eclipse Adoptium\jdk-17.0.18.8-hotspot\bin\msvcp140.dll
0x00007ffe33470000 - 0x00007ffe340db000 	C:\Program Files\Eclipse Adoptium\jdk-17.0.18.8-hotspot\bin\server\jvm.dll
0x00007ffee29a0000 - 0x00007ffee2a51000 	C:\WINDOWS\System32\ADVAPI32.dll
0x00007ffee2af0000 - 0x00007ffee2b8f000 	C:\WINDOWS\System32\sechost.dll
0x00007ffee1030000 - 0x00007ffee1150000 	C:\WINDOWS\System32\RPCRT4.dll
0x00007ffee04c0000 - 0x00007ffee04e7000 	C:\WINDOWS\System32\bcrypt.dll
0x00007ffee26e0000 - 0x00007ffee274b000 	C:\WINDOWS\System32\WS2_32.dll
0x00007ffed1540000 - 0x00007ffed1567000 	C:\WINDOWS\SYSTEM32\WINMM.dll
0x00007ffee0220000 - 0x00007ffee026b000 	C:\WINDOWS\SYSTEM32\POWRPROF.dll
0x00007ffed5fd0000 - 0x00007ffed5fda000 	C:\WINDOWS\SYSTEM32\VERSION.dll
0x00007ffee0200000 - 0x00007ffee0212000 	C:\WINDOWS\SYSTEM32\UMPDC.dll
0x00007ffedebc0000 - 0x00007ffedebd2000 	C:\WINDOWS\SYSTEM32\kernel.appcore.dll
0x00007ffec7290000 - 0x00007ffec729a000 	C:\Program Files\Eclipse Adoptium\jdk-17.0.18.8-hotspot\bin\jimage.dll
0x00007ffed0400000 - 0x00007ffed0601000 	C:\WINDOWS\SYSTEM32\DBGHELP.DLL
0x00007ffec8650000 - 0x00007ffec8684000 	C:\WINDOWS\SYSTEM32\dbgcore.DLL
0x00007ffee04f0000 - 0x00007ffee0572000 	C:\WINDOWS\System32\bcryptPrimitives.dll
0x00007ffec07f0000 - 0x00007ffec0815000 	C:\Program Files\Eclipse Adoptium\jdk-17.0.18.8-hotspot\bin\java.dll
0x00007ffeba0b0000 - 0x00007ffeba187000 	C:\Program Files\Eclipse Adoptium\jdk-17.0.18.8-hotspot\bin\jsvml.dll
0x00007ffee1190000 - 0x00007ffee1900000 	C:\WINDOWS\System32\SHELL32.dll
0x00007ffedd910000 - 0x00007ffede0b5000 	C:\WINDOWS\SYSTEM32\windows.storage.dll
0x00007ffee2380000 - 0x00007ffee26d4000 	C:\WINDOWS\System32\combase.dll
0x00007ffedfca0000 - 0x00007ffedfccb000 	C:\WINDOWS\SYSTEM32\Wldp.dll
0x00007ffee2c20000 - 0x00007ffee2ced000 	C:\WINDOWS\System32\OLEAUT32.dll
0x00007ffee1ce0000 - 0x00007ffee1d8d000 	C:\WINDOWS\System32\SHCORE.dll
0x00007ffee2a90000 - 0x00007ffee2aeb000 	C:\WINDOWS\System32\shlwapi.dll
0x00007ffee02f0000 - 0x00007ffee0314000 	C:\WINDOWS\SYSTEM32\profapi.dll
0x00007ffec07d0000 - 0x00007ffec07ea000 	C:\Program Files\Eclipse Adoptium\jdk-17.0.18.8-hotspot\bin\net.dll
0x00007ffed7260000 - 0x00007ffed736a000 	C:\WINDOWS\SYSTEM32\WINHTTP.dll
0x00007ffedfa80000 - 0x00007ffedfaea000 	C:\WINDOWS\system32\mswsock.dll
0x00007ffec04c0000 - 0x00007ffec04d6000 	C:\Program Files\Eclipse Adoptium\jdk-17.0.18.8-hotspot\bin\nio.dll
0x00007ffec04a0000 - 0x00007ffec04b8000 	C:\Program Files\Eclipse Adoptium\jdk-17.0.18.8-hotspot\bin\zip.dll
0x00007ffec7280000 - 0x00007ffec728a000 	C:\Program Files\Eclipse Adoptium\jdk-17.0.18.8-hotspot\bin\management.dll
0x00007ffec1270000 - 0x00007ffec127c000 	C:\Program Files\Eclipse Adoptium\jdk-17.0.18.8-hotspot\bin\management_ext.dll
0x00007ffee2a60000 - 0x00007ffee2a68000 	C:\WINDOWS\System32\PSAPI.DLL
0x00007ffec1260000 - 0x00007ffec1270000 	C:\Program Files\Eclipse Adoptium\jdk-17.0.18.8-hotspot\bin\verify.dll
0x00007ffed9060000 - 0x00007ffed9087000 	D:\gradle-cache\native\1def1411415f61bf3af743bc5b6707747c0891f09f0c88961ee8f79bc544acac\windows-amd64\native-platform.dll
0x00007ffedb590000 - 0x00007ffedb59a000 	D:\gradle-cache\native\jansi\1.18\windows64\jansi.dll
0x00007ffedf710000 - 0x00007ffedf74b000 	C:\WINDOWS\SYSTEM32\IPHLPAPI.DLL
0x00007ffee1150000 - 0x00007ffee1158000 	C:\WINDOWS\System32\NSI.dll
0x00007ffed56d0000 - 0x00007ffed56e7000 	C:\WINDOWS\SYSTEM32\dhcpcsvc6.DLL
0x00007ffed5620000 - 0x00007ffed563d000 	C:\WINDOWS\SYSTEM32\dhcpcsvc.DLL
0x00007ffedf750000 - 0x00007ffedf81a000 	C:\WINDOWS\SYSTEM32\DNSAPI.dll
0x00007ffec1240000 - 0x00007ffec1249000 	C:\Program Files\Eclipse Adoptium\jdk-17.0.18.8-hotspot\bin\extnet.dll
0x00007ffedfce0000 - 0x00007ffedfcf8000 	C:\WINDOWS\SYSTEM32\CRYPTSP.dll
0x00007ffedf350000 - 0x00007ffedf388000 	C:\WINDOWS\system32\rsaenh.dll
0x00007ffee02b0000 - 0x00007ffee02de000 	C:\WINDOWS\SYSTEM32\USERENV.dll
0x00007ffedfc10000 - 0x00007ffedfc1c000 	C:\WINDOWS\SYSTEM32\CRYPTBASE.dll
0x00007ffed9d90000 - 0x00007ffed9d9e000 	C:\Program Files\Eclipse Adoptium\jdk-17.0.18.8-hotspot\bin\sunmscapi.dll
0x00007ffee0a40000 - 0x00007ffee0b9d000 	C:\WINDOWS\System32\CRYPT32.dll
0x00007ffedfdf0000 - 0x00007ffedfe17000 	C:\WINDOWS\SYSTEM32\ncrypt.dll
0x00007ffedfdb0000 - 0x00007ffedfdeb000 	C:\WINDOWS\SYSTEM32\NTASN1.dll
0x00007ffed9d80000 - 0x00007ffed9d87000 	C:\WINDOWS\system32\wshunix.dll

dbghelp: loaded successfully - version: 4.0.5 - missing functions: none
symbol engine: initialized successfully - sym options: 0x614 - pdb path: .;C:\Program Files\Eclipse Adoptium\jdk-17.0.18.8-hotspot\bin;C:\WINDOWS\SYSTEM32;C:\WINDOWS\WinSxS\amd64_microsoft.windows.common-controls_6595b64144ccf1df_6.0.19041.6456_none_60b8a6cb71f64256;C:\Program Files\Eclipse Adoptium\jdk-17.0.18.8-hotspot\bin\server;D:\gradle-cache\native\1def1411415f61bf3af743bc5b6707747c0891f09f0c88961ee8f79bc544acac\windows-amd64;D:\gradle-cache\native\jansi\1.18\windows64

VM Arguments:
jvm_args: -Xmx64m -Xms64m -Dorg.gradle.appname=gradlew 
java_command: E:\varxus\app\SparkDating\android\\gradle\wrapper\gradle-wrapper.jar app:installDebug -PreactNativeDevServerPort=8081
java_class_path (initial): E:\varxus\app\SparkDating\android\\gradle\wrapper\gradle-wrapper.jar
Launcher Type: SUN_STANDARD

[Global flags]
     intx CICompilerCount                          = 3                                         {product} {ergonomic}
     uint ConcGCThreads                            = 1                                         {product} {ergonomic}
     uint G1ConcRefinementThreads                  = 4                                         {product} {ergonomic}
   size_t G1HeapRegionSize                         = 1048576                                   {product} {ergonomic}
    uintx GCDrainStackTargetSize                   = 64                                        {product} {ergonomic}
   size_t InitialHeapSize                          = 67108864                                  {product} {command line}
   size_t MarkStackSize                            = 4194304                                   {product} {ergonomic}
   size_t MaxHeapSize                              = 67108864                                  {product} {command line}
   size_t MaxNewSize                               = 39845888                                  {product} {ergonomic}
   size_t MinHeapDeltaBytes                        = 1048576                                   {product} {ergonomic}
   size_t MinHeapSize                              = 67108864                                  {product} {command line}
    uintx NonNMethodCodeHeapSize                   = 5832780                                {pd product} {ergonomic}
    uintx NonProfiledCodeHeapSize                  = 122912730                              {pd product} {ergonomic}
    uintx ProfiledCodeHeapSize                     = 122912730                              {pd product} {ergonomic}
    uintx ReservedCodeCacheSize                    = 251658240                              {pd product} {ergonomic}
     bool SegmentedCodeCache                       = true                                      {product} {ergonomic}
   size_t SoftMaxHeapSize                          = 67108864                               {manageable} {ergonomic}
     bool UseCompressedClassPointers               = true                           {product lp64_product} {ergonomic}
     bool UseCompressedOops                        = true                           {product lp64_product} {ergonomic}
     bool UseG1GC                                  = true                                      {product} {ergonomic}
     bool UseLargePagesIndividualAllocation        = false                                  {pd product} {ergonomic}

Logging:
Log output configuration:
 #0: stdout all=warning uptime,level,tags
 #1: stderr all=off uptime,level,tags

Environment Variables:
JAVA_HOME=C:\Program Files\Eclipse Adoptium\jdk-17.0.18.8-hotspot
PATH=E:\varxus\app\SparkDating\node_modules\.bin;E:\varxus\app\SparkDating\android\node_modules\.bin;E:\varxus\app\SparkDating\node_modules\.bin;E:\varxus\app\node_modules\.bin;E:\varxus\node_modules\.bin;E:\node_modules\.bin;C:\Users\Sajeel Ahmad\AppData\Roaming\npm\node_modules\npm\node_modules\@npmcli\run-script\lib\node-gyp-bin;C:\Program Files\Eclipse Adoptium\jdk-17.0.18.8-hotspot\bin;C:\Users\Sajeel Ahmad\AppData\Roaming\npm;C:\Program Files\nodejs\;C:\Users\Sajeel Ahmad\AppData\Roaming\npm;C:\Program Files\nodejs\;C:\Users\Sajeel Ahmad\AppData\Roaming\npm;C:\Program Files\nodejs\;C:\Program Files\Java\jdk-26\bin;D:\Android\Sdk\platform-tools;D:\Android\Sdk\emulator;C:\WINDOWS\system32;C:\WINDOWS;C:\WINDOWS\System32\Wbem;C:\WINDOWS\System32\WindowsPowerShell\v1.0\;C:\WINDOWS\System32\OpenSSH\;C:\Program Files\Git\cmd;C:\Program Files\PostgreSQL\16\bin;C:\Program Files\dotnet\;C:\Program Files\nodejs\;C:\Program Files\PuTTY\;C:\Users\Sajeel Ahmad\AppData\Local\Microsoft\WindowsApps;C:\Users\Sajeel Ahmad\AppData\Local\Programs\Microsoft VS Code\bin;C:\Users\Sajeel Ahmad\AppData\Roaming\npm;C:\Users\Sajeel Ahmad\AppData\Local\Programs\cursor\resources\app\bin;C:\Program Files\Java\jdk-17\bin;D:\Android\Sdk\platform-tools;D:\Android\Sdk\emulator;C:\Users\Sajeel Ahmad\AppData\Local\Microsoft\WindowsApps;;C:\Users\Sajeel Ahmad\AppData\Local\Programs\Microsoft VS Code\bin;C:\Users\Sajeel Ahmad\AppData\Roaming\npm
USERNAME=Sajeel Ahmad
OS=Windows_NT
PROCESSOR_IDENTIFIER=Intel64 Family 6 Model 78 Stepping 3, GenuineIntel
TMP=C:\Users\SAJEEL~1\AppData\Local\Temp
TEMP=C:\Users\SAJEEL~1\AppData\Local\Temp



Periodic native trim disabled


---------------  S Y S T E M  ---------------

OS:
 Windows 10 , 64 bit Build 19041 (10.0.19041.5915)
OS uptime: 2 days 5:06 hours
Hyper-V role detected

CPU: total 4 (initial active 4) (2 cores per cpu, 2 threads per core) family 6 model 78 stepping 3 microcode 0xcc, cx8, cmov, fxsr, ht, mmx, 3dnowpref, sse, sse2, sse3, ssse3, sse4.1, sse4.2, popcnt, lzcnt, tsc, tscinvbit, avx, avx2, aes, erms, clmul, bmi1, bmi2, rtm, adx, fma, vzeroupper, clflush, clflushopt, hv
Processor Information for all 4 processors :
  Max Mhz: 2496, Current Mhz: 798, Mhz Limit: 798

Memory: 4k page, system-wide physical 8058M (960M free)
TotalPageFile size 15273M (AvailPageFile size 629M)
current process WorkingSet (physical memory assigned to process): 38M, peak: 111M
current process commit charge ("private bytes"): 160M, peak: 172M

vm_info: OpenJDK 64-Bit Server VM (17.0.18+8) for windows-amd64 JRE (17.0.18+8), built on Jan 20 2026 22:28:22 by "admin" with MS VC++ 17.12 (VS2022)

END.
