#
# There is insufficient memory for the Java Runtime Environment to continue.
# Native memory allocation (malloc) failed to allocate 32744 bytes. Error detail: ChunkPool::allocate
# Possible reasons:
#   The system is out of physical RAM or swap space
#   This process is running with CompressedOops enabled, and the Java Heap may be blocking the growth of the native heap
# Possible solutions:
#   Reduce memory load on the system
#   Increase physical memory or swap space
#   Check if swap backing store is full
#   Decrease Java heap size (-Xmx/-Xms)
#   Decrease number of Java threads
#   Decrease Java thread stack sizes (-Xss)
#   Set larger code cache with -XX:ReservedCodeCacheSize=
#   JVM is running with Unscaled Compressed Oops mode in which the Java heap is
#     placed in the first 4GB address space. The Java Heap base address is the
#     maximum limit for the native heap growth. Please use -XX:HeapBaseMinAddress
#     to set the Java Heap base and to place the Java Heap above 4GB virtual address.
# This output file may be truncated or incomplete.
#
#  Out of Memory Error (arena.cpp:79), pid=4592, tid=10480
#
# JRE version: OpenJDK Runtime Environment Temurin-17.0.18+8 (17.0.18+8) (build 17.0.18+8)
# Java VM: OpenJDK 64-Bit Server VM Temurin-17.0.18+8 (17.0.18+8, mixed mode, sharing, tiered, compressed oops, compressed class ptrs, g1 gc, windows-amd64)
# No core dump will be written. Minidumps are not enabled by default on client versions of Windows
#

---------------  S U M M A R Y ------------

Command Line: -Xmx64m -Xms64m -Dorg.gradle.appname=gradlew E:\varxus\app\SparkDating\android\\gradle\wrapper\gradle-wrapper.jar app:installDebug -PreactNativeDevServerPort=8081

Host: Intel(R) Core(TM) i5-6300U CPU @ 2.40GHz, 4 cores, 7G,  Windows 10 , 64 bit Build 19041 (10.0.19041.5915)
Time: Mon Mar 23 06:06:00 2026 Pakistan Standard Time elapsed time: 270.408789 seconds (0d 0h 4m 30s)

---------------  T H R E A D  ---------------

Current thread (0x0000025076a6da90):  JavaThread "C2 CompilerThread0" daemon [_thread_in_native, id=10480, stack(0x000000a03fc00000,0x000000a03fd00000)]


Current CompileTask:
C2:270408 1975       4       org.gradle.internal.logging.console.DefaultWorkInProgressFormatter::format (102 bytes)

Stack: [0x000000a03fc00000,0x000000a03fd00000]
Native frames: (J=compiled Java code, j=interpreted, Vv=VM code, C=native code)
V  [jvm.dll+0x6846f9]
V  [jvm.dll+0x839ea5]
V  [jvm.dll+0x83b91e]
V  [jvm.dll+0x83bfa3]
V  [jvm.dll+0x248eff]
V  [jvm.dll+0xad69e]
V  [jvm.dll+0xadb3c]
V  [jvm.dll+0xad5a4]
V  [jvm.dll+0x824c2c]
V  [jvm.dll+0x2217a3]
V  [jvm.dll+0x6a7c41]
V  [jvm.dll+0x218f39]
V  [jvm.dll+0x1a4920]
V  [jvm.dll+0x22989a]
V  [jvm.dll+0x227a4b]
V  [jvm.dll+0x7f0658]
V  [jvm.dll+0x7eaaec]
V  [jvm.dll+0x6835c7]
C  [ucrtbase.dll+0x21bb2]
C  [KERNEL32.DLL+0x17374]
C  [ntdll.dll+0x4cc91]


---------------  P R O C E S S  ---------------

Threads class SMR info:
_java_thread_list=0x000002507be45280, length=13, elements={
0x000002505b8ce5f0, 0x0000025076a4f280, 0x0000025076a50fb0, 0x0000025076a68fa0,
0x0000025076a6b970, 0x0000025076a6c330, 0x0000025076a6ccf0, 0x0000025076a6da90,
0x0000025076adad90, 0x0000025076ae3390, 0x000002507b04e610, 0x000002507b050f50,
0x000002507bc3c020
}

Java Threads: ( => current thread )
  0x000002505b8ce5f0 JavaThread "main" [_thread_blocked, id=2212, stack(0x000000a03ef00000,0x000000a03f000000)]
  0x0000025076a4f280 JavaThread "Reference Handler" daemon [_thread_blocked, id=9032, stack(0x000000a03f600000,0x000000a03f700000)]
  0x0000025076a50fb0 JavaThread "Finalizer" daemon [_thread_blocked, id=3052, stack(0x000000a03f700000,0x000000a03f800000)]
  0x0000025076a68fa0 JavaThread "Signal Dispatcher" daemon [_thread_blocked, id=9332, stack(0x000000a03f800000,0x000000a03f900000)]
  0x0000025076a6b970 JavaThread "Attach Listener" daemon [_thread_blocked, id=17784, stack(0x000000a03f900000,0x000000a03fa00000)]
  0x0000025076a6c330 JavaThread "Service Thread" daemon [_thread_blocked, id=13628, stack(0x000000a03fa00000,0x000000a03fb00000)]
  0x0000025076a6ccf0 JavaThread "Monitor Deflation Thread" daemon [_thread_blocked, id=15072, stack(0x000000a03fb00000,0x000000a03fc00000)]
=>0x0000025076a6da90 JavaThread "C2 CompilerThread0" daemon [_thread_in_native, id=10480, stack(0x000000a03fc00000,0x000000a03fd00000)]
  0x0000025076adad90 JavaThread "C1 CompilerThread0" daemon [_thread_blocked, id=16424, stack(0x000000a03fd00000,0x000000a03fe00000)]
  0x0000025076ae3390 JavaThread "Sweeper thread" daemon [_thread_blocked, id=9760, stack(0x000000a03fe00000,0x000000a03ff00000)]
  0x000002507b04e610 JavaThread "Notification Thread" daemon [_thread_blocked, id=13936, stack(0x000000a03ff00000,0x000000a040000000)]
  0x000002507b050f50 JavaThread "Common-Cleaner" daemon [_thread_blocked, id=10688, stack(0x000000a040100000,0x000000a040200000)]
  0x000002507bc3c020 JavaThread "pool-1-thread-1" [_thread_blocked, id=18308, stack(0x000000a040500000,0x000000a040600000)]

Other Threads:
  0x0000025076a49310 VMThread "VM Thread" [stack: 0x000000a03f500000,0x000000a03f600000] [id=18004]
  0x000002507b04eaf0 WatcherThread [stack: 0x000000a040000000,0x000000a040100000] [id=14688]
  0x000002505d8cd9f0 GCTaskThread "GC Thread#0" [stack: 0x000000a03f000000,0x000000a03f100000] [id=11924]
  0x000002507b376f50 GCTaskThread "GC Thread#1" [stack: 0x000000a040200000,0x000000a040300000] [id=10644]
  0x000002507b377390 GCTaskThread "GC Thread#2" [stack: 0x000000a040300000,0x000000a040400000] [id=9224]
  0x000002507b377650 GCTaskThread "GC Thread#3" [stack: 0x000000a040400000,0x000000a040500000] [id=9228]
  0x000002505d8d0150 ConcurrentGCThread "G1 Main Marker" [stack: 0x000000a03f100000,0x000000a03f200000] [id=12368]
  0x000002505d8d0b70 ConcurrentGCThread "G1 Conc#0" [stack: 0x000000a03f200000,0x000000a03f300000] [id=6128]
  0x000002505d922fb0 ConcurrentGCThread "G1 Refine#0" [stack: 0x000000a03f300000,0x000000a03f400000] [id=6708]
  0x000002507bc4c4f0 ConcurrentGCThread "G1 Refine#1" [stack: 0x000000a040600000,0x000000a040700000] [id=17596]
  0x000002505d9239e0 ConcurrentGCThread "G1 Service" [stack: 0x000000a03f400000,0x000000a03f500000] [id=15740]

Threads with active compile tasks:
C2 CompilerThread0  270586 1975       4       org.gradle.internal.logging.console.DefaultWorkInProgressFormatter::format (102 bytes)

VM state: at safepoint (normal execution)

VM Mutex/Monitor currently owned by a thread:  ([mutex/lock_event])
[0x000002505b8cd800] Threads_lock - owner thread: 0x0000025076a49310
[0x000002505b8cd890] Heap_lock - owner thread: 0x000002507bc3c020

Heap address: 0x00000000fc000000, size: 64 MB, Compressed Oops mode: 32-bit

CDS archive(s) mapped at: [0x0000025000000000-0x0000025000bb0000-0x0000025000bb0000), size 12255232, SharedBaseAddress: 0x0000025000000000, ArchiveRelocationMode: 1.
Compressed class space mapped at: 0x0000025001000000-0x0000025041000000, reserved size: 1073741824
Narrow klass base: 0x0000025000000000, Narrow klass shift: 0, Narrow klass range: 0x100000000

GC Precious Log:
 CPUs: 4 total, 4 available
 Memory: 8058M
 Large Page Support: Disabled
 NUMA Support: Disabled
 Compressed Oops: Enabled (32-bit)
 Heap Region Size: 1M
 Heap Min Capacity: 64M
 Heap Initial Capacity: 64M
 Heap Max Capacity: 64M
 Pre-touch: Disabled
 Parallel Workers: 4
 Concurrent Workers: 1
 Concurrent Refinement Workers: 4
 Periodic GC: Disabled

Heap:
 garbage-first heap   total 65536K, used 45253K [0x00000000fc000000, 0x0000000100000000)
  region size 1024K, 37 young (37888K), 2 survivors (2048K)
 Metaspace       used 10421K, committed 10560K, reserved 1114112K
  class space    used 1339K, committed 1408K, reserved 1048576K

Heap Regions: E=young(eden), S=young(survivor), O=old, HS=humongous(starts), HC=humongous(continues), CS=collection set, F=free, OA=open archive, CA=closed archive, TAMS=top-at-mark-start (previous, next)
|   0|0x00000000fc000000, 0x00000000fc100000, 0x00000000fc100000|100%|HS|  |TAMS 0x00000000fc000000, 0x00000000fc000000| Complete 
|   1|0x00000000fc100000, 0x00000000fc200000, 0x00000000fc200000|100%|HC|  |TAMS 0x00000000fc100000, 0x00000000fc100000| Complete 
|   2|0x00000000fc200000, 0x00000000fc300000, 0x00000000fc300000|100%|HC|  |TAMS 0x00000000fc200000, 0x00000000fc200000| Complete 
|   3|0x00000000fc300000, 0x00000000fc400000, 0x00000000fc400000|100%| O|  |TAMS 0x00000000fc300000, 0x00000000fc300000| Untracked 
|   4|0x00000000fc400000, 0x00000000fc500000, 0x00000000fc500000|100%| O|  |TAMS 0x00000000fc400000, 0x00000000fc400000| Untracked 
|   5|0x00000000fc500000, 0x00000000fc600000, 0x00000000fc600000|100%| O|  |TAMS 0x00000000fc500000, 0x00000000fc500000| Untracked 
|   6|0x00000000fc600000, 0x00000000fc700000, 0x00000000fc700000|100%| O|  |TAMS 0x00000000fc600000, 0x00000000fc600000| Untracked 
|   7|0x00000000fc700000, 0x00000000fc800000, 0x00000000fc800000|100%| O|  |TAMS 0x00000000fc700000, 0x00000000fc700000| Untracked 
|   8|0x00000000fc800000, 0x00000000fc900000, 0x00000000fc900000|100%| O|  |TAMS 0x00000000fc800000, 0x00000000fc800000| Untracked 
|   9|0x00000000fc900000, 0x00000000fc9379c8, 0x00000000fca00000| 21%| O|  |TAMS 0x00000000fc900000, 0x00000000fc900000| Untracked 
|  10|0x00000000fca00000, 0x00000000fca00000, 0x00000000fcb00000|  0%| F|  |TAMS 0x00000000fca00000, 0x00000000fca00000| Untracked 
|  11|0x00000000fcb00000, 0x00000000fcb00000, 0x00000000fcc00000|  0%| F|  |TAMS 0x00000000fcb00000, 0x00000000fcb00000| Untracked 
|  12|0x00000000fcc00000, 0x00000000fcc00000, 0x00000000fcd00000|  0%| F|  |TAMS 0x00000000fcc00000, 0x00000000fcc00000| Untracked 
|  13|0x00000000fcd00000, 0x00000000fcd00000, 0x00000000fce00000|  0%| F|  |TAMS 0x00000000fcd00000, 0x00000000fcd00000| Untracked 
|  14|0x00000000fce00000, 0x00000000fce00000, 0x00000000fcf00000|  0%| F|  |TAMS 0x00000000fce00000, 0x00000000fce00000| Untracked 
|  15|0x00000000fcf00000, 0x00000000fcf00000, 0x00000000fd000000|  0%| F|  |TAMS 0x00000000fcf00000, 0x00000000fcf00000| Untracked 
|  16|0x00000000fd000000, 0x00000000fd000000, 0x00000000fd100000|  0%| F|  |TAMS 0x00000000fd000000, 0x00000000fd000000| Untracked 
|  17|0x00000000fd100000, 0x00000000fd100000, 0x00000000fd200000|  0%| F|  |TAMS 0x00000000fd100000, 0x00000000fd100000| Untracked 
|  18|0x00000000fd200000, 0x00000000fd200000, 0x00000000fd300000|  0%| F|  |TAMS 0x00000000fd200000, 0x00000000fd200000| Untracked 
|  19|0x00000000fd300000, 0x00000000fd300000, 0x00000000fd400000|  0%| F|  |TAMS 0x00000000fd300000, 0x00000000fd300000| Untracked 
|  20|0x00000000fd400000, 0x00000000fd400000, 0x00000000fd500000|  0%| F|  |TAMS 0x00000000fd400000, 0x00000000fd400000| Untracked 
|  21|0x00000000fd500000, 0x00000000fd500000, 0x00000000fd600000|  0%| F|  |TAMS 0x00000000fd500000, 0x00000000fd500000| Untracked 
|  22|0x00000000fd600000, 0x00000000fd600000, 0x00000000fd700000|  0%| F|  |TAMS 0x00000000fd600000, 0x00000000fd600000| Untracked 
|  23|0x00000000fd700000, 0x00000000fd700000, 0x00000000fd800000|  0%| F|  |TAMS 0x00000000fd700000, 0x00000000fd700000| Untracked 
|  24|0x00000000fd800000, 0x00000000fd8d2e40, 0x00000000fd900000| 82%| S|  |TAMS 0x00000000fd800000, 0x00000000fd800000| Complete 
|  25|0x00000000fd900000, 0x00000000fda00000, 0x00000000fda00000|100%| S|  |TAMS 0x00000000fd900000, 0x00000000fd900000| Complete 
|  26|0x00000000fda00000, 0x00000000fdb00000, 0x00000000fdb00000|100%| E|CS|TAMS 0x00000000fda00000, 0x00000000fda00000| Complete 
|  27|0x00000000fdb00000, 0x00000000fdc00000, 0x00000000fdc00000|100%| E|CS|TAMS 0x00000000fdb00000, 0x00000000fdb00000| Complete 
|  28|0x00000000fdc00000, 0x00000000fdd00000, 0x00000000fdd00000|100%| E|CS|TAMS 0x00000000fdc00000, 0x00000000fdc00000| Complete 
|  29|0x00000000fdd00000, 0x00000000fde00000, 0x00000000fde00000|100%| E|CS|TAMS 0x00000000fdd00000, 0x00000000fdd00000| Complete 
|  30|0x00000000fde00000, 0x00000000fdf00000, 0x00000000fdf00000|100%| E|CS|TAMS 0x00000000fde00000, 0x00000000fde00000| Complete 
|  31|0x00000000fdf00000, 0x00000000fe000000, 0x00000000fe000000|100%| E|CS|TAMS 0x00000000fdf00000, 0x00000000fdf00000| Complete 
|  32|0x00000000fe000000, 0x00000000fe100000, 0x00000000fe100000|100%| E|CS|TAMS 0x00000000fe000000, 0x00000000fe000000| Complete 
|  33|0x00000000fe100000, 0x00000000fe200000, 0x00000000fe200000|100%| E|CS|TAMS 0x00000000fe100000, 0x00000000fe100000| Complete 
|  34|0x00000000fe200000, 0x00000000fe300000, 0x00000000fe300000|100%| E|CS|TAMS 0x00000000fe200000, 0x00000000fe200000| Complete 
|  35|0x00000000fe300000, 0x00000000fe400000, 0x00000000fe400000|100%| E|CS|TAMS 0x00000000fe300000, 0x00000000fe300000| Complete 
|  36|0x00000000fe400000, 0x00000000fe500000, 0x00000000fe500000|100%| E|CS|TAMS 0x00000000fe400000, 0x00000000fe400000| Complete 
|  37|0x00000000fe500000, 0x00000000fe600000, 0x00000000fe600000|100%| E|CS|TAMS 0x00000000fe500000, 0x00000000fe500000| Complete 
|  38|0x00000000fe600000, 0x00000000fe700000, 0x00000000fe700000|100%| E|CS|TAMS 0x00000000fe600000, 0x00000000fe600000| Complete 
|  39|0x00000000fe700000, 0x00000000fe800000, 0x00000000fe800000|100%| E|CS|TAMS 0x00000000fe700000, 0x00000000fe700000| Complete 
|  40|0x00000000fe800000, 0x00000000fe900000, 0x00000000fe900000|100%| E|CS|TAMS 0x00000000fe800000, 0x00000000fe800000| Complete 
|  41|0x00000000fe900000, 0x00000000fea00000, 0x00000000fea00000|100%| E|CS|TAMS 0x00000000fe900000, 0x00000000fe900000| Complete 
|  42|0x00000000fea00000, 0x00000000feb00000, 0x00000000feb00000|100%| E|CS|TAMS 0x00000000fea00000, 0x00000000fea00000| Complete 
|  43|0x00000000feb00000, 0x00000000fec00000, 0x00000000fec00000|100%| E|CS|TAMS 0x00000000feb00000, 0x00000000feb00000| Complete 
|  44|0x00000000fec00000, 0x00000000fed00000, 0x00000000fed00000|100%| E|CS|TAMS 0x00000000fec00000, 0x00000000fec00000| Complete 
|  45|0x00000000fed00000, 0x00000000fee00000, 0x00000000fee00000|100%| E|CS|TAMS 0x00000000fed00000, 0x00000000fed00000| Complete 
|  46|0x00000000fee00000, 0x00000000fef00000, 0x00000000fef00000|100%| E|CS|TAMS 0x00000000fee00000, 0x00000000fee00000| Complete 
|  47|0x00000000fef00000, 0x00000000ff000000, 0x00000000ff000000|100%| E|CS|TAMS 0x00000000fef00000, 0x00000000fef00000| Complete 
|  48|0x00000000ff000000, 0x00000000ff100000, 0x00000000ff100000|100%| E|CS|TAMS 0x00000000ff000000, 0x00000000ff000000| Complete 
|  49|0x00000000ff100000, 0x00000000ff200000, 0x00000000ff200000|100%| E|CS|TAMS 0x00000000ff100000, 0x00000000ff100000| Complete 
|  50|0x00000000ff200000, 0x00000000ff300000, 0x00000000ff300000|100%| E|CS|TAMS 0x00000000ff200000, 0x00000000ff200000| Complete 
|  51|0x00000000ff300000, 0x00000000ff400000, 0x00000000ff400000|100%| E|CS|TAMS 0x00000000ff300000, 0x00000000ff300000| Complete 
|  52|0x00000000ff400000, 0x00000000ff500000, 0x00000000ff500000|100%| E|CS|TAMS 0x00000000ff400000, 0x00000000ff400000| Complete 
|  53|0x00000000ff500000, 0x00000000ff600000, 0x00000000ff600000|100%| E|CS|TAMS 0x00000000ff500000, 0x00000000ff500000| Complete 
|  54|0x00000000ff600000, 0x00000000ff700000, 0x00000000ff700000|100%| E|CS|TAMS 0x00000000ff600000, 0x00000000ff600000| Complete 
|  55|0x00000000ff700000, 0x00000000ff800000, 0x00000000ff800000|100%| E|CS|TAMS 0x00000000ff700000, 0x00000000ff700000| Complete 
|  56|0x00000000ff800000, 0x00000000ff900000, 0x00000000ff900000|100%| E|CS|TAMS 0x00000000ff800000, 0x00000000ff800000| Complete 
|  57|0x00000000ff900000, 0x00000000ffa00000, 0x00000000ffa00000|100%| E|CS|TAMS 0x00000000ff900000, 0x00000000ff900000| Complete 
|  58|0x00000000ffa00000, 0x00000000ffb00000, 0x00000000ffb00000|100%| E|CS|TAMS 0x00000000ffa00000, 0x00000000ffa00000| Complete 
|  59|0x00000000ffb00000, 0x00000000ffc00000, 0x00000000ffc00000|100%| E|CS|TAMS 0x00000000ffb00000, 0x00000000ffb00000| Complete 
|  60|0x00000000ffc00000, 0x00000000ffd00000, 0x00000000ffd00000|100%| E|CS|TAMS 0x00000000ffc00000, 0x00000000ffc00000| Complete 
|  61|0x00000000ffd00000, 0x00000000ffe00000, 0x00000000ffe00000|100%| E|CS|TAMS 0x00000000ffd00000, 0x00000000ffd00000| Complete 
|  62|0x00000000ffe00000, 0x00000000fff00000, 0x00000000fff00000|100%| E|CS|TAMS 0x00000000ffe00000, 0x00000000ffe00000| Complete 
|  63|0x00000000fff00000, 0x0000000100000000, 0x0000000100000000|100%| E|CS|TAMS 0x00000000fff00000, 0x00000000fff00000| Complete 

Card table byte_map: [0x000002505d6b0000,0x000002505d6d0000] _byte_map_base: 0x000002505ced0000

Marking Bits (Prev, Next): (CMBitMap*) 0x000002505d8cf020, (CMBitMap*) 0x000002505d8cf060
 Prev Bits: [0x000002505d6f0000, 0x000002505d7f0000)
 Next Bits: [0x0000025074420000, 0x0000025074520000)

Polling page: 0x000002505b7a0000

Metaspace:

Usage:
  Non-class:      8.87 MB used.
      Class:      1.31 MB used.
       Both:     10.18 MB used.

Virtual space:
  Non-class space:       64.00 MB reserved,       8.94 MB ( 14%) committed,  1 nodes.
      Class space:        1.00 GB reserved,       1.38 MB ( <1%) committed,  1 nodes.
             Both:        1.06 GB reserved,      10.31 MB ( <1%) committed. 

Chunk freelists:
   Non-Class:  6.26 MB
       Class:  14.58 MB
        Both:  20.83 MB

MaxMetaspaceSize: unlimited
CompressedClassSpaceSize: 1.00 GB
Initial GC threshold: 21.00 MB
Current GC threshold: 21.00 MB
CDS: on
MetaspaceReclaimPolicy: balanced
 - commit_granule_bytes: 65536.
 - commit_granule_words: 8192.
 - virtual_space_node_default_size: 8388608.
 - enlarge_chunks_in_place: 1.
 - new_chunks_are_fully_committed: 0.
 - uncommit_free_chunks: 1.
 - use_allocation_guard: 0.
 - handle_deallocations: 1.


Internal statistics:

num_allocs_failed_limit: 0.
num_arena_births: 84.
num_arena_deaths: 0.
num_vsnodes_births: 2.
num_vsnodes_deaths: 0.
num_space_committed: 165.
num_space_uncommitted: 0.
num_chunks_returned_to_freelist: 0.
num_chunks_taken_from_freelist: 358.
num_chunk_merges: 0.
num_chunk_splits: 238.
num_chunks_enlarged: 201.
num_inconsistent_stats: 0.

CodeHeap 'non-profiled nmethods': size=120000Kb used=800Kb max_used=800Kb free=119199Kb
 bounds [0x000002506cef0000, 0x000002506d160000, 0x0000025074420000]
CodeHeap 'profiled nmethods': size=120000Kb used=3720Kb max_used=3720Kb free=116280Kb
 bounds [0x0000025065420000, 0x00000250657d0000, 0x000002506c950000]
CodeHeap 'non-nmethods': size=5760Kb used=1181Kb max_used=1206Kb free=4578Kb
 bounds [0x000002506c950000, 0x000002506cbc0000, 0x000002506cef0000]
 total_blobs=2454 nmethods=1974 adapters=393
 compilation: enabled
              stopped_count=0, restarted_count=0
 full_count=0

Compilation events (20 events):
Event: 249.274 Thread 0x0000025076adad90 nmethod 1965 0x00000250657bcd10 code [0x00000250657bcea0, 0x00000250657bcfb8]
Event: 249.688 Thread 0x0000025076adad90 1966       3       org.gradle.internal.logging.text.AbstractLineChoppingStyledTextOutput$1::execute (140 bytes)
Event: 249.690 Thread 0x0000025076adad90 nmethod 1966 0x00000250657bd090 code [0x00000250657bd3c0, 0x00000250657be458]
Event: 249.690 Thread 0x0000025076adad90 1967       3       org.gradle.internal.logging.text.AbstractLineChoppingStyledTextOutput$2::execute (77 bytes)
Event: 249.691 Thread 0x0000025076adad90 nmethod 1967 0x00000250657beb10 code [0x00000250657bedc0, 0x00000250657bf8a8]
Event: 252.096 Thread 0x0000025076a6da90 1968       4       org.gradle.internal.logging.text.AbstractLineChoppingStyledTextOutput$StateContext::isCurrentCharEquals (70 bytes)
Event: 252.099 Thread 0x0000025076a6da90 nmethod 1968 0x000002506cfb6d10 code [0x000002506cfb6ea0, 0x000002506cfb7008]
Event: 254.291 Thread 0x0000025076a6da90 1969       4       java.util.concurrent.locks.AbstractQueuedSynchronizer::signalNext (34 bytes)
Event: 254.293 Thread 0x0000025076a6da90 nmethod 1969 0x000002506cfb7190 code [0x000002506cfb7320, 0x000002506cfb7408]
Event: 270.108 Thread 0x0000025076adad90 1970       3       java.nio.HeapCharBuffer::<init> (23 bytes)
Event: 270.109 Thread 0x0000025076adad90 nmethod 1970 0x00000250657bfd10 code [0x00000250657bfec0, 0x00000250657c0048]
Event: 270.156 Thread 0x0000025076adad90 1971   !   3       java.nio.charset.CharsetEncoder::encode (273 bytes)
Event: 270.159 Thread 0x0000025076adad90 nmethod 1971 0x00000250657c0110 code [0x00000250657c0440, 0x00000250657c18d8]
Event: 270.244 Thread 0x0000025076a6da90 1972       4       java.util.AbstractList::listIterator (6 bytes)
Event: 270.248 Thread 0x0000025076a6da90 nmethod 1972 0x000002506cfb7510 code [0x000002506cfb76c0, 0x000002506cfb78a8]
Event: 270.251 Thread 0x0000025076a6da90 1973       4       java.util.Collections$SingletonList::get (41 bytes)
Event: 270.252 Thread 0x0000025076a6da90 nmethod 1973 0x000002506cfb7a90 code [0x000002506cfb7c20, 0x000002506cfb7cb8]
Event: 270.255 Thread 0x0000025076a6da90 1974       4       java.util.concurrent.ThreadPoolExecutor::runStateAtLeast (11 bytes)
Event: 270.256 Thread 0x0000025076a6da90 nmethod 1974 0x000002506cfb7d90 code [0x000002506cfb7f00, 0x000002506cfb7f78]
Event: 270.290 Thread 0x0000025076a6da90 1975       4       org.gradle.internal.logging.console.DefaultWorkInProgressFormatter::format (102 bytes)

GC Heap History (4 events):
Event: 0.646 GC heap before
{Heap before GC invocations=0 (full 0):
 garbage-first heap   total 65536K, used 12288K [0x00000000fc000000, 0x0000000100000000)
  region size 1024K, 13 young (13312K), 0 survivors (0K)
 Metaspace       used 1657K, committed 1792K, reserved 1114112K
  class space    used 157K, committed 192K, reserved 1048576K
}
Event: 0.655 GC heap after
{Heap after GC invocations=1 (full 0):
 garbage-first heap   total 65536K, used 1536K [0x00000000fc000000, 0x0000000100000000)
  region size 1024K, 2 young (2048K), 2 survivors (2048K)
 Metaspace       used 1657K, committed 1792K, reserved 1114112K
  class space    used 157K, committed 192K, reserved 1048576K
}
Event: 1.730 GC heap before
{Heap before GC invocations=1 (full 0):
 garbage-first heap   total 65536K, used 22016K [0x00000000fc000000, 0x0000000100000000)
  region size 1024K, 20 young (20480K), 2 survivors (2048K)
 Metaspace       used 2401K, committed 2560K, reserved 1114112K
  class space    used 242K, committed 320K, reserved 1048576K
}
Event: 1.739 GC heap after
{Heap after GC invocations=2 (full 0):
 garbage-first heap   total 65536K, used 9413K [0x00000000fc000000, 0x0000000100000000)
  region size 1024K, 3 young (3072K), 3 survivors (3072K)
 Metaspace       used 2401K, committed 2560K, reserved 1114112K
  class space    used 242K, committed 320K, reserved 1048576K
}

Dll operation events (13 events):
Event: 0.014 Loaded shared library C:\Program Files\Eclipse Adoptium\jdk-17.0.18.8-hotspot\bin\java.dll
Event: 0.054 Loaded shared library C:\Program Files\Eclipse Adoptium\jdk-17.0.18.8-hotspot\bin\jsvml.dll
Event: 0.201 Loaded shared library C:\Program Files\Eclipse Adoptium\jdk-17.0.18.8-hotspot\bin\net.dll
Event: 0.208 Loaded shared library C:\Program Files\Eclipse Adoptium\jdk-17.0.18.8-hotspot\bin\nio.dll
Event: 0.216 Loaded shared library C:\Program Files\Eclipse Adoptium\jdk-17.0.18.8-hotspot\bin\zip.dll
Event: 0.794 Loaded shared library C:\Program Files\Eclipse Adoptium\jdk-17.0.18.8-hotspot\bin\jimage.dll
Event: 2.169 Loaded shared library C:\Program Files\Eclipse Adoptium\jdk-17.0.18.8-hotspot\bin\management.dll
Event: 2.184 Loaded shared library C:\Program Files\Eclipse Adoptium\jdk-17.0.18.8-hotspot\bin\management_ext.dll
Event: 2.340 Loaded shared library C:\Program Files\Eclipse Adoptium\jdk-17.0.18.8-hotspot\bin\verify.dll
Event: 2.364 Loaded shared library D:\gradle-cache\native\1def1411415f61bf3af743bc5b6707747c0891f09f0c88961ee8f79bc544acac\windows-amd64\native-platform.dll
Event: 2.513 Loaded shared library D:\gradle-cache\native\jansi\1.18\windows64\jansi.dll
Event: 3.392 Loaded shared library C:\Program Files\Eclipse Adoptium\jdk-17.0.18.8-hotspot\bin\extnet.dll
Event: 9.759 Loaded shared library C:\Program Files\Eclipse Adoptium\jdk-17.0.18.8-hotspot\bin\sunmscapi.dll

Deoptimization events (20 events):
Event: 4.248 Thread 0x000002507c0e5640 DEOPT PACKING pc=0x000002506cf3c5d4 sp=0x000000a0408fee90
Event: 4.248 Thread 0x000002507c0e5640 DEOPT UNPACKING pc=0x000002506c9a69a3 sp=0x000000a0408fedc0 mode 2
Event: 4.248 Thread 0x000002507c0e5640 Uncommon trap: trap_request=0xffffff45 fr.pc=0x000002506cf3a46c relative=0x000000000000014c
Event: 4.248 Thread 0x000002507c0e5640 Uncommon trap: reason=unstable_if action=reinterpret pc=0x000002506cf3a46c method=java.lang.AbstractStringBuilder.putStringAt(ILjava/lang/String;II)V @ 8 c2
Event: 4.248 Thread 0x000002507c0e5640 DEOPT PACKING pc=0x000002506cf3a46c sp=0x000000a0408fedf0
Event: 4.248 Thread 0x000002507c0e5640 DEOPT UNPACKING pc=0x000002506c9a69a3 sp=0x000000a0408fedb8 mode 2
Event: 4.248 Thread 0x000002507c0e5640 Uncommon trap: trap_request=0xffffff45 fr.pc=0x000002506cf78920 relative=0x0000000000000400
Event: 4.248 Thread 0x000002507c0e5640 Uncommon trap: reason=unstable_if action=reinterpret pc=0x000002506cf78920 method=java.lang.AbstractStringBuilder.isLatin1()Z @ 10 c2
Event: 4.248 Thread 0x000002507c0e5640 DEOPT PACKING pc=0x000002506cf78920 sp=0x000000a0408fef40
Event: 4.248 Thread 0x000002507c0e5640 DEOPT UNPACKING pc=0x000002506c9a69a3 sp=0x000000a0408feec0 mode 2
Event: 9.637 Thread 0x000002507c0e5640 Uncommon trap: trap_request=0xffffff45 fr.pc=0x000002506cefff24 relative=0x0000000000000084
Event: 9.637 Thread 0x000002507c0e5640 Uncommon trap: reason=unstable_if action=reinterpret pc=0x000002506cefff24 method=java.lang.String.codePointAt(I)I @ 4 c2
Event: 9.637 Thread 0x000002507c0e5640 DEOPT PACKING pc=0x000002506cefff24 sp=0x000000a0408feeb0
Event: 9.637 Thread 0x000002507c0e5640 DEOPT UNPACKING pc=0x000002506c9a69a3 sp=0x000000a0408fee48 mode 2
Event: 251.432 Thread 0x000002505b8ce5f0 DEOPT PACKING pc=0x000002506578aa2c sp=0x000000a03effd6c0
Event: 251.432 Thread 0x000002505b8ce5f0 DEOPT UNPACKING pc=0x000002506c9a7143 sp=0x000000a03effcb38 mode 0
Event: 270.092 Thread 0x000002505b8ce5f0 Uncommon trap: trap_request=0xffffff45 fr.pc=0x000002506cfaf698 relative=0x00000000000001f8
Event: 270.092 Thread 0x000002505b8ce5f0 Uncommon trap: reason=unstable_if action=reinterpret pc=0x000002506cfaf698 method=com.esotericsoftware.kryo.io.Input.require(I)I @ 180 c2
Event: 270.092 Thread 0x000002505b8ce5f0 DEOPT PACKING pc=0x000002506cfaf698 sp=0x000000a03effd320
Event: 270.092 Thread 0x000002505b8ce5f0 DEOPT UNPACKING pc=0x000002506c9a69a3 sp=0x000000a03effd2c8 mode 2

Classes loaded (20 events):
Event: 247.973 Loading class jdk/internal/logger/LoggerFinderLoader
Event: 247.974 Loading class jdk/internal/logger/LoggerFinderLoader done
Event: 247.975 Loading class jdk/internal/logger/LoggerFinderLoader$TemporaryLoggerFinder
Event: 247.976 Loading class jdk/internal/logger/LoggerFinderLoader$TemporaryLoggerFinder done
Event: 247.977 Loading class sun/util/logging/internal/LoggingProviderImpl$JULWrapper
Event: 247.979 Loading class sun/util/logging/PlatformLogger$ConfigurableBridge$LoggerConfiguration
Event: 247.980 Loading class sun/util/logging/PlatformLogger$ConfigurableBridge$LoggerConfiguration done
Event: 247.980 Loading class sun/util/logging/internal/LoggingProviderImpl$JULWrapper done
Event: 247.981 Loading class java/io/ObjectInputFilter
Event: 247.981 Loading class java/io/ObjectInputFilter done
Event: 247.982 Loading class java/io/ObjectInputFilter$Config$BuiltinFilterFactory
Event: 247.982 Loading class java/io/ObjectInputFilter$Config$BuiltinFilterFactory done
Event: 247.982 Loading class jdk/internal/access/JavaObjectInputFilterAccess
Event: 247.982 Loading class jdk/internal/access/JavaObjectInputFilterAccess done
Event: 247.983 Loading class java/lang/System$Logger$Level
Event: 247.983 Loading class java/lang/System$Logger$Level done
Event: 247.984 Loading class java/io/Bits
Event: 247.985 Loading class java/io/Bits done
Event: 270.089 Loading class sun/net/ConnectionResetException
Event: 270.091 Loading class sun/net/ConnectionResetException done

Classes unloaded (0 events):
No events

Classes redefined (0 events):
No events

Internal exceptions (20 events):
Event: 2.259 Thread 0x000002505b8ce5f0 Implicit null exception at 0x000002506cf4b80f to 0x000002506cf4bd90
Event: 2.401 Thread 0x000002505b8ce5f0 Exception <a 'java/lang/NoSuchMethodError'{0x00000000ff8d8350}: 'java.lang.Object java.lang.invoke.Invokers$Holder.invoker(java.lang.Object, java.lang.Object, java.lang.Object)'> (0x00000000ff8d8350) 
thrown [s\src\hotspot\share\interpreter\linkResolver.cpp, line 759]
Event: 2.404 Thread 0x000002505b8ce5f0 Exception <a 'java/lang/NoSuchMethodError'{0x00000000ff8e14a8}: 'java.lang.Object java.lang.invoke.DirectMethodHandle$Holder.invokeStatic(java.lang.Object, java.lang.Object, int)'> (0x00000000ff8e14a8) 
thrown [s\src\hotspot\share\interpreter\linkResolver.cpp, line 759]
Event: 2.407 Thread 0x000002505b8ce5f0 Exception <a 'java/lang/NoSuchMethodError'{0x00000000ff8ed198}: 'void java.lang.invoke.DelegatingMethodHandle$Holder.delegate(java.lang.Object, java.lang.Object, int, java.lang.Object)'> (0x00000000ff8ed198) 
thrown [s\src\hotspot\share\interpreter\linkResolver.cpp, line 759]
Event: 2.412 Thread 0x000002505b8ce5f0 Exception <a 'java/lang/NoSuchMethodError'{0x00000000ff700a30}: 'java.lang.Object java.lang.invoke.Invokers$Holder.invokeExact_MT(java.lang.Object, java.lang.Object, java.lang.Object, java.lang.Object)'> (0x00000000ff700a30) 
thrown [s\src\hotspot\share\interpreter\linkResolver.cpp, line 759]
Event: 2.435 Thread 0x000002505b8ce5f0 Exception <a 'java/lang/NoSuchMethodError'{0x00000000ff72e650}: 'java.lang.Object java.lang.invoke.DirectMethodHandle$Holder.invokeVirtual(java.lang.Object, java.lang.Object, java.lang.Object)'> (0x00000000ff72e650) 
thrown [s\src\hotspot\share\interpreter\linkResolver.cpp, line 759]
Event: 2.736 Thread 0x000002505b8ce5f0 Exception <a 'java/lang/NoSuchMethodError'{0x00000000ff36d398}: 'java.lang.Object java.lang.invoke.DirectMethodHandle$Holder.newInvokeSpecial(java.lang.Object, java.lang.Object, java.lang.Object, java.lang.Object, java.lang.Object)'> (0x00000000ff36d398) 
thrown [s\src\hotspot\share\interpreter\linkResolver.cpp, line 759]
Event: 2.815 Thread 0x000002505b8ce5f0 Exception <a 'java/lang/NoSuchMethodError'{0x00000000ff2c2550}: 'void java.lang.invoke.DirectMethodHandle$Holder.invokeSpecial(java.lang.Object, java.lang.Object, java.lang.Object)'> (0x00000000ff2c2550) 
thrown [s\src\hotspot\share\interpreter\linkResolver.cpp, line 759]
Event: 2.820 Thread 0x000002505b8ce5f0 Implicit null exception at 0x000002506cf3980f to 0x000002506cf39d94
Event: 3.400 Thread 0x000002505b8ce5f0 Exception <a 'java/lang/NoSuchMethodError'{0x00000000ff0dbd50}: 'void java.lang.invoke.DirectMethodHandle$Holder.invokeStatic(java.lang.Object, java.lang.Object, java.lang.Object)'> (0x00000000ff0dbd50) 
thrown [s\src\hotspot\share\interpreter\linkResolver.cpp, line 759]
Event: 3.718 Thread 0x000002505b8ce5f0 Exception <a 'java/lang/NoSuchMethodError'{0x00000000fe8ba2a0}: 'java.lang.Object java.lang.invoke.DirectMethodHandle$Holder.invokeStaticInit(java.lang.Object, int, int, int, int)'> (0x00000000fe8ba2a0) 
thrown [s\src\hotspot\share\interpreter\linkResolver.cpp, line 759]
Event: 3.839 Thread 0x000002505b8ce5f0 Exception <a 'java/lang/NoSuchMethodError'{0x00000000fe8e0568}: 'java.lang.Object java.lang.invoke.DirectMethodHandle$Holder.invokeStaticInit(java.lang.Object, java.lang.Object, int, int, int, int)'> (0x00000000fe8e0568) 
thrown [s\src\hotspot\share\interpreter\linkResolver.cpp, line 759]
Event: 3.893 Thread 0x000002505b8ce5f0 Implicit null exception at 0x000002506cf33b55 to 0x000002506cf3415c
Event: 3.896 Thread 0x000002505b8ce5f0 Implicit null exception at 0x000002506cf3b8d2 to 0x000002506cf3bed0
Event: 4.202 Thread 0x000002507c0e5640 Exception <a 'java/lang/NoSuchMethodError'{0x00000000fe00cc90}: 'void java.lang.invoke.DirectMethodHandle$Holder.invokeStatic(java.lang.Object, long)'> (0x00000000fe00cc90) 
thrown [s\src\hotspot\share\interpreter\linkResolver.cpp, line 759]
Event: 4.203 Thread 0x000002507c0e5640 Exception <a 'java/lang/NoSuchMethodError'{0x00000000fe0125e8}: 'java.lang.Object java.lang.invoke.DirectMethodHandle$Holder.newInvokeSpecial(java.lang.Object, long)'> (0x00000000fe0125e8) 
thrown [s\src\hotspot\share\interpreter\linkResolver.cpp, line 759]
Event: 4.208 Thread 0x000002507c0e5640 Exception <a 'java/lang/NoSuchMethodError'{0x00000000fe01d180}: 'java.lang.Object java.lang.invoke.DirectMethodHandle$Holder.invokeStaticInit(java.lang.Object, java.lang.Object, long, java.lang.Object)'> (0x00000000fe01d180) 
thrown [s\src\hotspot\share\interpreter\linkResolver.cpp, line 759]
Event: 4.210 Thread 0x000002507c0e5640 Exception <a 'java/lang/NoSuchMethodError'{0x00000000fe023808}: 'java.lang.Object java.lang.invoke.DirectMethodHandle$Holder.newInvokeSpecial(java.lang.Object, java.lang.Object, long)'> (0x00000000fe023808) 
thrown [s\src\hotspot\share\interpreter\linkResolver.cpp, line 759]
Event: 4.210 Thread 0x000002507c0e5640 Exception <a 'java/lang/NoSuchMethodError'{0x00000000fe027af8}: 'java.lang.Object java.lang.invoke.Invokers$Holder.linkToTargetMethod(java.lang.Object, long, java.lang.Object)'> (0x00000000fe027af8) 
thrown [s\src\hotspot\share\interpreter\linkResolver.cpp, line 759]
Event: 270.091 Thread 0x000002505b8ce5f0 Exception <a 'sun/net/ConnectionResetException'{0x00000000fdbba370}: Connection reset> (0x00000000fdbba370) 
thrown [s\src\hotspot\share\prims\jni.cpp, line 535]

VM Operations (20 events):
Event: 202.551 Executing VM operation: Cleanup
Event: 202.551 Executing VM operation: Cleanup done
Event: 234.810 Executing VM operation: Cleanup
Event: 234.810 Executing VM operation: Cleanup done
Event: 235.816 Executing VM operation: Cleanup
Event: 235.816 Executing VM operation: Cleanup done
Event: 239.858 Executing VM operation: Cleanup
Event: 239.858 Executing VM operation: Cleanup done
Event: 243.872 Executing VM operation: Cleanup
Event: 243.872 Executing VM operation: Cleanup done
Event: 245.883 Executing VM operation: Cleanup
Event: 245.883 Executing VM operation: Cleanup done
Event: 248.902 Executing VM operation: Cleanup
Event: 248.902 Executing VM operation: Cleanup done
Event: 249.271 Executing VM operation: HandshakeAllThreads
Event: 249.271 Executing VM operation: HandshakeAllThreads done
Event: 250.274 Executing VM operation: Cleanup
Event: 250.274 Executing VM operation: Cleanup done
Event: 252.282 Executing VM operation: Cleanup
Event: 252.283 Executing VM operation: Cleanup done

Memory protections (0 events):
No events

Nmethod flushes (0 events):
No events

Events (20 events):
Event: 0.151 Thread 0x000002505b8ce5f0 Thread added: 0x0000025076a6da90
Event: 0.160 Thread 0x000002505b8ce5f0 Thread added: 0x0000025076adad90
Event: 0.162 Thread 0x000002505b8ce5f0 Thread added: 0x0000025076ae3390
Event: 0.192 Thread 0x000002505b8ce5f0 Thread added: 0x000002507b04e610
Event: 0.194 Thread 0x000002505b8ce5f0 Thread added: 0x000002507b050f50
Event: 0.760 Thread 0x0000025076adad90 Thread added: 0x000002507b1fdb90
Event: 1.112 Thread 0x000002507b1fdb90 Thread exited: 0x000002507b1fdb90
Event: 1.718 Thread 0x0000025076adad90 Thread added: 0x000002507b7fa790
Event: 2.068 Thread 0x000002507b7fa790 Thread exited: 0x000002507b7fa790
Event: 2.584 Thread 0x000002505b8ce5f0 Thread added: 0x000002507bc3c020
Event: 3.986 Thread 0x0000025076adad90 Thread added: 0x000002507c1f2740
Event: 4.180 Thread 0x000002505b8ce5f0 Thread added: 0x000002507c0e5640
Event: 4.214 Thread 0x000002507c0e5640 Thread added: 0x000002507bbfe8b0
Event: 4.216 Thread 0x000002507c0e5640 Thread added: 0x000002507c304010
Event: 4.241 Thread 0x000002507bbfe8b0 Thread exited: 0x000002507bbfe8b0
Event: 4.493 Thread 0x000002507c1f2740 Thread exited: 0x000002507c1f2740
Event: 9.642 Thread 0x000002507c0e5640 Thread exited: 0x000002507c0e5640
Event: 9.643 Thread 0x000002507c304010 Thread exited: 0x000002507c304010
Event: 9.812 Thread 0x0000025076adad90 Thread added: 0x000002507c2037e0
Event: 10.186 Thread 0x000002507c2037e0 Thread exited: 0x000002507c2037e0


Dynamic libraries:
0x00007ff6279f0000 - 0x00007ff6279fe000 	C:\Program Files\Eclipse Adoptium\jdk-17.0.18.8-hotspot\bin\java.exe
0x00007ffee2d30000 - 0x00007ffee2f28000 	C:\WINDOWS\SYSTEM32\ntdll.dll
0x00007ffee2200000 - 0x00007ffee22c2000 	C:\WINDOWS\System32\KERNEL32.DLL
0x00007ffee0740000 - 0x00007ffee0a36000 	C:\WINDOWS\System32\KERNELBASE.dll
0x00007ffee0c50000 - 0x00007ffee0d50000 	C:\WINDOWS\System32\ucrtbase.dll
0x00007ffed8ec0000 - 0x00007ffed8ede000 	C:\Program Files\Eclipse Adoptium\jdk-17.0.18.8-hotspot\bin\VCRUNTIME140.dll
0x00007ffed8ee0000 - 0x00007ffed8ef8000 	C:\Program Files\Eclipse Adoptium\jdk-17.0.18.8-hotspot\bin\jli.dll
0x00007ffee1b30000 - 0x00007ffee1cd1000 	C:\WINDOWS\System32\USER32.dll
0x00007ffed15c0000 - 0x00007ffed185b000 	C:\WINDOWS\WinSxS\amd64_microsoft.windows.common-controls_6595b64144ccf1df_6.0.19041.6456_none_60b8a6cb71f64256\COMCTL32.dll
0x00007ffee0ba0000 - 0x00007ffee0bc2000 	C:\WINDOWS\System32\win32u.dll
0x00007ffee22d0000 - 0x00007ffee236e000 	C:\WINDOWS\System32\msvcrt.dll
0x00007ffee0d50000 - 0x00007ffee0d7b000 	C:\WINDOWS\System32\GDI32.dll
0x00007ffee0580000 - 0x00007ffee0699000 	C:\WINDOWS\System32\gdi32full.dll
0x00007ffee06a0000 - 0x00007ffee073d000 	C:\WINDOWS\System32\msvcp_win.dll
0x00007ffee1160000 - 0x00007ffee118f000 	C:\WINDOWS\System32\IMM32.DLL
0x00007ffeda6b0000 - 0x00007ffeda6bc000 	C:\Program Files\Eclipse Adoptium\jdk-17.0.18.8-hotspot\bin\vcruntime140_1.dll
0x00007ffec0700000 - 0x00007ffec078d000 	C:\Program Files\Eclipse Adoptium\jdk-17.0.18.8-hotspot\bin\msvcp140.dll
0x00007ffe34550000 - 0x00007ffe351bb000 	C:\Program Files\Eclipse Adoptium\jdk-17.0.18.8-hotspot\bin\server\jvm.dll
0x00007ffee29a0000 - 0x00007ffee2a51000 	C:\WINDOWS\System32\ADVAPI32.dll
0x00007ffee2af0000 - 0x00007ffee2b8f000 	C:\WINDOWS\System32\sechost.dll
0x00007ffee1030000 - 0x00007ffee1150000 	C:\WINDOWS\System32\RPCRT4.dll
0x00007ffee04c0000 - 0x00007ffee04e7000 	C:\WINDOWS\System32\bcrypt.dll
0x00007ffee26e0000 - 0x00007ffee274b000 	C:\WINDOWS\System32\WS2_32.dll
0x00007ffee0220000 - 0x00007ffee026b000 	C:\WINDOWS\SYSTEM32\POWRPROF.dll
0x00007ffed1540000 - 0x00007ffed1567000 	C:\WINDOWS\SYSTEM32\WINMM.dll
0x00007ffed5fd0000 - 0x00007ffed5fda000 	C:\WINDOWS\SYSTEM32\VERSION.dll
0x00007ffee0200000 - 0x00007ffee0212000 	C:\WINDOWS\SYSTEM32\UMPDC.dll
0x00007ffedebc0000 - 0x00007ffedebd2000 	C:\WINDOWS\SYSTEM32\kernel.appcore.dll
0x00007ffeda1e0000 - 0x00007ffeda1ea000 	C:\Program Files\Eclipse Adoptium\jdk-17.0.18.8-hotspot\bin\jimage.dll
0x00007ffed0400000 - 0x00007ffed0601000 	C:\WINDOWS\SYSTEM32\DBGHELP.DLL
0x00007ffec8650000 - 0x00007ffec8684000 	C:\WINDOWS\SYSTEM32\dbgcore.DLL
0x00007ffee04f0000 - 0x00007ffee0572000 	C:\WINDOWS\System32\bcryptPrimitives.dll
0x00007ffec04a0000 - 0x00007ffec04c5000 	C:\Program Files\Eclipse Adoptium\jdk-17.0.18.8-hotspot\bin\java.dll
0x00007ffebfa60000 - 0x00007ffebfb37000 	C:\Program Files\Eclipse Adoptium\jdk-17.0.18.8-hotspot\bin\jsvml.dll
0x00007ffee1190000 - 0x00007ffee1900000 	C:\WINDOWS\System32\SHELL32.dll
0x00007ffedd910000 - 0x00007ffede0b5000 	C:\WINDOWS\SYSTEM32\windows.storage.dll
0x00007ffee2380000 - 0x00007ffee26d4000 	C:\WINDOWS\System32\combase.dll
0x00007ffedfca0000 - 0x00007ffedfccb000 	C:\WINDOWS\SYSTEM32\Wldp.dll
0x00007ffee2c20000 - 0x00007ffee2ced000 	C:\WINDOWS\System32\OLEAUT32.dll
0x00007ffee1ce0000 - 0x00007ffee1d8d000 	C:\WINDOWS\System32\SHCORE.dll
0x00007ffee2a90000 - 0x00007ffee2aeb000 	C:\WINDOWS\System32\shlwapi.dll
0x00007ffee02f0000 - 0x00007ffee0314000 	C:\WINDOWS\SYSTEM32\profapi.dll
0x00007ffed0ba0000 - 0x00007ffed0bba000 	C:\Program Files\Eclipse Adoptium\jdk-17.0.18.8-hotspot\bin\net.dll
0x00007ffed7260000 - 0x00007ffed736a000 	C:\WINDOWS\SYSTEM32\WINHTTP.dll
0x00007ffedfa80000 - 0x00007ffedfaea000 	C:\WINDOWS\system32\mswsock.dll
0x00007ffece270000 - 0x00007ffece286000 	C:\Program Files\Eclipse Adoptium\jdk-17.0.18.8-hotspot\bin\nio.dll
0x00007ffecac90000 - 0x00007ffecaca8000 	C:\Program Files\Eclipse Adoptium\jdk-17.0.18.8-hotspot\bin\zip.dll
0x00007ffeda1d0000 - 0x00007ffeda1da000 	C:\Program Files\Eclipse Adoptium\jdk-17.0.18.8-hotspot\bin\management.dll
0x00007ffeda1c0000 - 0x00007ffeda1cc000 	C:\Program Files\Eclipse Adoptium\jdk-17.0.18.8-hotspot\bin\management_ext.dll
0x00007ffee2a60000 - 0x00007ffee2a68000 	C:\WINDOWS\System32\PSAPI.DLL
0x00007ffeda190000 - 0x00007ffeda1a0000 	C:\Program Files\Eclipse Adoptium\jdk-17.0.18.8-hotspot\bin\verify.dll
0x00007ffe38b80000 - 0x00007ffe38ba7000 	D:\gradle-cache\native\1def1411415f61bf3af743bc5b6707747c0891f09f0c88961ee8f79bc544acac\windows-amd64\native-platform.dll
0x00007ffedc7c0000 - 0x00007ffedc7ca000 	D:\gradle-cache\native\jansi\1.18\windows64\jansi.dll
0x00007ffedf710000 - 0x00007ffedf74b000 	C:\WINDOWS\SYSTEM32\IPHLPAPI.DLL
0x00007ffee1150000 - 0x00007ffee1158000 	C:\WINDOWS\System32\NSI.dll
0x00007ffed56d0000 - 0x00007ffed56e7000 	C:\WINDOWS\SYSTEM32\dhcpcsvc6.DLL
0x00007ffed5620000 - 0x00007ffed563d000 	C:\WINDOWS\SYSTEM32\dhcpcsvc.DLL
0x00007ffedf750000 - 0x00007ffedf81a000 	C:\WINDOWS\SYSTEM32\DNSAPI.dll
0x00007ffed9d00000 - 0x00007ffed9d09000 	C:\Program Files\Eclipse Adoptium\jdk-17.0.18.8-hotspot\bin\extnet.dll
0x00007ffedfce0000 - 0x00007ffedfcf8000 	C:\WINDOWS\SYSTEM32\CRYPTSP.dll
0x00007ffedf350000 - 0x00007ffedf388000 	C:\WINDOWS\system32\rsaenh.dll
0x00007ffee02b0000 - 0x00007ffee02de000 	C:\WINDOWS\SYSTEM32\USERENV.dll
0x00007ffedfc10000 - 0x00007ffedfc1c000 	C:\WINDOWS\SYSTEM32\CRYPTBASE.dll
0x00007ffed9bb0000 - 0x00007ffed9bbe000 	C:\Program Files\Eclipse Adoptium\jdk-17.0.18.8-hotspot\bin\sunmscapi.dll
0x00007ffee0a40000 - 0x00007ffee0b9d000 	C:\WINDOWS\System32\CRYPT32.dll
0x00007ffedfdf0000 - 0x00007ffedfe17000 	C:\WINDOWS\SYSTEM32\ncrypt.dll
0x00007ffedfdb0000 - 0x00007ffedfdeb000 	C:\WINDOWS\SYSTEM32\NTASN1.dll
0x00007ffec7f00000 - 0x00007ffec7f07000 	C:\WINDOWS\system32\wshunix.dll

dbghelp: loaded successfully - version: 4.0.5 - missing functions: none
symbol engine: initialized successfully - sym options: 0x614 - pdb path: .;C:\Program Files\Eclipse Adoptium\jdk-17.0.18.8-hotspot\bin;C:\WINDOWS\SYSTEM32;C:\WINDOWS\WinSxS\amd64_microsoft.windows.common-controls_6595b64144ccf1df_6.0.19041.6456_none_60b8a6cb71f64256;C:\Program Files\Eclipse Adoptium\jdk-17.0.18.8-hotspot\bin\server;D:\gradle-cache\native\1def1411415f61bf3af743bc5b6707747c0891f09f0c88961ee8f79bc544acac\windows-amd64;D:\gradle-cache\native\jansi\1.18\windows64

VM Arguments:
jvm_args: -Xmx64m -Xms64m -Dorg.gradle.appname=gradlew 
java_command: E:\varxus\app\SparkDating\android\\gradle\wrapper\gradle-wrapper.jar app:installDebug -PreactNativeDevServerPort=8081
java_class_path (initial): E:\varxus\app\SparkDating\android\\gradle\wrapper\gradle-wrapper.jar
Launcher Type: SUN_STANDARD

[Global flags]
     intx CICompilerCount                          = 3                                         {product} {ergonomic}
     uint ConcGCThreads                            = 1                                         {product} {ergonomic}
     uint G1ConcRefinementThreads                  = 4                                         {product} {ergonomic}
   size_t G1HeapRegionSize                         = 1048576                                   {product} {ergonomic}
    uintx GCDrainStackTargetSize                   = 64                                        {product} {ergonomic}
   size_t InitialHeapSize                          = 67108864                                  {product} {command line}
   size_t MarkStackSize                            = 4194304                                   {product} {ergonomic}
   size_t MaxHeapSize                              = 67108864                                  {product} {command line}
   size_t MaxNewSize                               = 39845888                                  {product} {ergonomic}
   size_t MinHeapDeltaBytes                        = 1048576                                   {product} {ergonomic}
   size_t MinHeapSize                              = 67108864                                  {product} {command line}
    uintx NonNMethodCodeHeapSize                   = 5832780                                {pd product} {ergonomic}
    uintx NonProfiledCodeHeapSize                  = 122912730                              {pd product} {ergonomic}
    uintx ProfiledCodeHeapSize                     = 122912730                              {pd product} {ergonomic}
    uintx ReservedCodeCacheSize                    = 251658240                              {pd product} {ergonomic}
     bool SegmentedCodeCache                       = true                                      {product} {ergonomic}
   size_t SoftMaxHeapSize                          = 67108864                               {manageable} {ergonomic}
     bool UseCompressedClassPointers               = true                           {product lp64_product} {ergonomic}
     bool UseCompressedOops                        = true                           {product lp64_product} {ergonomic}
     bool UseG1GC                                  = true                                      {product} {ergonomic}
     bool UseLargePagesIndividualAllocation        = false                                  {pd product} {ergonomic}

Logging:
Log output configuration:
 #0: stdout all=warning uptime,level,tags
 #1: stderr all=off uptime,level,tags

Environment Variables:
JAVA_HOME=C:\Program Files\Eclipse Adoptium\jdk-17.0.18.8-hotspot
PATH=E:\varxus\app\SparkDating\node_modules\.bin;E:\varxus\app\SparkDating\node_modules\.bin;E:\varxus\app\node_modules\.bin;E:\varxus\node_modules\.bin;E:\node_modules\.bin;C:\Users\Sajeel Ahmad\AppData\Roaming\npm\node_modules\npm\node_modules\@npmcli\run-script\lib\node-gyp-bin;C:\Program Files\Eclipse Adoptium\jdk-17.0.18.8-hotspot\bin;C:\Users\Sajeel Ahmad\AppData\Roaming\npm;C:\Program Files\nodejs\;C:\Users\Sajeel Ahmad\AppData\Roaming\npm;C:\Program Files\nodejs\;C:\Users\Sajeel Ahmad\AppData\Roaming\npm;C:\Program Files\nodejs\;C:\Program Files\Java\jdk-26\bin;D:\Android\Sdk\platform-tools;D:\Android\Sdk\emulator;C:\WINDOWS\system32;C:\WINDOWS;C:\WINDOWS\System32\Wbem;C:\WINDOWS\System32\WindowsPowerShell\v1.0\;C:\WINDOWS\System32\OpenSSH\;C:\Program Files\Git\cmd;C:\Program Files\PostgreSQL\16\bin;C:\Program Files\dotnet\;C:\Program Files\nodejs\;C:\Program Files\PuTTY\;C:\Users\Sajeel Ahmad\AppData\Local\Microsoft\WindowsApps;C:\Users\Sajeel Ahmad\AppData\Local\Programs\Microsoft VS Code\bin;C:\Users\Sajeel Ahmad\AppData\Roaming\npm;C:\Users\Sajeel Ahmad\AppData\Local\Programs\cursor\resources\app\bin;C:\Program Files\Java\jdk-17\bin;D:\Android\Sdk\platform-tools;D:\Android\Sdk\emulator;C:\Users\Sajeel Ahmad\AppData\Local\Microsoft\WindowsApps;;C:\Users\Sajeel Ahmad\AppData\Local\Programs\Microsoft VS Code\bin;C:\Users\Sajeel Ahmad\AppData\Roaming\npm
USERNAME=Sajeel Ahmad
OS=Windows_NT
PROCESSOR_IDENTIFIER=Intel64 Family 6 Model 78 Stepping 3, GenuineIntel
TMP=C:\Users\SAJEEL~1\AppData\Local\Temp
TEMP=C:\Users\SAJEEL~1\AppData\Local\Temp



Periodic native trim disabled


---------------  S Y S T E M  ---------------

OS:
 Windows 10 , 64 bit Build 19041 (10.0.19041.5915)
OS uptime: 0 days 20:17 hours
Hyper-V role detected

CPU: total 4 (initial active 4) (2 cores per cpu, 2 threads per core) family 6 model 78 stepping 3 microcode 0xcc, cx8, cmov, fxsr, ht, mmx, 3dnowpref, sse, sse2, sse3, ssse3, sse4.1, sse4.2, popcnt, lzcnt, tsc, tscinvbit, avx, avx2, aes, erms, clmul, bmi1, bmi2, rtm, adx, fma, vzeroupper, clflush, clflushopt, hv
Processor Information for all 4 processors :
  Max Mhz: 2496, Current Mhz: 798, Mhz Limit: 798

Memory: 4k page, system-wide physical 8058M (474M free)
TotalPageFile size 15273M (AvailPageFile size 4M)
current process WorkingSet (physical memory assigned to process): 72M, peak: 103M
current process commit charge ("private bytes"): 159M, peak: 163M

vm_info: OpenJDK 64-Bit Server VM (17.0.18+8) for windows-amd64 JRE (17.0.18+8), built on Jan 20 2026 22:28:22 by "admin" with MS VC++ 17.12 (VS2022)

END.
