#
# There is insufficient memory for the Java Runtime Environment to continue.
# Native memory allocation (malloc) failed to allocate 32744 bytes. Error detail: ChunkPool::allocate
# Possible reasons:
#   The system is out of physical RAM or swap space
#   This process is running with CompressedOops enabled, and the Java Heap may be blocking the growth of the native heap
# Possible solutions:
#   Reduce memory load on the system
#   Increase physical memory or swap space
#   Check if swap backing store is full
#   Decrease Java heap size (-Xmx/-Xms)
#   Decrease number of Java threads
#   Decrease Java thread stack sizes (-Xss)
#   Set larger code cache with -XX:ReservedCodeCacheSize=
#   JVM is running with Unscaled Compressed Oops mode in which the Java heap is
#     placed in the first 4GB address space. The Java Heap base address is the
#     maximum limit for the native heap growth. Please use -XX:HeapBaseMinAddress
#     to set the Java Heap base and to place the Java Heap above 4GB virtual address.
# This output file may be truncated or incomplete.
#
#  Out of Memory Error (arena.cpp:79), pid=9348, tid=10212
#
# JRE version: OpenJDK Runtime Environment Temurin-17.0.18+8 (17.0.18+8) (build 17.0.18+8)
# Java VM: OpenJDK 64-Bit Server VM Temurin-17.0.18+8 (17.0.18+8, mixed mode, sharing, tiered, compressed oops, compressed class ptrs, g1 gc, windows-amd64)
# No core dump will be written. Minidumps are not enabled by default on client versions of Windows
#

---------------  S U M M A R Y ------------

Command Line: -Xmx64m -Xms64m -Dorg.gradle.appname=gradlew E:\varxus\app\SparkDating\android\\gradle\wrapper\gradle-wrapper.jar app:installDebug -PreactNativeDevServerPort=8081

Host: Intel(R) Core(TM) i5-6300U CPU @ 2.40GHz, 4 cores, 7G,  Windows 10 , 64 bit Build 19041 (10.0.19041.5915)
Time: Tue Mar 24 14:42:47 2026 Pakistan Standard Time elapsed time: 92.985258 seconds (0d 0h 1m 32s)

---------------  T H R E A D  ---------------

Current thread (0x00000143da347610):  JavaThread "C1 CompilerThread0" daemon [_thread_in_native, id=10212, stack(0x0000003ce0000000,0x0000003ce0100000)]


Current CompileTask:
C1:92985 1648       3       org.gradle.internal.logging.console.ProgressBar::formatProgress (315 bytes)

Stack: [0x0000003ce0000000,0x0000003ce0100000]
Native frames: (J=compiled Java code, j=interpreted, Vv=VM code, C=native code)
V  [jvm.dll+0x6846f9]
V  [jvm.dll+0x839ea5]
V  [jvm.dll+0x83b91e]
V  [jvm.dll+0x83bfa3]
V  [jvm.dll+0x248eff]
V  [jvm.dll+0xad69e]
V  [jvm.dll+0xadb3c]
V  [jvm.dll+0x17a21b]
V  [jvm.dll+0x17a1cd]
V  [jvm.dll+0x17a1cd]
V  [jvm.dll+0x178d04]
V  [jvm.dll+0x178fca]
V  [jvm.dll+0x17b507]
V  [jvm.dll+0x136905]
V  [jvm.dll+0x1361bf]
V  [jvm.dll+0x13640e]
V  [jvm.dll+0x135857]
V  [jvm.dll+0x13757d]
V  [jvm.dll+0x22989a]
V  [jvm.dll+0x227a4b]
V  [jvm.dll+0x7f0658]
V  [jvm.dll+0x7eaaec]
V  [jvm.dll+0x6835c7]
C  [ucrtbase.dll+0x21bb2]
C  [KERNEL32.DLL+0x17374]
C  [ntdll.dll+0x4cc91]


---------------  P R O C E S S  ---------------

Threads class SMR info:
_java_thread_list=0x00000144209edf80, length=13, elements={
0x00000143c111f3d0, 0x00000143da2bcf00, 0x00000143da2bec30, 0x00000143da2d6640,
0x00000143da2d9010, 0x00000143da2d99d0, 0x00000143da2da390, 0x00000143da2db080,
0x00000143da347610, 0x00000143da34f750, 0x00000143da51a3b0, 0x00000143da51b0f0,
0x00000144207f9920
}

Java Threads: ( => current thread )
  0x00000143c111f3d0 JavaThread "main" [_thread_in_native, id=1296, stack(0x0000003cdf200000,0x0000003cdf300000)]
  0x00000143da2bcf00 JavaThread "Reference Handler" daemon [_thread_blocked, id=18976, stack(0x0000003cdf900000,0x0000003cdfa00000)]
  0x00000143da2bec30 JavaThread "Finalizer" daemon [_thread_blocked, id=6768, stack(0x0000003cdfa00000,0x0000003cdfb00000)]
  0x00000143da2d6640 JavaThread "Signal Dispatcher" daemon [_thread_blocked, id=18428, stack(0x0000003cdfb00000,0x0000003cdfc00000)]
  0x00000143da2d9010 JavaThread "Attach Listener" daemon [_thread_blocked, id=18312, stack(0x0000003cdfc00000,0x0000003cdfd00000)]
  0x00000143da2d99d0 JavaThread "Service Thread" daemon [_thread_blocked, id=15528, stack(0x0000003cdfd00000,0x0000003cdfe00000)]
  0x00000143da2da390 JavaThread "Monitor Deflation Thread" daemon [_thread_blocked, id=15048, stack(0x0000003cdfe00000,0x0000003cdff00000)]
  0x00000143da2db080 JavaThread "C2 CompilerThread0" daemon [_thread_blocked, id=3580, stack(0x0000003cdff00000,0x0000003ce0000000)]
=>0x00000143da347610 JavaThread "C1 CompilerThread0" daemon [_thread_in_native, id=10212, stack(0x0000003ce0000000,0x0000003ce0100000)]
  0x00000143da34f750 JavaThread "Sweeper thread" daemon [_thread_blocked, id=10572, stack(0x0000003ce0100000,0x0000003ce0200000)]
  0x00000143da51a3b0 JavaThread "Notification Thread" daemon [_thread_blocked, id=19336, stack(0x0000003ce0200000,0x0000003ce0300000)]
  0x00000143da51b0f0 JavaThread "Common-Cleaner" daemon [_thread_blocked, id=16072, stack(0x0000003ce0400000,0x0000003ce0500000)]
  0x00000144207f9920 JavaThread "pool-1-thread-1" [_thread_in_native, id=7628, stack(0x0000003ce0800000,0x0000003ce0900000)]

Other Threads:
  0x00000143da2b7280 VMThread "VM Thread" [stack: 0x0000003cdf800000,0x0000003cdf900000] [id=920]
  0x00000143da51a890 WatcherThread [stack: 0x0000003ce0300000,0x0000003ce0400000] [id=2548]
  0x00000143c113db40 GCTaskThread "GC Thread#0" [stack: 0x0000003cdf300000,0x0000003cdf400000] [id=13536]
  0x00000143da773500 GCTaskThread "GC Thread#1" [stack: 0x0000003ce0500000,0x0000003ce0600000] [id=6060]
  0x00000143da786160 GCTaskThread "GC Thread#2" [stack: 0x0000003ce0600000,0x0000003ce0700000] [id=18952]
  0x00000143da786420 GCTaskThread "GC Thread#3" [stack: 0x0000003ce0700000,0x0000003ce0800000] [id=3612]
  0x00000143c11402a0 ConcurrentGCThread "G1 Main Marker" [stack: 0x0000003cdf400000,0x0000003cdf500000] [id=1692]
  0x00000143c1140cc0 ConcurrentGCThread "G1 Conc#0" [stack: 0x0000003cdf500000,0x0000003cdf600000] [id=6888]
  0x00000143c118e810 ConcurrentGCThread "G1 Refine#0" [stack: 0x0000003cdf600000,0x0000003cdf700000] [id=16516]
  0x00000143c118f240 ConcurrentGCThread "G1 Service" [stack: 0x0000003cdf700000,0x0000003cdf800000] [id=7700]

Threads with active compile tasks:
C1 CompilerThread0  93047 1648       3       org.gradle.internal.logging.console.ProgressBar::formatProgress (315 bytes)

VM state: not at safepoint (normal execution)

VM Mutex/Monitor currently owned by a thread: None

Heap address: 0x00000000fc000000, size: 64 MB, Compressed Oops mode: 32-bit

CDS archive(s) mapped at: [0x00000143db000000-0x00000143dbbb0000-0x00000143dbbb0000), size 12255232, SharedBaseAddress: 0x00000143db000000, ArchiveRelocationMode: 1.
Compressed class space mapped at: 0x00000143dc000000-0x000001441c000000, reserved size: 1073741824
Narrow klass base: 0x00000143db000000, Narrow klass shift: 0, Narrow klass range: 0x100000000

GC Precious Log:
 CPUs: 4 total, 4 available
 Memory: 8058M
 Large Page Support: Disabled
 NUMA Support: Disabled
 Compressed Oops: Enabled (32-bit)
 Heap Region Size: 1M
 Heap Min Capacity: 64M
 Heap Initial Capacity: 64M
 Heap Max Capacity: 64M
 Pre-touch: Disabled
 Parallel Workers: 4
 Concurrent Workers: 1
 Concurrent Refinement Workers: 4
 Periodic GC: Disabled

Heap:
 garbage-first heap   total 65536K, used 34148K [0x00000000fc000000, 0x0000000100000000)
  region size 1024K, 28 young (28672K), 3 survivors (3072K)
 Metaspace       used 9259K, committed 9536K, reserved 1114112K
  class space    used 1220K, committed 1344K, reserved 1048576K

Heap Regions: E=young(eden), S=young(survivor), O=old, HS=humongous(starts), HC=humongous(continues), CS=collection set, F=free, OA=open archive, CA=closed archive, TAMS=top-at-mark-start (previous, next)
|   0|0x00000000fc000000, 0x00000000fc100000, 0x00000000fc100000|100%|HS|  |TAMS 0x00000000fc000000, 0x00000000fc000000| Complete 
|   1|0x00000000fc100000, 0x00000000fc200000, 0x00000000fc200000|100%|HC|  |TAMS 0x00000000fc100000, 0x00000000fc100000| Complete 
|   2|0x00000000fc200000, 0x00000000fc300000, 0x00000000fc300000|100%|HC|  |TAMS 0x00000000fc200000, 0x00000000fc200000| Complete 
|   3|0x00000000fc300000, 0x00000000fc400000, 0x00000000fc400000|100%| O|  |TAMS 0x00000000fc300000, 0x00000000fc300000| Untracked 
|   4|0x00000000fc400000, 0x00000000fc500000, 0x00000000fc500000|100%| O|  |TAMS 0x00000000fc400000, 0x00000000fc400000| Untracked 
|   5|0x00000000fc500000, 0x00000000fc600000, 0x00000000fc600000|100%| O|  |TAMS 0x00000000fc500000, 0x00000000fc500000| Untracked 
|   6|0x00000000fc600000, 0x00000000fc659000, 0x00000000fc700000| 34%| O|  |TAMS 0x00000000fc600000, 0x00000000fc600000| Untracked 
|   7|0x00000000fc700000, 0x00000000fc700000, 0x00000000fc800000|  0%| F|  |TAMS 0x00000000fc700000, 0x00000000fc700000| Untracked 
|   8|0x00000000fc800000, 0x00000000fc800000, 0x00000000fc900000|  0%| F|  |TAMS 0x00000000fc800000, 0x00000000fc800000| Untracked 
|   9|0x00000000fc900000, 0x00000000fc900000, 0x00000000fca00000|  0%| F|  |TAMS 0x00000000fc900000, 0x00000000fc900000| Untracked 
|  10|0x00000000fca00000, 0x00000000fca00000, 0x00000000fcb00000|  0%| F|  |TAMS 0x00000000fca00000, 0x00000000fca00000| Untracked 
|  11|0x00000000fcb00000, 0x00000000fcb00000, 0x00000000fcc00000|  0%| F|  |TAMS 0x00000000fcb00000, 0x00000000fcb00000| Untracked 
|  12|0x00000000fcc00000, 0x00000000fcc00000, 0x00000000fcd00000|  0%| F|  |TAMS 0x00000000fcc00000, 0x00000000fcc00000| Untracked 
|  13|0x00000000fcd00000, 0x00000000fcd00000, 0x00000000fce00000|  0%| F|  |TAMS 0x00000000fcd00000, 0x00000000fcd00000| Untracked 
|  14|0x00000000fce00000, 0x00000000fce00000, 0x00000000fcf00000|  0%| F|  |TAMS 0x00000000fce00000, 0x00000000fce00000| Untracked 
|  15|0x00000000fcf00000, 0x00000000fcf00000, 0x00000000fd000000|  0%| F|  |TAMS 0x00000000fcf00000, 0x00000000fcf00000| Untracked 
|  16|0x00000000fd000000, 0x00000000fd000000, 0x00000000fd100000|  0%| F|  |TAMS 0x00000000fd000000, 0x00000000fd000000| Untracked 
|  17|0x00000000fd100000, 0x00000000fd100000, 0x00000000fd200000|  0%| F|  |TAMS 0x00000000fd100000, 0x00000000fd100000| Untracked 
|  18|0x00000000fd200000, 0x00000000fd200000, 0x00000000fd300000|  0%| F|  |TAMS 0x00000000fd200000, 0x00000000fd200000| Untracked 
|  19|0x00000000fd300000, 0x00000000fd300000, 0x00000000fd400000|  0%| F|  |TAMS 0x00000000fd300000, 0x00000000fd300000| Untracked 
|  20|0x00000000fd400000, 0x00000000fd400000, 0x00000000fd500000|  0%| F|  |TAMS 0x00000000fd400000, 0x00000000fd400000| Untracked 
|  21|0x00000000fd500000, 0x00000000fd500000, 0x00000000fd600000|  0%| F|  |TAMS 0x00000000fd500000, 0x00000000fd500000| Untracked 
|  22|0x00000000fd600000, 0x00000000fd600000, 0x00000000fd700000|  0%| F|  |TAMS 0x00000000fd600000, 0x00000000fd600000| Untracked 
|  23|0x00000000fd700000, 0x00000000fd700000, 0x00000000fd800000|  0%| F|  |TAMS 0x00000000fd700000, 0x00000000fd700000| Untracked 
|  24|0x00000000fd800000, 0x00000000fd800000, 0x00000000fd900000|  0%| F|  |TAMS 0x00000000fd800000, 0x00000000fd800000| Untracked 
|  25|0x00000000fd900000, 0x00000000fd900000, 0x00000000fda00000|  0%| F|  |TAMS 0x00000000fd900000, 0x00000000fd900000| Untracked 
|  26|0x00000000fda00000, 0x00000000fda00000, 0x00000000fdb00000|  0%| F|  |TAMS 0x00000000fda00000, 0x00000000fda00000| Untracked 
|  27|0x00000000fdb00000, 0x00000000fdb00000, 0x00000000fdc00000|  0%| F|  |TAMS 0x00000000fdb00000, 0x00000000fdb00000| Untracked 
|  28|0x00000000fdc00000, 0x00000000fdc00000, 0x00000000fdd00000|  0%| F|  |TAMS 0x00000000fdc00000, 0x00000000fdc00000| Untracked 
|  29|0x00000000fdd00000, 0x00000000fdd00000, 0x00000000fde00000|  0%| F|  |TAMS 0x00000000fdd00000, 0x00000000fdd00000| Untracked 
|  30|0x00000000fde00000, 0x00000000fde00000, 0x00000000fdf00000|  0%| F|  |TAMS 0x00000000fde00000, 0x00000000fde00000| Untracked 
|  31|0x00000000fdf00000, 0x00000000fdf00000, 0x00000000fe000000|  0%| F|  |TAMS 0x00000000fdf00000, 0x00000000fdf00000| Untracked 
|  32|0x00000000fe000000, 0x00000000fe000000, 0x00000000fe100000|  0%| F|  |TAMS 0x00000000fe000000, 0x00000000fe000000| Untracked 
|  33|0x00000000fe100000, 0x00000000fe100000, 0x00000000fe200000|  0%| F|  |TAMS 0x00000000fe100000, 0x00000000fe100000| Untracked 
|  34|0x00000000fe200000, 0x00000000fe200000, 0x00000000fe300000|  0%| F|  |TAMS 0x00000000fe200000, 0x00000000fe200000| Untracked 
|  35|0x00000000fe300000, 0x00000000fe300000, 0x00000000fe400000|  0%| F|  |TAMS 0x00000000fe300000, 0x00000000fe300000| Untracked 
|  36|0x00000000fe400000, 0x00000000fe4d99b8, 0x00000000fe500000| 85%| E|  |TAMS 0x00000000fe400000, 0x00000000fe400000| Complete 
|  37|0x00000000fe500000, 0x00000000fe600000, 0x00000000fe600000|100%| E|CS|TAMS 0x00000000fe500000, 0x00000000fe500000| Complete 
|  38|0x00000000fe600000, 0x00000000fe700000, 0x00000000fe700000|100%| E|CS|TAMS 0x00000000fe600000, 0x00000000fe600000| Complete 
|  39|0x00000000fe700000, 0x00000000fe800000, 0x00000000fe800000|100%| E|CS|TAMS 0x00000000fe700000, 0x00000000fe700000| Complete 
|  40|0x00000000fe800000, 0x00000000fe900000, 0x00000000fe900000|100%| E|CS|TAMS 0x00000000fe800000, 0x00000000fe800000| Complete 
|  41|0x00000000fe900000, 0x00000000fea00000, 0x00000000fea00000|100%| S|CS|TAMS 0x00000000fe900000, 0x00000000fe900000| Complete 
|  42|0x00000000fea00000, 0x00000000feb00000, 0x00000000feb00000|100%| S|CS|TAMS 0x00000000fea00000, 0x00000000fea00000| Complete 
|  43|0x00000000feb00000, 0x00000000fec00000, 0x00000000fec00000|100%| S|CS|TAMS 0x00000000feb00000, 0x00000000feb00000| Complete 
|  44|0x00000000fec00000, 0x00000000fed00000, 0x00000000fed00000|100%| E|CS|TAMS 0x00000000fec00000, 0x00000000fec00000| Complete 
|  45|0x00000000fed00000, 0x00000000fee00000, 0x00000000fee00000|100%| E|CS|TAMS 0x00000000fed00000, 0x00000000fed00000| Complete 
|  46|0x00000000fee00000, 0x00000000fef00000, 0x00000000fef00000|100%| E|CS|TAMS 0x00000000fee00000, 0x00000000fee00000| Complete 
|  47|0x00000000fef00000, 0x00000000ff000000, 0x00000000ff000000|100%| E|CS|TAMS 0x00000000fef00000, 0x00000000fef00000| Complete 
|  48|0x00000000ff000000, 0x00000000ff100000, 0x00000000ff100000|100%| E|CS|TAMS 0x00000000ff000000, 0x00000000ff000000| Complete 
|  49|0x00000000ff100000, 0x00000000ff200000, 0x00000000ff200000|100%| E|CS|TAMS 0x00000000ff100000, 0x00000000ff100000| Complete 
|  50|0x00000000ff200000, 0x00000000ff300000, 0x00000000ff300000|100%| E|CS|TAMS 0x00000000ff200000, 0x00000000ff200000| Complete 
|  51|0x00000000ff300000, 0x00000000ff400000, 0x00000000ff400000|100%| E|CS|TAMS 0x00000000ff300000, 0x00000000ff300000| Complete 
|  52|0x00000000ff400000, 0x00000000ff500000, 0x00000000ff500000|100%| E|CS|TAMS 0x00000000ff400000, 0x00000000ff400000| Complete 
|  53|0x00000000ff500000, 0x00000000ff600000, 0x00000000ff600000|100%| E|CS|TAMS 0x00000000ff500000, 0x00000000ff500000| Complete 
|  54|0x00000000ff600000, 0x00000000ff700000, 0x00000000ff700000|100%| E|CS|TAMS 0x00000000ff600000, 0x00000000ff600000| Complete 
|  55|0x00000000ff700000, 0x00000000ff800000, 0x00000000ff800000|100%| E|CS|TAMS 0x00000000ff700000, 0x00000000ff700000| Complete 
|  56|0x00000000ff800000, 0x00000000ff900000, 0x00000000ff900000|100%| E|CS|TAMS 0x00000000ff800000, 0x00000000ff800000| Complete 
|  57|0x00000000ff900000, 0x00000000ffa00000, 0x00000000ffa00000|100%| E|CS|TAMS 0x00000000ff900000, 0x00000000ff900000| Complete 
|  58|0x00000000ffa00000, 0x00000000ffb00000, 0x00000000ffb00000|100%| E|CS|TAMS 0x00000000ffa00000, 0x00000000ffa00000| Complete 
|  59|0x00000000ffb00000, 0x00000000ffc00000, 0x00000000ffc00000|100%| E|CS|TAMS 0x00000000ffb00000, 0x00000000ffb00000| Complete 
|  60|0x00000000ffc00000, 0x00000000ffd00000, 0x00000000ffd00000|100%| E|CS|TAMS 0x00000000ffc00000, 0x00000000ffc00000| Complete 
|  61|0x00000000ffd00000, 0x00000000ffe00000, 0x00000000ffe00000|100%| E|CS|TAMS 0x00000000ffd00000, 0x00000000ffd00000| Complete 
|  62|0x00000000ffe00000, 0x00000000fff00000, 0x00000000fff00000|100%| E|CS|TAMS 0x00000000ffe00000, 0x00000000ffe00000| Complete 
|  63|0x00000000fff00000, 0x0000000100000000, 0x0000000100000000|100%| E|CS|TAMS 0x00000000fff00000, 0x00000000fff00000| Complete 

Card table byte_map: [0x00000143c0f30000,0x00000143c0f50000] _byte_map_base: 0x00000143c0750000

Marking Bits (Prev, Next): (CMBitMap*) 0x00000143c113f170, (CMBitMap*) 0x00000143c113f1b0
 Prev Bits: [0x00000143c0f70000, 0x00000143c1070000)
 Next Bits: [0x00000143d7c90000, 0x00000143d7d90000)

Polling page: 0x00000143bf0f0000

Metaspace:

Usage:
  Non-class:      7.85 MB used.
      Class:      1.19 MB used.
       Both:      9.04 MB used.

Virtual space:
  Non-class space:       64.00 MB reserved,       8.00 MB ( 12%) committed,  1 nodes.
      Class space:        1.00 GB reserved,       1.31 MB ( <1%) committed,  1 nodes.
             Both:        1.06 GB reserved,       9.31 MB ( <1%) committed. 

Chunk freelists:
   Non-Class:  7.73 MB
       Class:  14.53 MB
        Both:  22.27 MB

MaxMetaspaceSize: unlimited
CompressedClassSpaceSize: 1.00 GB
Initial GC threshold: 21.00 MB
Current GC threshold: 21.00 MB
CDS: on
MetaspaceReclaimPolicy: balanced
 - commit_granule_bytes: 65536.
 - commit_granule_words: 8192.
 - virtual_space_node_default_size: 8388608.
 - enlarge_chunks_in_place: 1.
 - new_chunks_are_fully_committed: 0.
 - uncommit_free_chunks: 1.
 - use_allocation_guard: 0.
 - handle_deallocations: 1.


Internal statistics:

num_allocs_failed_limit: 0.
num_arena_births: 70.
num_arena_deaths: 0.
num_vsnodes_births: 2.
num_vsnodes_deaths: 0.
num_space_committed: 149.
num_space_uncommitted: 0.
num_chunks_returned_to_freelist: 0.
num_chunks_taken_from_freelist: 329.
num_chunk_merges: 0.
num_chunk_splits: 214.
num_chunks_enlarged: 173.
num_inconsistent_stats: 0.

CodeHeap 'non-profiled nmethods': size=120000Kb used=710Kb max_used=710Kb free=119289Kb
 bounds [0x00000143d0760000, 0x00000143d09d0000, 0x00000143d7c90000]
CodeHeap 'profiled nmethods': size=120000Kb used=3088Kb max_used=3088Kb free=116911Kb
 bounds [0x00000143c8c90000, 0x00000143c8fa0000, 0x00000143d01c0000]
CodeHeap 'non-nmethods': size=5760Kb used=1166Kb max_used=1187Kb free=4593Kb
 bounds [0x00000143d01c0000, 0x00000143d0430000, 0x00000143d0760000]
 total_blobs=2109 nmethods=1646 adapters=376
 compilation: enabled
              stopped_count=0, restarted_count=0
 full_count=0

Compilation events (20 events):
Event: 88.959 Thread 0x00000143da347610 nmethod 1638 0x00000143c8f8df90 code [0x00000143c8f8e140, 0x00000143c8f8e378]
Event: 88.959 Thread 0x00000143da347610 1639       3       org.gradle.internal.logging.console.DefaultWorkInProgressFormatter::trim (44 bytes)
Event: 88.960 Thread 0x00000143da347610 nmethod 1639 0x00000143c8f8e490 code [0x00000143c8f8e6c0, 0x00000143c8f8ed38]
Event: 89.782 Thread 0x00000143da347610 1640       3       org.gradle.internal.logging.console.DefaultWorkInProgressFormatter::format (102 bytes)
Event: 89.783 Thread 0x00000143da347610 nmethod 1640 0x00000143c8f8f010 code [0x00000143c8f8f2c0, 0x00000143c8f8ffa8]
Event: 90.769 Thread 0x00000143da347610 1641       3       org.gradle.internal.logging.format.TersePrettyDurationFormatter::format (5 bytes)
Event: 90.770 Thread 0x00000143da347610 nmethod 1641 0x00000143c8f90490 code [0x00000143c8f90640, 0x00000143c8f90788]
Event: 90.770 Thread 0x00000143da347610 1642       3       org.gradle.internal.time.TimeFormatting::formatDurationTerse (123 bytes)
Event: 90.771 Thread 0x00000143da347610 nmethod 1642 0x00000143c8f90810 code [0x00000143c8f90b00, 0x00000143c8f91808]
Event: 90.863 Thread 0x00000143da347610 1643       3       com.google.common.collect.ImmutableList::equals (6 bytes)
Event: 90.863 Thread 0x00000143da347610 nmethod 1643 0x00000143c8f91d10 code [0x00000143c8f91ec0, 0x00000143c8f91fe8]
Event: 90.863 Thread 0x00000143da347610 1644       3       com.google.common.collect.Lists::equalsImpl (114 bytes)
Event: 90.864 Thread 0x00000143da347610 nmethod 1644 0x00000143c8f92090 code [0x00000143c8f92340, 0x00000143c8f933c8]
Event: 90.961 Thread 0x00000143da347610 1645       3       java.util.concurrent.TimeUnit::toNanos (45 bytes)
Event: 90.961 Thread 0x00000143da347610 nmethod 1645 0x00000143c8f93710 code [0x00000143c8f938c0, 0x00000143c8f93b18]
Event: 91.595 Thread 0x00000143da347610 1646       3       java.lang.StringBuilder::append (8 bytes)
Event: 91.596 Thread 0x00000143da347610 nmethod 1646 0x00000143c8f93b90 code [0x00000143c8f93d40, 0x00000143c8f93e88]
Event: 91.885 Thread 0x00000143da347610 1647       3       java.nio.ByteBuffer::position (6 bytes)
Event: 91.886 Thread 0x00000143da347610 nmethod 1647 0x00000143c8f93f10 code [0x00000143c8f940c0, 0x00000143c8f94288]
Event: 92.950 Thread 0x00000143da347610 1648       3       org.gradle.internal.logging.console.ProgressBar::formatProgress (315 bytes)

GC Heap History (4 events):
Event: 3.082 GC heap before
{Heap before GC invocations=0 (full 0):
 garbage-first heap   total 65536K, used 12288K [0x00000000fc000000, 0x0000000100000000)
  region size 1024K, 13 young (13312K), 0 survivors (0K)
 Metaspace       used 1670K, committed 1792K, reserved 1114112K
  class space    used 157K, committed 192K, reserved 1048576K
}
Event: 3.599 GC heap after
{Heap after GC invocations=1 (full 0):
 garbage-first heap   total 65536K, used 1504K [0x00000000fc000000, 0x0000000100000000)
  region size 1024K, 2 young (2048K), 2 survivors (2048K)
 Metaspace       used 1670K, committed 1792K, reserved 1114112K
  class space    used 157K, committed 192K, reserved 1048576K
}
Event: 7.094 GC heap before
{Heap before GC invocations=1 (full 0):
 garbage-first heap   total 65536K, used 23008K [0x00000000fc000000, 0x0000000100000000)
  region size 1024K, 20 young (20480K), 2 survivors (2048K)
 Metaspace       used 2452K, committed 2624K, reserved 1114112K
  class space    used 247K, committed 320K, reserved 1048576K
}
Event: 7.105 GC heap after
{Heap after GC invocations=2 (full 0):
 garbage-first heap   total 65536K, used 9572K [0x00000000fc000000, 0x0000000100000000)
  region size 1024K, 3 young (3072K), 3 survivors (3072K)
 Metaspace       used 2452K, committed 2624K, reserved 1114112K
  class space    used 247K, committed 320K, reserved 1048576K
}

Dll operation events (13 events):
Event: 0.078 Loaded shared library C:\Program Files\Eclipse Adoptium\jdk-17.0.18.8-hotspot\bin\java.dll
Event: 0.251 Loaded shared library C:\Program Files\Eclipse Adoptium\jdk-17.0.18.8-hotspot\bin\jsvml.dll
Event: 0.912 Loaded shared library C:\Program Files\Eclipse Adoptium\jdk-17.0.18.8-hotspot\bin\net.dll
Event: 0.926 Loaded shared library C:\Program Files\Eclipse Adoptium\jdk-17.0.18.8-hotspot\bin\nio.dll
Event: 0.933 Loaded shared library C:\Program Files\Eclipse Adoptium\jdk-17.0.18.8-hotspot\bin\zip.dll
Event: 4.172 Loaded shared library C:\Program Files\Eclipse Adoptium\jdk-17.0.18.8-hotspot\bin\jimage.dll
Event: 8.095 Loaded shared library C:\Program Files\Eclipse Adoptium\jdk-17.0.18.8-hotspot\bin\management.dll
Event: 8.105 Loaded shared library C:\Program Files\Eclipse Adoptium\jdk-17.0.18.8-hotspot\bin\management_ext.dll
Event: 8.384 Loaded shared library C:\Program Files\Eclipse Adoptium\jdk-17.0.18.8-hotspot\bin\verify.dll
Event: 8.433 Loaded shared library D:\gradle-cache\native\1def1411415f61bf3af743bc5b6707747c0891f09f0c88961ee8f79bc544acac\windows-amd64\native-platform.dll
Event: 8.824 Loaded shared library D:\gradle-cache\native\jansi\1.18\windows64\jansi.dll
Event: 13.006 Loaded shared library C:\Program Files\Eclipse Adoptium\jdk-17.0.18.8-hotspot\bin\extnet.dll
Event: 16.345 Loaded shared library C:\Program Files\Eclipse Adoptium\jdk-17.0.18.8-hotspot\bin\sunmscapi.dll

Deoptimization events (20 events):
Event: 15.379 Thread 0x00000143c111f3d0 Uncommon trap: trap_request=0xffffff45 fr.pc=0x00000143d07aec74 relative=0x0000000000000654
Event: 15.379 Thread 0x00000143c111f3d0 Uncommon trap: reason=unstable_if action=reinterpret pc=0x00000143d07aec74 method=java.lang.AbstractStringBuilder.append(Ljava/lang/String;)Ljava/lang/AbstractStringBuilder; @ 1 c2
Event: 15.379 Thread 0x00000143c111f3d0 DEOPT PACKING pc=0x00000143d07aec74 sp=0x0000003cdf2fcdc0
Event: 15.379 Thread 0x00000143c111f3d0 DEOPT UNPACKING pc=0x00000143d02169a3 sp=0x0000003cdf2fcd50 mode 2
Event: 15.546 Thread 0x00000143c111f3d0 Uncommon trap: trap_request=0xffffffde fr.pc=0x00000143d079969c relative=0x000000000000007c
Event: 15.546 Thread 0x00000143c111f3d0 Uncommon trap: reason=class_check action=maybe_recompile pc=0x00000143d079969c method=java.util.AbstractList$Itr.hasNext()Z @ 8 c2
Event: 15.546 Thread 0x00000143c111f3d0 DEOPT PACKING pc=0x00000143d079969c sp=0x0000003cdf2fc7b0
Event: 15.546 Thread 0x00000143c111f3d0 DEOPT UNPACKING pc=0x00000143d02169a3 sp=0x0000003cdf2fc748 mode 2
Event: 15.580 Thread 0x00000143c111f3d0 Uncommon trap: trap_request=0xffffff45 fr.pc=0x00000143d07a9ef8 relative=0x0000000000000b38
Event: 15.580 Thread 0x00000143c111f3d0 Uncommon trap: reason=unstable_if action=reinterpret pc=0x00000143d07a9ef8 method=java.util.HashMap.putVal(ILjava/lang/Object;Ljava/lang/Object;ZZ)Ljava/lang/Object; @ 162 c2
Event: 15.580 Thread 0x00000143c111f3d0 DEOPT PACKING pc=0x00000143d07a9ef8 sp=0x0000003cdf2fafa0
Event: 15.580 Thread 0x00000143c111f3d0 DEOPT UNPACKING pc=0x00000143d02169a3 sp=0x0000003cdf2faed8 mode 2
Event: 16.352 Thread 0x00000143c111f3d0 Uncommon trap: trap_request=0xffffffde fr.pc=0x00000143d079969c relative=0x000000000000007c
Event: 16.352 Thread 0x00000143c111f3d0 Uncommon trap: reason=class_check action=maybe_recompile pc=0x00000143d079969c method=java.util.AbstractList$Itr.hasNext()Z @ 8 c2
Event: 16.352 Thread 0x00000143c111f3d0 DEOPT PACKING pc=0x00000143d079969c sp=0x0000003cdf2fc0d0
Event: 16.352 Thread 0x00000143c111f3d0 DEOPT UNPACKING pc=0x00000143d02169a3 sp=0x0000003cdf2fc068 mode 2
Event: 16.451 Thread 0x00000144207f9920 Uncommon trap: trap_request=0xffffffde fr.pc=0x00000143d079969c relative=0x000000000000007c
Event: 16.451 Thread 0x00000144207f9920 Uncommon trap: reason=class_check action=maybe_recompile pc=0x00000143d079969c method=java.util.AbstractList$Itr.hasNext()Z @ 8 c2
Event: 16.451 Thread 0x00000144207f9920 DEOPT PACKING pc=0x00000143d079969c sp=0x0000003ce08feba0
Event: 16.451 Thread 0x00000144207f9920 DEOPT UNPACKING pc=0x00000143d02169a3 sp=0x0000003ce08feb38 mode 2

Classes loaded (20 events):
Event: 16.366 Loading class sun/nio/ch/SinkChannelImpl
Event: 16.367 Loading class java/nio/channels/Pipe$SinkChannel
Event: 16.367 Loading class java/nio/channels/Pipe$SinkChannel done
Event: 16.367 Loading class sun/nio/ch/SinkChannelImpl done
Event: 16.395 Loading class sun/nio/ch/SelectionKeyImpl
Event: 16.395 Loading class java/nio/channels/spi/AbstractSelectionKey
Event: 16.396 Loading class java/nio/channels/SelectionKey
Event: 16.396 Loading class java/nio/channels/SelectionKey done
Event: 16.396 Loading class java/nio/channels/spi/AbstractSelectionKey done
Event: 16.396 Loading class sun/nio/ch/SelectionKeyImpl done
Event: 16.396 Loading class java/lang/invoke/ConstantBootstraps
Event: 16.397 Loading class java/lang/invoke/ConstantBootstraps done
Event: 16.449 Loading class java/util/AbstractList$ListItr
Event: 16.449 Loading class java/util/AbstractList$ListItr done
Event: 16.456 Loading class java/nio/channels/spi/AbstractSelector$1
Event: 16.456 Loading class java/nio/channels/spi/AbstractSelector$1 done
Event: 16.602 Loading class java/util/concurrent/Executors$FinalizableDelegatedExecutorService
Event: 16.603 Loading class java/util/concurrent/Executors$FinalizableDelegatedExecutorService done
Event: 37.252 Loading class java/util/ArrayList$ListItr
Event: 37.253 Loading class java/util/ArrayList$ListItr done

Classes unloaded (0 events):
No events

Classes redefined (0 events):
No events

Internal exceptions (19 events):
Event: 1.538 Thread 0x00000143c111f3d0 Exception <a 'java/lang/NoSuchMethodError'{0x00000000ffdea870}: 'int java.lang.invoke.DirectMethodHandle$Holder.invokeStaticInit(java.lang.Object, java.lang.Object)'> (0x00000000ffdea870) 
thrown [s\src\hotspot\share\interpreter\linkResolver.cpp, line 759]
Event: 7.422 Thread 0x00000143c111f3d0 Exception <a 'java/lang/NoSuchMethodError'{0x00000000ffd0a6e8}: 'int java.lang.invoke.DirectMethodHandle$Holder.invokeStatic(java.lang.Object, java.lang.Object, int)'> (0x00000000ffd0a6e8) 
thrown [s\src\hotspot\share\interpreter\linkResolver.cpp, line 759]
Event: 8.088 Thread 0x00000143c111f3d0 Exception <a 'java/lang/NoSuchMethodError'{0x00000000ffaacf08}: 'java.lang.Object java.lang.invoke.DirectMethodHandle$Holder.invokeStaticInit(java.lang.Object)'> (0x00000000ffaacf08) 
thrown [s\src\hotspot\share\interpreter\linkResolver.cpp, line 759]
Event: 8.180 Thread 0x00000143c111f3d0 Exception <a 'java/lang/NoSuchMethodError'{0x00000000ffac7c38}: 'int java.lang.invoke.DirectMethodHandle$Holder.invokeSpecial(java.lang.Object, java.lang.Object, java.lang.Object)'> (0x00000000ffac7c38) 
thrown [s\src\hotspot\share\interpreter\linkResolver.cpp, line 759]
Event: 8.214 Thread 0x00000143c111f3d0 Exception <a 'java/lang/NoSuchMethodError'{0x00000000ff904b48}: 'void java.lang.invoke.DirectMethodHandle$Holder.invokeStatic(java.lang.Object, java.lang.Object)'> (0x00000000ff904b48) 
thrown [s\src\hotspot\share\interpreter\linkResolver.cpp, line 759]
Event: 8.266 Thread 0x00000143c111f3d0 Implicit null exception at 0x00000143d07c738f to 0x00000143d07c790c
Event: 8.489 Thread 0x00000143c111f3d0 Exception <a 'java/lang/NoSuchMethodError'{0x00000000ff8b0b20}: 'java.lang.Object java.lang.invoke.Invokers$Holder.invoker(java.lang.Object, java.lang.Object, java.lang.Object)'> (0x00000000ff8b0b20) 
thrown [s\src\hotspot\share\interpreter\linkResolver.cpp, line 759]
Event: 8.493 Thread 0x00000143c111f3d0 Exception <a 'java/lang/NoSuchMethodError'{0x00000000ff8b9c78}: 'java.lang.Object java.lang.invoke.DirectMethodHandle$Holder.invokeStatic(java.lang.Object, java.lang.Object, int)'> (0x00000000ff8b9c78) 
thrown [s\src\hotspot\share\interpreter\linkResolver.cpp, line 759]
Event: 8.497 Thread 0x00000143c111f3d0 Exception <a 'java/lang/NoSuchMethodError'{0x00000000ff8c5968}: 'void java.lang.invoke.DelegatingMethodHandle$Holder.delegate(java.lang.Object, java.lang.Object, int, java.lang.Object)'> (0x00000000ff8c5968) 
thrown [s\src\hotspot\share\interpreter\linkResolver.cpp, line 759]
Event: 8.506 Thread 0x00000143c111f3d0 Exception <a 'java/lang/NoSuchMethodError'{0x00000000ff8d8fb0}: 'java.lang.Object java.lang.invoke.Invokers$Holder.invokeExact_MT(java.lang.Object, java.lang.Object, java.lang.Object, java.lang.Object)'> (0x00000000ff8d8fb0) 
thrown [s\src\hotspot\share\interpreter\linkResolver.cpp, line 759]
Event: 8.522 Thread 0x00000143c111f3d0 Exception <a 'java/lang/NoSuchMethodError'{0x00000000ff706d98}: 'java.lang.Object java.lang.invoke.DirectMethodHandle$Holder.invokeVirtual(java.lang.Object, java.lang.Object, java.lang.Object)'> (0x00000000ff706d98) 
thrown [s\src\hotspot\share\interpreter\linkResolver.cpp, line 759]
Event: 9.160 Thread 0x00000143c111f3d0 Exception <a 'java/lang/NoSuchMethodError'{0x00000000ff4b6d70}: 'java.lang.Object java.lang.invoke.DirectMethodHandle$Holder.newInvokeSpecial(java.lang.Object, java.lang.Object, java.lang.Object, java.lang.Object, java.lang.Object)'> (0x00000000ff4b6d70) 
thrown [s\src\hotspot\share\interpreter\linkResolver.cpp, line 759]
Event: 9.278 Thread 0x00000143c111f3d0 Exception <a 'java/lang/NoSuchMethodError'{0x00000000ff2a1998}: 'void java.lang.invoke.DirectMethodHandle$Holder.invokeSpecial(java.lang.Object, java.lang.Object, java.lang.Object)'> (0x00000000ff2a1998) 
thrown [s\src\hotspot\share\interpreter\linkResolver.cpp, line 759]
Event: 9.284 Thread 0x00000143c111f3d0 Implicit null exception at 0x00000143d07af58f to 0x00000143d07afb14
Event: 9.329 Thread 0x00000143c111f3d0 Implicit null exception at 0x00000143d07d59af to 0x00000143d07d5a29
Event: 13.012 Thread 0x00000143c111f3d0 Exception <a 'java/lang/NoSuchMethodError'{0x00000000ff0bc1d0}: 'void java.lang.invoke.DirectMethodHandle$Holder.invokeStatic(java.lang.Object, java.lang.Object, java.lang.Object)'> (0x00000000ff0bc1d0) 
thrown [s\src\hotspot\share\interpreter\linkResolver.cpp, line 759]
Event: 14.447 Thread 0x00000143c111f3d0 Exception <a 'java/lang/NoSuchMethodError'{0x00000000fe89ab90}: 'java.lang.Object java.lang.invoke.DirectMethodHandle$Holder.invokeStaticInit(java.lang.Object, int, int, int, int)'> (0x00000000fe89ab90) 
thrown [s\src\hotspot\share\interpreter\linkResolver.cpp, line 759]
Event: 15.272 Thread 0x00000143c111f3d0 Exception <a 'java/lang/NoSuchMethodError'{0x00000000fe8cd4f0}: 'java.lang.Object java.lang.invoke.DirectMethodHandle$Holder.invokeStaticInit(java.lang.Object, java.lang.Object, int, int, int, int)'> (0x00000000fe8cd4f0) 
thrown [s\src\hotspot\share\interpreter\linkResolver.cpp, line 759]
Event: 15.379 Thread 0x00000143c111f3d0 Implicit null exception at 0x00000143d07ae655 to 0x00000143d07aec5c

VM Operations (20 events):
Event: 67.263 Executing VM operation: Cleanup
Event: 67.263 Executing VM operation: Cleanup done
Event: 68.264 Executing VM operation: Cleanup
Event: 68.264 Executing VM operation: Cleanup done
Event: 70.265 Executing VM operation: Cleanup
Event: 70.265 Executing VM operation: Cleanup done
Event: 72.270 Executing VM operation: Cleanup
Event: 72.270 Executing VM operation: Cleanup done
Event: 76.288 Executing VM operation: Cleanup
Event: 76.288 Executing VM operation: Cleanup done
Event: 77.292 Executing VM operation: Cleanup
Event: 77.292 Executing VM operation: Cleanup done
Event: 82.312 Executing VM operation: Cleanup
Event: 82.312 Executing VM operation: Cleanup done
Event: 86.329 Executing VM operation: Cleanup
Event: 86.329 Executing VM operation: Cleanup done
Event: 89.351 Executing VM operation: Cleanup
Event: 89.351 Executing VM operation: Cleanup done
Event: 91.356 Executing VM operation: Cleanup
Event: 91.356 Executing VM operation: Cleanup done

Memory protections (0 events):
No events

Nmethod flushes (0 events):
No events

Events (13 events):
Event: 0.252 Thread 0x00000143c111f3d0 Thread added: 0x00000143c111f3d0
Event: 0.450 Thread 0x00000143c111f3d0 Thread added: 0x00000143da2bcf00
Event: 0.450 Thread 0x00000143c111f3d0 Thread added: 0x00000143da2bec30
Event: 0.690 Thread 0x00000143c111f3d0 Thread added: 0x00000143da2d6640
Event: 0.690 Thread 0x00000143c111f3d0 Thread added: 0x00000143da2d9010
Event: 0.690 Thread 0x00000143c111f3d0 Thread added: 0x00000143da2d99d0
Event: 0.690 Thread 0x00000143c111f3d0 Thread added: 0x00000143da2da390
Event: 0.691 Thread 0x00000143c111f3d0 Thread added: 0x00000143da2db080
Event: 0.742 Thread 0x00000143c111f3d0 Thread added: 0x00000143da347610
Event: 0.760 Thread 0x00000143c111f3d0 Thread added: 0x00000143da34f750
Event: 0.896 Thread 0x00000143c111f3d0 Thread added: 0x00000143da51a3b0
Event: 0.898 Thread 0x00000143c111f3d0 Thread added: 0x00000143da51b0f0
Event: 8.955 Thread 0x00000143c111f3d0 Thread added: 0x00000144207f9920


Dynamic libraries:
0x00007ff6658b0000 - 0x00007ff6658be000 	C:\Program Files\Eclipse Adoptium\jdk-17.0.18.8-hotspot\bin\java.exe
0x00007ffee2d30000 - 0x00007ffee2f28000 	C:\WINDOWS\SYSTEM32\ntdll.dll
0x00007ffee2200000 - 0x00007ffee22c2000 	C:\WINDOWS\System32\KERNEL32.DLL
0x00007ffee0740000 - 0x00007ffee0a36000 	C:\WINDOWS\System32\KERNELBASE.dll
0x00007ffee0c50000 - 0x00007ffee0d50000 	C:\WINDOWS\System32\ucrtbase.dll
0x00007ffeda1d0000 - 0x00007ffeda1e8000 	C:\Program Files\Eclipse Adoptium\jdk-17.0.18.8-hotspot\bin\jli.dll
0x00007ffee1b30000 - 0x00007ffee1cd1000 	C:\WINDOWS\System32\USER32.dll
0x00007ffee0ba0000 - 0x00007ffee0bc2000 	C:\WINDOWS\System32\win32u.dll
0x00007ffee0d50000 - 0x00007ffee0d7b000 	C:\WINDOWS\System32\GDI32.dll
0x00007ffee0580000 - 0x00007ffee0699000 	C:\WINDOWS\System32\gdi32full.dll
0x00007ffee06a0000 - 0x00007ffee073d000 	C:\WINDOWS\System32\msvcp_win.dll
0x00007ffed9040000 - 0x00007ffed905e000 	C:\Program Files\Eclipse Adoptium\jdk-17.0.18.8-hotspot\bin\VCRUNTIME140.dll
0x00007ffed15c0000 - 0x00007ffed185b000 	C:\WINDOWS\WinSxS\amd64_microsoft.windows.common-controls_6595b64144ccf1df_6.0.19041.6456_none_60b8a6cb71f64256\COMCTL32.dll
0x00007ffee22d0000 - 0x00007ffee236e000 	C:\WINDOWS\System32\msvcrt.dll
0x00007ffee1160000 - 0x00007ffee118f000 	C:\WINDOWS\System32\IMM32.DLL
0x00007ffed9620000 - 0x00007ffed962c000 	C:\Program Files\Eclipse Adoptium\jdk-17.0.18.8-hotspot\bin\vcruntime140_1.dll
0x00007ffebfab0000 - 0x00007ffebfb3d000 	C:\Program Files\Eclipse Adoptium\jdk-17.0.18.8-hotspot\bin\msvcp140.dll
0x00007ffe33470000 - 0x00007ffe340db000 	C:\Program Files\Eclipse Adoptium\jdk-17.0.18.8-hotspot\bin\server\jvm.dll
0x00007ffee29a0000 - 0x00007ffee2a51000 	C:\WINDOWS\System32\ADVAPI32.dll
0x00007ffee2af0000 - 0x00007ffee2b8f000 	C:\WINDOWS\System32\sechost.dll
0x00007ffee1030000 - 0x00007ffee1150000 	C:\WINDOWS\System32\RPCRT4.dll
0x00007ffee04c0000 - 0x00007ffee04e7000 	C:\WINDOWS\System32\bcrypt.dll
0x00007ffee26e0000 - 0x00007ffee274b000 	C:\WINDOWS\System32\WS2_32.dll
0x00007ffee0220000 - 0x00007ffee026b000 	C:\WINDOWS\SYSTEM32\POWRPROF.dll
0x00007ffed1540000 - 0x00007ffed1567000 	C:\WINDOWS\SYSTEM32\WINMM.dll
0x00007ffed5fd0000 - 0x00007ffed5fda000 	C:\WINDOWS\SYSTEM32\VERSION.dll
0x00007ffee0200000 - 0x00007ffee0212000 	C:\WINDOWS\SYSTEM32\UMPDC.dll
0x00007ffedebc0000 - 0x00007ffedebd2000 	C:\WINDOWS\SYSTEM32\kernel.appcore.dll
0x00007ffec7290000 - 0x00007ffec729a000 	C:\Program Files\Eclipse Adoptium\jdk-17.0.18.8-hotspot\bin\jimage.dll
0x00007ffed0400000 - 0x00007ffed0601000 	C:\WINDOWS\SYSTEM32\DBGHELP.DLL
0x00007ffec8650000 - 0x00007ffec8684000 	C:\WINDOWS\SYSTEM32\dbgcore.DLL
0x00007ffee04f0000 - 0x00007ffee0572000 	C:\WINDOWS\System32\bcryptPrimitives.dll
0x00007ffec07f0000 - 0x00007ffec0815000 	C:\Program Files\Eclipse Adoptium\jdk-17.0.18.8-hotspot\bin\java.dll
0x00007ffeba0b0000 - 0x00007ffeba187000 	C:\Program Files\Eclipse Adoptium\jdk-17.0.18.8-hotspot\bin\jsvml.dll
0x00007ffee1190000 - 0x00007ffee1900000 	C:\WINDOWS\System32\SHELL32.dll
0x00007ffedd910000 - 0x00007ffede0b5000 	C:\WINDOWS\SYSTEM32\windows.storage.dll
0x00007ffee2380000 - 0x00007ffee26d4000 	C:\WINDOWS\System32\combase.dll
0x00007ffedfca0000 - 0x00007ffedfccb000 	C:\WINDOWS\SYSTEM32\Wldp.dll
0x00007ffee2c20000 - 0x00007ffee2ced000 	C:\WINDOWS\System32\OLEAUT32.dll
0x00007ffee1ce0000 - 0x00007ffee1d8d000 	C:\WINDOWS\System32\SHCORE.dll
0x00007ffee2a90000 - 0x00007ffee2aeb000 	C:\WINDOWS\System32\shlwapi.dll
0x00007ffee02f0000 - 0x00007ffee0314000 	C:\WINDOWS\SYSTEM32\profapi.dll
0x00007ffec07d0000 - 0x00007ffec07ea000 	C:\Program Files\Eclipse Adoptium\jdk-17.0.18.8-hotspot\bin\net.dll
0x00007ffed7260000 - 0x00007ffed736a000 	C:\WINDOWS\SYSTEM32\WINHTTP.dll
0x00007ffedfa80000 - 0x00007ffedfaea000 	C:\WINDOWS\system32\mswsock.dll
0x00007ffec04c0000 - 0x00007ffec04d6000 	C:\Program Files\Eclipse Adoptium\jdk-17.0.18.8-hotspot\bin\nio.dll
0x00007ffec04a0000 - 0x00007ffec04b8000 	C:\Program Files\Eclipse Adoptium\jdk-17.0.18.8-hotspot\bin\zip.dll
0x00007ffec7280000 - 0x00007ffec728a000 	C:\Program Files\Eclipse Adoptium\jdk-17.0.18.8-hotspot\bin\management.dll
0x00007ffec1270000 - 0x00007ffec127c000 	C:\Program Files\Eclipse Adoptium\jdk-17.0.18.8-hotspot\bin\management_ext.dll
0x00007ffee2a60000 - 0x00007ffee2a68000 	C:\WINDOWS\System32\PSAPI.DLL
0x00007ffec1260000 - 0x00007ffec1270000 	C:\Program Files\Eclipse Adoptium\jdk-17.0.18.8-hotspot\bin\verify.dll
0x00007ffecba50000 - 0x00007ffecba77000 	D:\gradle-cache\native\1def1411415f61bf3af743bc5b6707747c0891f09f0c88961ee8f79bc544acac\windows-amd64\native-platform.dll
0x00007ffed9ef0000 - 0x00007ffed9efa000 	D:\gradle-cache\native\jansi\1.18\windows64\jansi.dll
0x00007ffedf710000 - 0x00007ffedf74b000 	C:\WINDOWS\SYSTEM32\IPHLPAPI.DLL
0x00007ffee1150000 - 0x00007ffee1158000 	C:\WINDOWS\System32\NSI.dll
0x00007ffed56d0000 - 0x00007ffed56e7000 	C:\WINDOWS\SYSTEM32\dhcpcsvc6.DLL
0x00007ffed5620000 - 0x00007ffed563d000 	C:\WINDOWS\SYSTEM32\dhcpcsvc.DLL
0x00007ffedf750000 - 0x00007ffedf81a000 	C:\WINDOWS\SYSTEM32\DNSAPI.dll
0x00007ffec1240000 - 0x00007ffec1249000 	C:\Program Files\Eclipse Adoptium\jdk-17.0.18.8-hotspot\bin\extnet.dll
0x00007ffedfce0000 - 0x00007ffedfcf8000 	C:\WINDOWS\SYSTEM32\CRYPTSP.dll
0x00007ffedf350000 - 0x00007ffedf388000 	C:\WINDOWS\system32\rsaenh.dll
0x00007ffee02b0000 - 0x00007ffee02de000 	C:\WINDOWS\SYSTEM32\USERENV.dll
0x00007ffedfc10000 - 0x00007ffedfc1c000 	C:\WINDOWS\SYSTEM32\CRYPTBASE.dll
0x00007ffeda7a0000 - 0x00007ffeda7ae000 	C:\Program Files\Eclipse Adoptium\jdk-17.0.18.8-hotspot\bin\sunmscapi.dll
0x00007ffee0a40000 - 0x00007ffee0b9d000 	C:\WINDOWS\System32\CRYPT32.dll
0x00007ffedfdf0000 - 0x00007ffedfe17000 	C:\WINDOWS\SYSTEM32\ncrypt.dll
0x00007ffedfdb0000 - 0x00007ffedfdeb000 	C:\WINDOWS\SYSTEM32\NTASN1.dll
0x00007ffed1c30000 - 0x00007ffed1c37000 	C:\WINDOWS\system32\wshunix.dll

dbghelp: loaded successfully - version: 4.0.5 - missing functions: none
symbol engine: initialized successfully - sym options: 0x614 - pdb path: .;C:\Program Files\Eclipse Adoptium\jdk-17.0.18.8-hotspot\bin;C:\WINDOWS\SYSTEM32;C:\WINDOWS\WinSxS\amd64_microsoft.windows.common-controls_6595b64144ccf1df_6.0.19041.6456_none_60b8a6cb71f64256;C:\Program Files\Eclipse Adoptium\jdk-17.0.18.8-hotspot\bin\server;D:\gradle-cache\native\1def1411415f61bf3af743bc5b6707747c0891f09f0c88961ee8f79bc544acac\windows-amd64;D:\gradle-cache\native\jansi\1.18\windows64

VM Arguments:
jvm_args: -Xmx64m -Xms64m -Dorg.gradle.appname=gradlew 
java_command: E:\varxus\app\SparkDating\android\\gradle\wrapper\gradle-wrapper.jar app:installDebug -PreactNativeDevServerPort=8081
java_class_path (initial): E:\varxus\app\SparkDating\android\\gradle\wrapper\gradle-wrapper.jar
Launcher Type: SUN_STANDARD

[Global flags]
     intx CICompilerCount                          = 3                                         {product} {ergonomic}
     uint ConcGCThreads                            = 1                                         {product} {ergonomic}
     uint G1ConcRefinementThreads                  = 4                                         {product} {ergonomic}
   size_t G1HeapRegionSize                         = 1048576                                   {product} {ergonomic}
    uintx GCDrainStackTargetSize                   = 64                                        {product} {ergonomic}
   size_t InitialHeapSize                          = 67108864                                  {product} {command line}
   size_t MarkStackSize                            = 4194304                                   {product} {ergonomic}
   size_t MaxHeapSize                              = 67108864                                  {product} {command line}
   size_t MaxNewSize                               = 39845888                                  {product} {ergonomic}
   size_t MinHeapDeltaBytes                        = 1048576                                   {product} {ergonomic}
   size_t MinHeapSize                              = 67108864                                  {product} {command line}
    uintx NonNMethodCodeHeapSize                   = 5832780                                {pd product} {ergonomic}
    uintx NonProfiledCodeHeapSize                  = 122912730                              {pd product} {ergonomic}
    uintx ProfiledCodeHeapSize                     = 122912730                              {pd product} {ergonomic}
    uintx ReservedCodeCacheSize                    = 251658240                              {pd product} {ergonomic}
     bool SegmentedCodeCache                       = true                                      {product} {ergonomic}
   size_t SoftMaxHeapSize                          = 67108864                               {manageable} {ergonomic}
     bool UseCompressedClassPointers               = true                           {product lp64_product} {ergonomic}
     bool UseCompressedOops                        = true                           {product lp64_product} {ergonomic}
     bool UseG1GC                                  = true                                      {product} {ergonomic}
     bool UseLargePagesIndividualAllocation        = false                                  {pd product} {ergonomic}

Logging:
Log output configuration:
 #0: stdout all=warning uptime,level,tags
 #1: stderr all=off uptime,level,tags

Environment Variables:
JAVA_HOME=C:\Program Files\Eclipse Adoptium\jdk-17.0.18.8-hotspot
PATH=E:\varxus\app\SparkDating\node_modules\.bin;E:\varxus\app\SparkDating\node_modules\.bin;E:\varxus\app\node_modules\.bin;E:\varxus\node_modules\.bin;E:\node_modules\.bin;C:\Users\Sajeel Ahmad\AppData\Roaming\npm\node_modules\npm\node_modules\@npmcli\run-script\lib\node-gyp-bin;C:\Program Files\Eclipse Adoptium\jdk-17.0.18.8-hotspot\bin;C:\Users\Sajeel Ahmad\AppData\Roaming\npm;C:\Program Files\nodejs\;C:\Users\Sajeel Ahmad\AppData\Roaming\npm;C:\Program Files\nodejs\;C:\Users\Sajeel Ahmad\AppData\Roaming\npm;C:\Program Files\nodejs\;C:\Program Files\Java\jdk-26\bin;D:\Android\Sdk\platform-tools;D:\Android\Sdk\emulator;C:\WINDOWS\system32;C:\WINDOWS;C:\WINDOWS\System32\Wbem;C:\WINDOWS\System32\WindowsPowerShell\v1.0\;C:\WINDOWS\System32\OpenSSH\;C:\Program Files\Git\cmd;C:\Program Files\PostgreSQL\16\bin;C:\Program Files\dotnet\;C:\Program Files\nodejs\;C:\Program Files\PuTTY\;C:\Users\Sajeel Ahmad\AppData\Local\Microsoft\WindowsApps;C:\Users\Sajeel Ahmad\AppData\Local\Programs\Microsoft VS Code\bin;C:\Users\Sajeel Ahmad\AppData\Roaming\npm;C:\Users\Sajeel Ahmad\AppData\Local\Programs\cursor\resources\app\bin;C:\Program Files\Java\jdk-17\bin;D:\Android\Sdk\platform-tools;D:\Android\Sdk\emulator;C:\Users\Sajeel Ahmad\AppData\Local\Microsoft\WindowsApps;;C:\Users\Sajeel Ahmad\AppData\Local\Programs\Microsoft VS Code\bin;C:\Users\Sajeel Ahmad\AppData\Roaming\npm
USERNAME=Sajeel Ahmad
OS=Windows_NT
PROCESSOR_IDENTIFIER=Intel64 Family 6 Model 78 Stepping 3, GenuineIntel
TMP=C:\Users\SAJEEL~1\AppData\Local\Temp
TEMP=C:\Users\SAJEEL~1\AppData\Local\Temp



Periodic native trim disabled


---------------  S Y S T E M  ---------------

OS:
 Windows 10 , 64 bit Build 19041 (10.0.19041.5915)
OS uptime: 2 days 4:54 hours
Hyper-V role detected

CPU: total 4 (initial active 4) (2 cores per cpu, 2 threads per core) family 6 model 78 stepping 3 microcode 0xcc, cx8, cmov, fxsr, ht, mmx, 3dnowpref, sse, sse2, sse3, ssse3, sse4.1, sse4.2, popcnt, lzcnt, tsc, tscinvbit, avx, avx2, aes, erms, clmul, bmi1, bmi2, rtm, adx, fma, vzeroupper, clflush, clflushopt, hv
Processor Information for all 4 processors :
  Max Mhz: 2496, Current Mhz: 798, Mhz Limit: 798

Memory: 4k page, system-wide physical 8058M (199M free)
TotalPageFile size 15273M (AvailPageFile size 0M)
current process WorkingSet (physical memory assigned to process): 91M, peak: 91M
current process commit charge ("private bytes"): 155M, peak: 156M

vm_info: OpenJDK 64-Bit Server VM (17.0.18+8) for windows-amd64 JRE (17.0.18+8), built on Jan 20 2026 22:28:22 by "admin" with MS VC++ 17.12 (VS2022)

END.
