#
# There is insufficient memory for the Java Runtime Environment to continue.
# Native memory allocation (malloc) failed to allocate 1756144 bytes. Error detail: Chunk::new
# Possible reasons:
#   The system is out of physical RAM or swap space
#   This process is running with CompressedOops enabled, and the Java Heap may be blocking the growth of the native heap
# Possible solutions:
#   Reduce memory load on the system
#   Increase physical memory or swap space
#   Check if swap backing store is full
#   Decrease Java heap size (-Xmx/-Xms)
#   Decrease number of Java threads
#   Decrease Java thread stack sizes (-Xss)
#   Set larger code cache with -XX:ReservedCodeCacheSize=
#   JVM is running with Zero Based Compressed Oops mode in which the Java heap is
#     placed in the first 32GB address space. The Java Heap base address is the
#     maximum limit for the native heap growth. Please use -XX:HeapBaseMinAddress
#     to set the Java Heap base and to place the Java Heap above 32GB virtual address.
# This output file may be truncated or incomplete.
#
#  Out of Memory Error (arena.cpp:191), pid=9488, tid=5604
#
# JRE version: OpenJDK Runtime Environment Temurin-17.0.18+8 (17.0.18+8) (build 17.0.18+8)
# Java VM: OpenJDK 64-Bit Server VM Temurin-17.0.18+8 (17.0.18+8, mixed mode, sharing, tiered, compressed oops, compressed class ptrs, g1 gc, windows-amd64)
# No core dump will be written. Minidumps are not enabled by default on client versions of Windows
#

---------------  S U M M A R Y ------------

Command Line: --add-opens=java.base/java.lang=ALL-UNNAMED --add-opens=java.base/java.lang.invoke=ALL-UNNAMED --add-opens=java.base/java.util=ALL-UNNAMED --add-opens=java.prefs/java.util.prefs=ALL-UNNAMED --add-exports=jdk.compiler/com.sun.tools.javac.api=ALL-UNNAMED --add-exports=jdk.compiler/com.sun.tools.javac.util=ALL-UNNAMED --add-opens=java.base/java.util=ALL-UNNAMED --add-opens=java.prefs/java.util.prefs=ALL-UNNAMED --add-opens=java.base/java.nio.charset=ALL-UNNAMED --add-opens=java.base/java.net=ALL-UNNAMED --add-opens=java.base/java.util.concurrent=ALL-UNNAMED --add-opens=java.base/java.util.concurrent.atomic=ALL-UNNAMED --add-opens=java.xml/javax.xml.namespace=ALL-UNNAMED -XX:MaxMetaspaceSize=1024m -Xmx4096m -Dfile.encoding=windows-1252 -Duser.country=US -Duser.language=en -Duser.variant -javaagent:D:\gradle-cache\wrapper\dists\gradle-9.0.0-bin\d6wjpkvcgsg3oed0qlfss3wgl\gradle-9.0.0\lib\agents\gradle-instrumentation-agent-9.0.0.jar org.gradle.launcher.daemon.bootstrap.GradleDaemon 9.0.0

Host: Intel(R) Core(TM) i5-6300U CPU @ 2.40GHz, 4 cores, 7G,  Windows 10 , 64 bit Build 19041 (10.0.19041.5915)
Time: Mon Mar 23 05:52:16 2026 Pakistan Standard Time elapsed time: 32.100130 seconds (0d 0h 0m 32s)

---------------  T H R E A D  ---------------

Current thread (0x0000021e4ead8130):  JavaThread "C2 CompilerThread0" daemon [_thread_in_native, id=5604, stack(0x000000f745600000,0x000000f745700000)]


Current CompileTask:
C2:32101 4344       4       org.objectweb.asm.Frame::execute (2303 bytes)

Stack: [0x000000f745600000,0x000000f745700000]
Native frames: (J=compiled Java code, j=interpreted, Vv=VM code, C=native code)
V  [jvm.dll+0x6846f9]
V  [jvm.dll+0x839ea5]
V  [jvm.dll+0x83b91e]
V  [jvm.dll+0x83bfa3]
V  [jvm.dll+0x248eff]
V  [jvm.dll+0xad496]
V  [jvm.dll+0xadb3c]
V  [jvm.dll+0x368c1e]
V  [jvm.dll+0x333055]
V  [jvm.dll+0x3324ba]
V  [jvm.dll+0x219db9]
V  [jvm.dll+0x219200]
V  [jvm.dll+0x1a4920]
V  [jvm.dll+0x22989a]
V  [jvm.dll+0x227a4b]
V  [jvm.dll+0x7f0658]
V  [jvm.dll+0x7eaaec]
V  [jvm.dll+0x6835c7]
C  [ucrtbase.dll+0x21bb2]
C  [KERNEL32.DLL+0x17374]
C  [ntdll.dll+0x4cc91]


---------------  P R O C E S S  ---------------

Threads class SMR info:
_java_thread_list=0x0000021e8988b0f0, length=35, elements={
0x0000021e2a330f40, 0x0000021e4eab8400, 0x0000021e4eab9fd0, 0x0000021e4ead3640,
0x0000021e4ead6010, 0x0000021e4ead69d0, 0x0000021e4ead7390, 0x0000021e4ead8130,
0x0000021e4ead8be0, 0x0000021e8801a060, 0x0000021e8803e000, 0x0000021e880ee700,
0x0000021e88ebefd0, 0x0000021e89a77830, 0x0000021e88e5a8b0, 0x0000021e897d9200,
0x0000021e897d5a50, 0x0000021e897d5f60, 0x0000021e897d73a0, 0x0000021e897d82d0,
0x0000021e897d6470, 0x0000021e897d6e90, 0x0000021e897d78b0, 0x0000021e897d8cf0,
0x0000021e897d6980, 0x0000021e897d7dc0, 0x0000021e897d87e0, 0x0000021e8a475fe0,
0x0000021e8a4764f0, 0x0000021e8a4755c0, 0x0000021e8a475ad0, 0x0000021e8a476a00,
0x0000021e8a476f10, 0x0000021e8a477420, 0x0000021e8a478350
}

Java Threads: ( => current thread )
  0x0000021e2a330f40 JavaThread "main" [_thread_blocked, id=1628, stack(0x000000f744800000,0x000000f744900000)]
  0x0000021e4eab8400 JavaThread "Reference Handler" daemon [_thread_blocked, id=19152, stack(0x000000f745000000,0x000000f745100000)]
  0x0000021e4eab9fd0 JavaThread "Finalizer" daemon [_thread_blocked, id=248, stack(0x000000f745100000,0x000000f745200000)]
  0x0000021e4ead3640 JavaThread "Signal Dispatcher" daemon [_thread_blocked, id=10236, stack(0x000000f745200000,0x000000f745300000)]
  0x0000021e4ead6010 JavaThread "Attach Listener" daemon [_thread_blocked, id=13788, stack(0x000000f745300000,0x000000f745400000)]
  0x0000021e4ead69d0 JavaThread "Service Thread" daemon [_thread_blocked, id=10852, stack(0x000000f745400000,0x000000f745500000)]
  0x0000021e4ead7390 JavaThread "Monitor Deflation Thread" daemon [_thread_blocked, id=19332, stack(0x000000f745500000,0x000000f745600000)]
=>0x0000021e4ead8130 JavaThread "C2 CompilerThread0" daemon [_thread_in_native, id=5604, stack(0x000000f745600000,0x000000f745700000)]
  0x0000021e4ead8be0 JavaThread "C1 CompilerThread0" daemon [_thread_blocked, id=8512, stack(0x000000f745700000,0x000000f745800000)]
  0x0000021e8801a060 JavaThread "Sweeper thread" daemon [_thread_blocked, id=956, stack(0x000000f745800000,0x000000f745900000)]
  0x0000021e8803e000 JavaThread "Common-Cleaner" daemon [_thread_blocked, id=18536, stack(0x000000f745900000,0x000000f745a00000)]
  0x0000021e880ee700 JavaThread "Notification Thread" daemon [_thread_blocked, id=4016, stack(0x000000f745a00000,0x000000f745b00000)]
  0x0000021e88ebefd0 JavaThread "Daemon health stats" [_thread_blocked, id=9356, stack(0x000000f745f00000,0x000000f746000000)]
  0x0000021e89a77830 JavaThread "Incoming local TCP Connector on port 49644" [_thread_in_native, id=4692, stack(0x000000f746000000,0x000000f746100000)]
  0x0000021e88e5a8b0 JavaThread "Daemon periodic checks" [_thread_blocked, id=16316, stack(0x000000f746100000,0x000000f746200000)]
  0x0000021e897d9200 JavaThread "Daemon" [_thread_blocked, id=7500, stack(0x000000f746200000,0x000000f746300000)]
  0x0000021e897d5a50 JavaThread "Handler for socket connection from /127.0.0.1:49644 to /127.0.0.1:49645" [_thread_in_native, id=18720, stack(0x000000f746300000,0x000000f746400000)]
  0x0000021e897d5f60 JavaThread "Cancel handler" [_thread_blocked, id=11324, stack(0x000000f746400000,0x000000f746500000)]
  0x0000021e897d73a0 JavaThread "Daemon worker" [_thread_in_Java, id=9376, stack(0x000000f746500000,0x000000f746600000)]
  0x0000021e897d82d0 JavaThread "Asynchronous log dispatcher for DefaultDaemonConnection: socket connection from /127.0.0.1:49644 to /127.0.0.1:49645" [_thread_blocked, id=4848, stack(0x000000f746600000,0x000000f746700000)]
  0x0000021e897d6470 JavaThread "Stdin handler" [_thread_blocked, id=6492, stack(0x000000f746700000,0x000000f746800000)]
  0x0000021e897d6e90 JavaThread "Daemon client event forwarder" [_thread_blocked, id=2620, stack(0x000000f746800000,0x000000f746900000)]
  0x0000021e897d78b0 JavaThread "Cache worker for journal cache (D:\gradle-cache\caches\journal-1)" [_thread_blocked, id=4040, stack(0x000000f746900000,0x000000f746a00000)]
  0x0000021e897d8cf0 JavaThread "File lock request listener" [_thread_in_native, id=10020, stack(0x000000f746a00000,0x000000f746b00000)]
  0x0000021e897d6980 JavaThread "Cache worker for file hash cache (D:\gradle-cache\caches\9.0.0\fileHashes)" [_thread_blocked, id=14404, stack(0x000000f746b00000,0x000000f746c00000)]
  0x0000021e897d7dc0 JavaThread "Cache worker for file hash cache (E:\varxus\app\SparkDating\android\.gradle\9.0.0\fileHashes)" [_thread_blocked, id=14784, stack(0x000000f746c00000,0x000000f746d00000)]
  0x0000021e897d87e0 JavaThread "Cache worker for Build Output Cleanup Cache (E:\varxus\app\SparkDating\android\.gradle\buildOutputCleanup)" [_thread_blocked, id=19408, stack(0x000000f746d00000,0x000000f746e00000)]
  0x0000021e8a475fe0 JavaThread "File watcher server" daemon [_thread_in_native, id=12556, stack(0x000000f746e00000,0x000000f746f00000)]
  0x0000021e8a4764f0 JavaThread "File watcher consumer" daemon [_thread_blocked, id=9152, stack(0x000000f746f00000,0x000000f747000000)]
  0x0000021e8a4755c0 JavaThread "Cache worker for checksums cache (E:\varxus\app\SparkDating\android\.gradle\9.0.0\checksums)" [_thread_blocked, id=16516, stack(0x000000f747000000,0x000000f747100000)]
  0x0000021e8a475ad0 JavaThread "Cache worker for file content cache (D:\gradle-cache\caches\9.0.0\fileContent)" [_thread_blocked, id=18872, stack(0x000000f747100000,0x000000f747200000)]
  0x0000021e8a476a00 JavaThread "Cache worker for cache directory md-supplier (D:\gradle-cache\caches\9.0.0\md-supplier)" [_thread_blocked, id=6528, stack(0x000000f747200000,0x000000f747300000)]
  0x0000021e8a476f10 JavaThread "Cache worker for cache directory md-rule (D:\gradle-cache\caches\9.0.0\md-rule)" [_thread_blocked, id=17952, stack(0x000000f747300000,0x000000f747400000)]
  0x0000021e8a477420 JavaThread "jar transforms" [_thread_blocked, id=15780, stack(0x000000f747400000,0x000000f747500000)]
  0x0000021e8a478350 JavaThread "Cache worker for Build Output Cleanup Cache (E:\varxus\app\SparkDating\node_modules\@react-native\gradle-plugin\.gradle\buildOutputCleanup)" [_thread_blocked, id=13808, stack(0x000000f747500000,0x000000f747600000)]

Other Threads:
  0x0000021e4eab0b40 VMThread "VM Thread" [stack: 0x000000f744f00000,0x000000f745000000] [id=17328]
  0x0000021e880eebe0 WatcherThread [stack: 0x000000f745b00000,0x000000f745c00000] [id=12440]
  0x0000021e2a39d1e0 GCTaskThread "GC Thread#0" [stack: 0x000000f744a00000,0x000000f744b00000] [id=10412]
  0x0000021e88214720 GCTaskThread "GC Thread#1" [stack: 0x000000f745c00000,0x000000f745d00000] [id=8712]
  0x0000021e88154f60 GCTaskThread "GC Thread#2" [stack: 0x000000f745d00000,0x000000f745e00000] [id=3132]
  0x0000021e88a83e10 GCTaskThread "GC Thread#3" [stack: 0x000000f745e00000,0x000000f745f00000] [id=4252]
  0x0000021e2a3adfd0 ConcurrentGCThread "G1 Main Marker" [stack: 0x000000f744b00000,0x000000f744c00000] [id=10160]
  0x0000021e2a3ae890 ConcurrentGCThread "G1 Conc#0" [stack: 0x000000f744c00000,0x000000f744d00000] [id=10164]
  0x0000021e2a3e8c00 ConcurrentGCThread "G1 Refine#0" [stack: 0x000000f744d00000,0x000000f744e00000] [id=15692]
  0x0000021e4e970680 ConcurrentGCThread "G1 Service" [stack: 0x000000f744e00000,0x000000f744f00000] [id=12232]

Threads with active compile tasks:
C2 CompilerThread0  32194 4344       4       org.objectweb.asm.Frame::execute (2303 bytes)

VM state: not at safepoint (normal execution)

VM Mutex/Monitor currently owned by a thread: None

Heap address: 0x0000000700000000, size: 4096 MB, Compressed Oops mode: Zero based, Oop shift amount: 3

CDS archive(s) mapped at: [0x0000021e4f000000-0x0000021e4fbb0000-0x0000021e4fbb0000), size 12255232, SharedBaseAddress: 0x0000021e4f000000, ArchiveRelocationMode: 1.
Compressed class space mapped at: 0x0000021e50000000-0x0000021e84000000, reserved size: 872415232
Narrow klass base: 0x0000021e4f000000, Narrow klass shift: 0, Narrow klass range: 0x100000000

GC Precious Log:
 CPUs: 4 total, 4 available
 Memory: 8058M
 Large Page Support: Disabled
 NUMA Support: Disabled
 Compressed Oops: Enabled (Zero based)
 Heap Region Size: 2M
 Heap Min Capacity: 8M
 Heap Initial Capacity: 126M
 Heap Max Capacity: 4G
 Pre-touch: Disabled
 Parallel Workers: 4
 Concurrent Workers: 1
 Concurrent Refinement Workers: 4
 Periodic GC: Disabled

Heap:
 garbage-first heap   total 90112K, used 46012K [0x0000000700000000, 0x0000000800000000)
  region size 2048K, 9 young (18432K), 1 survivors (2048K)
 Metaspace       used 37991K, committed 38656K, reserved 917504K
  class space    used 5398K, committed 5696K, reserved 851968K

Heap Regions: E=young(eden), S=young(survivor), O=old, HS=humongous(starts), HC=humongous(continues), CS=collection set, F=free, OA=open archive, CA=closed archive, TAMS=top-at-mark-start (previous, next)
|   0|0x0000000700000000, 0x0000000700200000, 0x0000000700200000|100%|HS|  |TAMS 0x0000000700200000, 0x0000000700000000| Complete 
|   1|0x0000000700200000, 0x0000000700400000, 0x0000000700400000|100%|HC|  |TAMS 0x0000000700400000, 0x0000000700200000| Complete 
|   2|0x0000000700400000, 0x0000000700600000, 0x0000000700600000|100%| O|  |TAMS 0x0000000700600000, 0x0000000700400000| Untracked 
|   3|0x0000000700600000, 0x0000000700800000, 0x0000000700800000|100%| O|  |TAMS 0x0000000700800000, 0x0000000700600000| Untracked 
|   4|0x0000000700800000, 0x0000000700a00000, 0x0000000700a00000|100%| O|  |TAMS 0x0000000700a00000, 0x0000000700800000| Untracked 
|   5|0x0000000700a00000, 0x0000000700c00000, 0x0000000700c00000|100%| O|  |TAMS 0x0000000700c00000, 0x0000000700a00000| Untracked 
|   6|0x0000000700c00000, 0x0000000700e00000, 0x0000000700e00000|100%| O|  |TAMS 0x0000000700e00000, 0x0000000700c00000| Untracked 
|   7|0x0000000700e00000, 0x0000000701000000, 0x0000000701000000|100%| O|  |TAMS 0x0000000700e00000, 0x0000000700e00000| Untracked 
|   8|0x0000000701000000, 0x0000000701200000, 0x0000000701200000|100%| O|  |TAMS 0x0000000701200000, 0x0000000701000000| Untracked 
|   9|0x0000000701200000, 0x0000000701400000, 0x0000000701400000|100%| O|  |TAMS 0x0000000701400000, 0x0000000701200000| Untracked 
|  10|0x0000000701400000, 0x0000000701600000, 0x0000000701600000|100%| O|  |TAMS 0x0000000701600000, 0x0000000701400000| Untracked 
|  11|0x0000000701600000, 0x0000000701800000, 0x0000000701800000|100%| O|  |TAMS 0x0000000701800000, 0x0000000701600000| Untracked 
|  12|0x0000000701800000, 0x0000000701a00000, 0x0000000701a00000|100%| O|  |TAMS 0x0000000701a00000, 0x0000000701800000| Untracked 
|  13|0x0000000701a00000, 0x0000000701a00000, 0x0000000701c00000|  0%| F|  |TAMS 0x0000000701a00000, 0x0000000701a00000| Untracked 
|  14|0x0000000701c00000, 0x0000000701e00000, 0x0000000701e00000|100%| O|  |TAMS 0x0000000701c00000, 0x0000000701c00000| Untracked 
|  15|0x0000000701e00000, 0x0000000702000000, 0x0000000702000000|100%| O|  |TAMS 0x0000000701e00000, 0x0000000701e00000| Untracked 
|  16|0x0000000702000000, 0x0000000702047800, 0x0000000702200000| 13%| O|  |TAMS 0x0000000702000000, 0x0000000702000000| Untracked 
|  17|0x0000000702200000, 0x0000000702200000, 0x0000000702400000|  0%| F|  |TAMS 0x0000000702200000, 0x0000000702200000| Untracked 
|  18|0x0000000702400000, 0x0000000702400000, 0x0000000702600000|  0%| F|  |TAMS 0x0000000702400000, 0x0000000702400000| Untracked 
|  19|0x0000000702600000, 0x0000000702600000, 0x0000000702800000|  0%| F|  |TAMS 0x0000000702600000, 0x0000000702600000| Untracked 
|  20|0x0000000702800000, 0x0000000702800000, 0x0000000702a00000|  0%| F|  |TAMS 0x0000000702800000, 0x0000000702800000| Untracked 
|  21|0x0000000702a00000, 0x0000000702a00000, 0x0000000702c00000|  0%| F|  |TAMS 0x0000000702a00000, 0x0000000702a00000| Untracked 
|  22|0x0000000702c00000, 0x0000000702c00000, 0x0000000702e00000|  0%| F|  |TAMS 0x0000000702c00000, 0x0000000702c00000| Untracked 
|  23|0x0000000702e00000, 0x0000000702e00000, 0x0000000703000000|  0%| F|  |TAMS 0x0000000702e00000, 0x0000000702e00000| Untracked 
|  24|0x0000000703000000, 0x0000000703000000, 0x0000000703200000|  0%| F|  |TAMS 0x0000000703000000, 0x0000000703000000| Untracked 
|  25|0x0000000703200000, 0x0000000703200000, 0x0000000703400000|  0%| F|  |TAMS 0x0000000703200000, 0x0000000703200000| Untracked 
|  26|0x0000000703400000, 0x0000000703400000, 0x0000000703600000|  0%| F|  |TAMS 0x0000000703400000, 0x0000000703400000| Untracked 
|  27|0x0000000703600000, 0x0000000703600000, 0x0000000703800000|  0%| F|  |TAMS 0x0000000703600000, 0x0000000703600000| Untracked 
|  28|0x0000000703800000, 0x0000000703800000, 0x0000000703a00000|  0%| F|  |TAMS 0x0000000703800000, 0x0000000703800000| Untracked 
|  29|0x0000000703a00000, 0x0000000703a00000, 0x0000000703c00000|  0%| F|  |TAMS 0x0000000703a00000, 0x0000000703a00000| Untracked 
|  30|0x0000000703c00000, 0x0000000703c00000, 0x0000000703e00000|  0%| F|  |TAMS 0x0000000703c00000, 0x0000000703c00000| Untracked 
|  31|0x0000000703e00000, 0x0000000703e00000, 0x0000000704000000|  0%| F|  |TAMS 0x0000000703e00000, 0x0000000703e00000| Untracked 
|  32|0x0000000704000000, 0x0000000704000000, 0x0000000704200000|  0%| F|  |TAMS 0x0000000704000000, 0x0000000704000000| Untracked 
|  33|0x0000000704200000, 0x0000000704200000, 0x0000000704400000|  0%| F|  |TAMS 0x0000000704200000, 0x0000000704200000| Untracked 
|  34|0x0000000704400000, 0x0000000704400000, 0x0000000704600000|  0%| F|  |TAMS 0x0000000704400000, 0x0000000704400000| Untracked 
|  35|0x0000000704600000, 0x00000007046053b8, 0x0000000704800000|  1%| E|  |TAMS 0x0000000704600000, 0x0000000704600000| Complete 
|  36|0x0000000704800000, 0x0000000704a00000, 0x0000000704a00000|100%| E|CS|TAMS 0x0000000704800000, 0x0000000704800000| Complete 
|  37|0x0000000704a00000, 0x0000000704c00000, 0x0000000704c00000|100%| E|CS|TAMS 0x0000000704a00000, 0x0000000704a00000| Complete 
|  38|0x0000000704c00000, 0x0000000704e00000, 0x0000000704e00000|100%| E|CS|TAMS 0x0000000704c00000, 0x0000000704c00000| Complete 
|  39|0x0000000704e00000, 0x0000000705000000, 0x0000000705000000|100%| E|CS|TAMS 0x0000000704e00000, 0x0000000704e00000| Complete 
|  40|0x0000000705000000, 0x0000000705200000, 0x0000000705200000|100%| E|CS|TAMS 0x0000000705000000, 0x0000000705000000| Complete 
|  41|0x0000000705200000, 0x0000000705400000, 0x0000000705400000|100%| E|CS|TAMS 0x0000000705200000, 0x0000000705200000| Complete 
|  42|0x0000000705400000, 0x00000007054a7878, 0x0000000705600000| 32%| S|CS|TAMS 0x0000000705400000, 0x0000000705400000| Complete 
|  62|0x0000000707c00000, 0x0000000707e00000, 0x0000000707e00000|100%| E|CS|TAMS 0x0000000707c00000, 0x0000000707c00000| Complete 

Card table byte_map: [0x0000021e434a0000,0x0000021e43ca0000] _byte_map_base: 0x0000021e3fca0000

Marking Bits (Prev, Next): (CMBitMap*) 0x0000021e2a39d6a0, (CMBitMap*) 0x0000021e2a39d6e0
 Prev Bits: [0x0000021e444a0000, 0x0000021e484a0000)
 Next Bits: [0x0000021e484a0000, 0x0000021e4c4a0000)

Polling page: 0x0000021e2a100000

Metaspace:

Usage:
  Non-class:     31.83 MB used.
      Class:      5.27 MB used.
       Both:     37.10 MB used.

Virtual space:
  Non-class space:       64.00 MB reserved,      32.19 MB ( 50%) committed,  1 nodes.
      Class space:      832.00 MB reserved,       5.56 MB ( <1%) committed,  1 nodes.
             Both:      896.00 MB reserved,      37.75 MB (  4%) committed. 

Chunk freelists:
   Non-Class:  15.80 MB
       Class:  10.36 MB
        Both:  26.16 MB

MaxMetaspaceSize: 1.00 GB
CompressedClassSpaceSize: 832.00 MB
Initial GC threshold: 21.00 MB
Current GC threshold: 58.88 MB
CDS: on
MetaspaceReclaimPolicy: balanced
 - commit_granule_bytes: 65536.
 - commit_granule_words: 8192.
 - virtual_space_node_default_size: 8388608.
 - enlarge_chunks_in_place: 1.
 - new_chunks_are_fully_committed: 0.
 - uncommit_free_chunks: 1.
 - use_allocation_guard: 0.
 - handle_deallocations: 1.


Internal statistics:

num_allocs_failed_limit: 6.
num_arena_births: 824.
num_arena_deaths: 0.
num_vsnodes_births: 2.
num_vsnodes_deaths: 0.
num_space_committed: 604.
num_space_uncommitted: 0.
num_chunks_returned_to_freelist: 6.
num_chunks_taken_from_freelist: 2400.
num_chunk_merges: 6.
num_chunk_splits: 1572.
num_chunks_enlarged: 1018.
num_inconsistent_stats: 0.

CodeHeap 'non-profiled nmethods': size=120000Kb used=2779Kb max_used=2779Kb free=117220Kb
 bounds [0x0000021e3b150000, 0x0000021e3b410000, 0x0000021e42680000]
CodeHeap 'profiled nmethods': size=120000Kb used=9015Kb max_used=9015Kb free=110984Kb
 bounds [0x0000021e33680000, 0x0000021e33f50000, 0x0000021e3abb0000]
CodeHeap 'non-nmethods': size=5760Kb used=1623Kb max_used=1684Kb free=4136Kb
 bounds [0x0000021e3abb0000, 0x0000021e3ae20000, 0x0000021e3b150000]
 total_blobs=5039 nmethods=4339 adapters=611
 compilation: enabled
              stopped_count=0, restarted_count=0
 full_count=0

Compilation events (20 events):
Event: 31.767 Thread 0x0000021e4ead8130 nmethod 4329 0x0000021e3b403910 code [0x0000021e3b403aa0, 0x0000021e3b403d98]
Event: 31.803 Thread 0x0000021e4ead8130 4334       4       java.util.zip.ZipCoder$UTF8ZipCoder::hasTrailingSlash (20 bytes)
Event: 31.804 Thread 0x0000021e4ead8130 nmethod 4334 0x0000021e3b403f90 code [0x0000021e3b404120, 0x0000021e3b4041f8]
Event: 31.815 Thread 0x0000021e4ead8130 4335       4       org.gradle.internal.reflect.PropertyAccessorType::of (99 bytes)
Event: 31.817 Thread 0x0000021e4ead8be0 4336       3       com.google.common.collect.Sets$ImprovedAbstractSet::<init> (5 bytes)
Event: 31.817 Thread 0x0000021e4ead8be0 nmethod 4336 0x0000021e33f41d90 code [0x0000021e33f41f40, 0x0000021e33f42178]
Event: 31.830 Thread 0x0000021e4ead8130 nmethod 4335 0x0000021e3b404310 code [0x0000021e3b4044c0, 0x0000021e3b404918]
Event: 31.830 Thread 0x0000021e4ead8130 4337       4       org.objectweb.asm.SymbolTable::addConstantUtf8 (98 bytes)
Event: 31.832 Thread 0x0000021e4ead8be0 4338       3       java.lang.Class::copyFields (36 bytes)
Event: 31.833 Thread 0x0000021e4ead8be0 nmethod 4338 0x0000021e33f42290 code [0x0000021e33f424e0, 0x0000021e33f42f68]
Event: 31.835 Thread 0x0000021e4ead8be0 4339       3       org.gradle.internal.reflect.JavaPropertyReflectionUtil::hasTypeVariable (267 bytes)
Event: 31.837 Thread 0x0000021e4ead8be0 nmethod 4339 0x0000021e33f43410 code [0x0000021e33f43820, 0x0000021e33f45d08]
Event: 31.864 Thread 0x0000021e4ead8be0 4340       3       org.gradle.internal.instantiation.generator.AsmBackedClassGenerator$ClassBuilderImpl$$Lambda$149/0x0000021e501c2e48::emit (37 bytes)
Event: 31.864 Thread 0x0000021e4ead8be0 nmethod 4340 0x0000021e33f46410 code [0x0000021e33f465c0, 0x0000021e33f46768]
Event: 31.864 Thread 0x0000021e4ead8be0 4341       3       org.gradle.internal.instantiation.generator.AsmBackedClassGenerator$ClassBuilderImpl::lambda$applyConventionMappingToGetter$34 (23 bytes)
Event: 31.864 Thread 0x0000021e4ead8be0 nmethod 4341 0x0000021e33f46810 code [0x0000021e33f469c0, 0x0000021e33f46bc8]
Event: 31.864 Thread 0x0000021e4ead8be0 4342       3       org.gradle.internal.instantiation.generator.AsmBackedClassGenerator$ClassBuilderImpl$35::<init> (403 bytes)
Event: 31.870 Thread 0x0000021e4ead8be0 nmethod 4342 0x0000021e33f46d10 code [0x0000021e33f47400, 0x0000021e33f4bfe8]
Event: 31.908 Thread 0x0000021e4ead8130 nmethod 4337 0x0000021e3b404e10 code [0x0000021e3b405020, 0x0000021e3b4063b0]
Event: 31.908 Thread 0x0000021e4ead8130 4344       4       org.objectweb.asm.Frame::execute (2303 bytes)

GC Heap History (20 events):
Event: 2.098 GC heap before
{Heap before GC invocations=1 (full 0):
 garbage-first heap   total 129024K, used 19607K [0x0000000700000000, 0x0000000800000000)
  region size 2048K, 9 young (18432K), 1 survivors (2048K)
 Metaspace       used 1158K, committed 1280K, reserved 917504K
  class space    used 75K, committed 128K, reserved 851968K
}
Event: 2.105 GC heap after
{Heap after GC invocations=2 (full 0):
 garbage-first heap   total 129024K, used 10078K [0x0000000700000000, 0x0000000800000000)
  region size 2048K, 2 young (4096K), 2 survivors (4096K)
 Metaspace       used 1158K, committed 1280K, reserved 917504K
  class space    used 75K, committed 128K, reserved 851968K
}
Event: 6.220 GC heap before
{Heap before GC invocations=2 (full 0):
 garbage-first heap   total 129024K, used 79710K [0x0000000700000000, 0x0000000800000000)
  region size 2048K, 37 young (75776K), 2 survivors (4096K)
 Metaspace       used 4594K, committed 4736K, reserved 917504K
  class space    used 572K, committed 640K, reserved 851968K
}
Event: 6.231 GC heap after
{Heap after GC invocations=3 (full 0):
 garbage-first heap   total 129024K, used 16707K [0x0000000700000000, 0x0000000800000000)
  region size 2048K, 5 young (10240K), 5 survivors (10240K)
 Metaspace       used 4594K, committed 4736K, reserved 917504K
  class space    used 572K, committed 640K, reserved 851968K
}
Event: 14.840 GC heap before
{Heap before GC invocations=3 (full 0):
 garbage-first heap   total 129024K, used 82243K [0x0000000700000000, 0x0000000800000000)
  region size 2048K, 37 young (75776K), 5 survivors (10240K)
 Metaspace       used 15580K, committed 15872K, reserved 917504K
  class space    used 2139K, committed 2304K, reserved 851968K
}
Event: 14.856 GC heap after
{Heap after GC invocations=4 (full 0):
 garbage-first heap   total 129024K, used 21070K [0x0000000700000000, 0x0000000800000000)
  region size 2048K, 3 young (6144K), 3 survivors (6144K)
 Metaspace       used 15580K, committed 15872K, reserved 917504K
  class space    used 2139K, committed 2304K, reserved 851968K
}
Event: 18.187 GC heap before
{Heap before GC invocations=4 (full 0):
 garbage-first heap   total 129024K, used 62030K [0x0000000700000000, 0x0000000800000000)
  region size 2048K, 25 young (51200K), 3 survivors (6144K)
 Metaspace       used 21270K, committed 21504K, reserved 917504K
  class space    used 2940K, committed 3072K, reserved 851968K
}
Event: 18.201 GC heap after
{Heap after GC invocations=5 (full 0):
 garbage-first heap   total 129024K, used 23519K [0x0000000700000000, 0x0000000800000000)
  region size 2048K, 4 young (8192K), 4 survivors (8192K)
 Metaspace       used 21270K, committed 21504K, reserved 917504K
  class space    used 2940K, committed 3072K, reserved 851968K
}
Event: 21.491 GC heap before
{Heap before GC invocations=6 (full 0):
 garbage-first heap   total 90112K, used 68575K [0x0000000700000000, 0x0000000800000000)
  region size 2048K, 26 young (53248K), 4 survivors (8192K)
 Metaspace       used 26562K, committed 26880K, reserved 917504K
  class space    used 3771K, committed 3904K, reserved 851968K
}
Event: 21.512 GC heap after
{Heap after GC invocations=7 (full 0):
 garbage-first heap   total 90112K, used 25384K [0x0000000700000000, 0x0000000800000000)
  region size 2048K, 3 young (6144K), 3 survivors (6144K)
 Metaspace       used 26562K, committed 26880K, reserved 917504K
  class space    used 3771K, committed 3904K, reserved 851968K
}
Event: 21.647 GC heap before
{Heap before GC invocations=7 (full 0):
 garbage-first heap   total 90112K, used 27432K [0x0000000700000000, 0x0000000800000000)
  region size 2048K, 4 young (8192K), 3 survivors (6144K)
 Metaspace       used 26751K, committed 27136K, reserved 917504K
  class space    used 3799K, committed 3968K, reserved 851968K
}
Event: 21.667 GC heap after
{Heap after GC invocations=8 (full 0):
 garbage-first heap   total 90112K, used 26117K [0x0000000700000000, 0x0000000800000000)
  region size 2048K, 1 young (2048K), 1 survivors (2048K)
 Metaspace       used 26751K, committed 27136K, reserved 917504K
  class space    used 3799K, committed 3968K, reserved 851968K
}
Event: 26.196 GC heap before
{Heap before GC invocations=8 (full 0):
 garbage-first heap   total 90112K, used 65029K [0x0000000700000000, 0x0000000800000000)
  region size 2048K, 21 young (43008K), 1 survivors (2048K)
 Metaspace       used 33002K, committed 33408K, reserved 917504K
  class space    used 4599K, committed 4800K, reserved 851968K
}
Event: 26.208 GC heap after
{Heap after GC invocations=9 (full 0):
 garbage-first heap   total 90112K, used 28356K [0x0000000700000000, 0x0000000800000000)
  region size 2048K, 2 young (4096K), 2 survivors (4096K)
 Metaspace       used 33002K, committed 33408K, reserved 917504K
  class space    used 4599K, committed 4800K, reserved 851968K
}
Event: 28.797 GC heap before
{Heap before GC invocations=9 (full 0):
 garbage-first heap   total 90112K, used 50884K [0x0000000700000000, 0x0000000800000000)
  region size 2048K, 14 young (28672K), 2 survivors (4096K)
 Metaspace       used 35599K, committed 36096K, reserved 917504K
  class space    used 5008K, committed 5248K, reserved 851968K
}
Event: 28.809 GC heap after
{Heap after GC invocations=10 (full 0):
 garbage-first heap   total 90112K, used 30540K [0x0000000700000000, 0x0000000800000000)
  region size 2048K, 2 young (4096K), 2 survivors (4096K)
 Metaspace       used 35599K, committed 36096K, reserved 917504K
  class space    used 5008K, committed 5248K, reserved 851968K
}
Event: 30.228 GC heap before
{Heap before GC invocations=11 (full 0):
 garbage-first heap   total 90112K, used 67404K [0x0000000700000000, 0x0000000800000000)
  region size 2048K, 20 young (40960K), 2 survivors (4096K)
 Metaspace       used 36407K, committed 37056K, reserved 917504K
  class space    used 5143K, committed 5440K, reserved 851968K
}
Event: 30.235 GC heap after
{Heap after GC invocations=12 (full 0):
 garbage-first heap   total 90112K, used 31650K [0x0000000700000000, 0x0000000800000000)
  region size 2048K, 2 young (4096K), 2 survivors (4096K)
 Metaspace       used 36407K, committed 37056K, reserved 917504K
  class space    used 5143K, committed 5440K, reserved 851968K
}
Event: 30.400 GC heap before
{Heap before GC invocations=12 (full 0):
 garbage-first heap   total 90112K, used 31650K [0x0000000700000000, 0x0000000800000000)
  region size 2048K, 3 young (6144K), 2 survivors (4096K)
 Metaspace       used 36541K, committed 37120K, reserved 917504K
  class space    used 5162K, committed 5440K, reserved 851968K
}
Event: 30.411 GC heap after
{Heap after GC invocations=13 (full 0):
 garbage-first heap   total 90112K, used 31676K [0x0000000700000000, 0x0000000800000000)
  region size 2048K, 1 young (2048K), 1 survivors (2048K)
 Metaspace       used 36541K, committed 37120K, reserved 917504K
  class space    used 5162K, committed 5440K, reserved 851968K
}

Dll operation events (15 events):
Event: 0.092 Loaded shared library C:\Program Files\Eclipse Adoptium\jdk-17.0.18.8-hotspot\bin\java.dll
Event: 0.252 Loaded shared library C:\Program Files\Eclipse Adoptium\jdk-17.0.18.8-hotspot\bin\jsvml.dll
Event: 0.734 Loaded shared library C:\Program Files\Eclipse Adoptium\jdk-17.0.18.8-hotspot\bin\zip.dll
Event: 0.739 Loaded shared library C:\Program Files\Eclipse Adoptium\jdk-17.0.18.8-hotspot\bin\instrument.dll
Event: 0.748 Loaded shared library C:\Program Files\Eclipse Adoptium\jdk-17.0.18.8-hotspot\bin\net.dll
Event: 0.753 Loaded shared library C:\Program Files\Eclipse Adoptium\jdk-17.0.18.8-hotspot\bin\nio.dll
Event: 0.758 Loaded shared library C:\Program Files\Eclipse Adoptium\jdk-17.0.18.8-hotspot\bin\zip.dll
Event: 1.573 Loaded shared library C:\Program Files\Eclipse Adoptium\jdk-17.0.18.8-hotspot\bin\jimage.dll
Event: 2.438 Loaded shared library C:\Program Files\Eclipse Adoptium\jdk-17.0.18.8-hotspot\bin\verify.dll
Event: 2.646 Loaded shared library D:\gradle-cache\native\1def1411415f61bf3af743bc5b6707747c0891f09f0c88961ee8f79bc544acac\windows-amd64\native-platform.dll
Event: 2.730 Loaded shared library D:\gradle-cache\native\0.2.8\x86_64-windows-gnu\gradle-fileevents.dll
Event: 7.712 Loaded shared library C:\Program Files\Eclipse Adoptium\jdk-17.0.18.8-hotspot\bin\management.dll
Event: 7.789 Loaded shared library C:\Program Files\Eclipse Adoptium\jdk-17.0.18.8-hotspot\bin\management_ext.dll
Event: 9.592 Loaded shared library C:\Program Files\Eclipse Adoptium\jdk-17.0.18.8-hotspot\bin\extnet.dll
Event: 11.073 Loaded shared library C:\Program Files\Eclipse Adoptium\jdk-17.0.18.8-hotspot\bin\sunmscapi.dll

Deoptimization events (20 events):
Event: 29.564 Thread 0x0000021e897d73a0 DEOPT PACKING pc=0x0000021e33c64666 sp=0x000000f7465f6930
Event: 29.564 Thread 0x0000021e897d73a0 DEOPT UNPACKING pc=0x0000021e3ac07143 sp=0x000000f7465f5e20 mode 0
Event: 29.565 Thread 0x0000021e897d73a0 DEOPT PACKING pc=0x0000021e33d7704d sp=0x000000f7465f6920
Event: 29.565 Thread 0x0000021e897d73a0 DEOPT UNPACKING pc=0x0000021e3ac07143 sp=0x000000f7465f5e18 mode 0
Event: 29.569 Thread 0x0000021e897d73a0 DEOPT PACKING pc=0x0000021e33c64666 sp=0x000000f7465f6930
Event: 29.569 Thread 0x0000021e897d73a0 DEOPT UNPACKING pc=0x0000021e3ac07143 sp=0x000000f7465f5e20 mode 0
Event: 29.569 Thread 0x0000021e897d73a0 DEOPT PACKING pc=0x0000021e33d7704d sp=0x000000f7465f6920
Event: 29.569 Thread 0x0000021e897d73a0 DEOPT UNPACKING pc=0x0000021e3ac07143 sp=0x000000f7465f5e18 mode 0
Event: 29.653 Thread 0x0000021e897d73a0 DEOPT PACKING pc=0x0000021e338c5844 sp=0x000000f7465f6e30
Event: 29.653 Thread 0x0000021e897d73a0 DEOPT UNPACKING pc=0x0000021e3ac07143 sp=0x000000f7465f62b0 mode 0
Event: 30.239 Thread 0x0000021e897d6980 Uncommon trap: trap_request=0xffffffde fr.pc=0x0000021e3b3272bc relative=0x000000000000037c
Event: 30.239 Thread 0x0000021e897d6980 Uncommon trap: reason=class_check action=maybe_recompile pc=0x0000021e3b3272bc method=java.io.DataInputStream.readUnsignedShort()I @ 6 c2
Event: 30.239 Thread 0x0000021e897d6980 DEOPT PACKING pc=0x0000021e3b3272bc sp=0x000000f746bfe280
Event: 30.239 Thread 0x0000021e897d6980 DEOPT UNPACKING pc=0x0000021e3ac069a3 sp=0x000000f746bfe230 mode 2
Event: 30.509 Thread 0x0000021e897d73a0 Uncommon trap: trap_request=0xffffff3d fr.pc=0x0000021e3b310e60 relative=0x0000000000000de0
Event: 30.509 Thread 0x0000021e897d73a0 Uncommon trap: reason=unstable_fused_if action=reinterpret pc=0x0000021e3b310e60 method=org.objectweb.asm.ByteVector.putUTF8(Ljava/lang/String;)Lorg/objectweb/asm/ByteVector; @ 93 c2
Event: 30.509 Thread 0x0000021e897d73a0 DEOPT PACKING pc=0x0000021e3b310e60 sp=0x000000f7465f5110
Event: 30.509 Thread 0x0000021e897d73a0 DEOPT UNPACKING pc=0x0000021e3ac069a3 sp=0x000000f7465f5068 mode 2
Event: 30.768 Thread 0x0000021e897d73a0 DEOPT PACKING pc=0x0000021e33ab4113 sp=0x000000f7465f5a80
Event: 30.768 Thread 0x0000021e897d73a0 DEOPT UNPACKING pc=0x0000021e3ac07143 sp=0x000000f7465f4ef0 mode 0

Classes loaded (20 events):
Event: 28.792 Loading class java/util/stream/ReduceOps$2
Event: 28.794 Loading class java/util/stream/ReduceOps$2 done
Event: 28.794 Loading class java/util/stream/ReduceOps$2ReducingSink
Event: 28.794 Loading class java/util/stream/ReduceOps$2ReducingSink done
Event: 29.164 Loading class java/util/Collections$SynchronizedRandomAccessList
Event: 29.165 Loading class java/util/Collections$SynchronizedList
Event: 29.167 Loading class java/util/Collections$SynchronizedList done
Event: 29.167 Loading class java/util/Collections$SynchronizedRandomAccessList done
Event: 29.260 Loading class java/lang/invoke/BoundMethodHandle$Species_LLLLLLLLLLLLLLLLLLLLLLLL
Event: 29.260 Loading class java/lang/invoke/BoundMethodHandle$Species_LLLLLLLLLLLLLLLLLLLLLLLL done
Event: 29.263 Loading class java/lang/invoke/BoundMethodHandle$Species_LLLLLLLLLLLLLLLLLLLLLLLLL
Event: 29.263 Loading class java/lang/invoke/BoundMethodHandle$Species_LLLLLLLLLLLLLLLLLLLLLLLLL done
Event: 29.267 Loading class java/lang/invoke/BoundMethodHandle$Species_LLLLLLLLLLLLLLLLLLLLLLLLLL
Event: 29.267 Loading class java/lang/invoke/BoundMethodHandle$Species_LLLLLLLLLLLLLLLLLLLLLLLLLL done
Event: 30.762 Loading class java/util/ArrayList$SubList$1
Event: 30.763 Loading class java/util/ArrayList$SubList$1 done
Event: 30.818 Loading class java/util/ArrayList$ListItr
Event: 30.820 Loading class java/util/ArrayList$ListItr done
Event: 31.633 Loading class sun/reflect/generics/tree/BooleanSignature
Event: 31.633 Loading class sun/reflect/generics/tree/BooleanSignature done

Classes unloaded (0 events):
No events

Classes redefined (0 events):
No events

Internal exceptions (20 events):
Event: 29.262 Thread 0x0000021e897d73a0 Exception <a 'java/lang/NoSuchMethodError'{0x00000007055716d0}: 'java.lang.Object java.lang.invoke.DirectMethodHandle$Holder.invokeStatic(java.lang.Object, java.lang.Object, java.lang.Object, java.lang.Object, java.lang.Object, java.lang.Object, java.lang.Object, java.lang.Object, java.lang.Object, java.lang.Object, java.lang.Object, java.lang.Object, java.lang.Object, java.lang.Object, java.lang.Object, java.lang.Object, java.lang.Object, java.lang.Object, java.lang.Object, java.lang.Object, java.lang.Obj
Event: 29.265 Thread 0x0000021e897d73a0 Exception <a 'java/lang/NoSuchMethodError'{0x00000007055a63c8}: 'java.lang.Object java.lang.invoke.DirectMethodHandle$Holder.invokeStatic(java.lang.Object, java.lang.Object, java.lang.Object, java.lang.Object, java.lang.Object, java.lang.Object, java.lang.Object, java.lang.Object, java.lang.Object, java.lang.Object, java.lang.Object, java.lang.Object, java.lang.Object, java.lang.Object, java.lang.Object, java.lang.Object, java.lang.Object, java.lang.Object, java.lang.Object, java.lang.Object, java.lang.Obj
Event: 29.268 Thread 0x0000021e897d73a0 Exception <a 'java/lang/NoSuchMethodError'{0x00000007055dc9f8}: 'java.lang.Object java.lang.invoke.DirectMethodHandle$Holder.invokeStatic(java.lang.Object, java.lang.Object, java.lang.Object, java.lang.Object, java.lang.Object, java.lang.Object, java.lang.Object, java.lang.Object, java.lang.Object, java.lang.Object, java.lang.Object, java.lang.Object, java.lang.Object, java.lang.Object, java.lang.Object, java.lang.Object, java.lang.Object, java.lang.Object, java.lang.Object, java.lang.Object, java.lang.Obj
Event: 29.473 Thread 0x0000021e897d73a0 Exception <a 'java/lang/NoSuchMethodError'{0x000000070501dc98}: 'java.lang.Object java.lang.invoke.DirectMethodHandle$Holder.invokeStatic(java.lang.Object, java.lang.Object, java.lang.Object, java.lang.Object, java.lang.Object, java.lang.Object, int, java.lang.Object)'> (0x000000070501dc98) 
thrown [s\src\hotspot\share\interpreter\linkResolver.cpp, line 759]
Event: 29.475 Thread 0x0000021e897d73a0 Exception <a 'java/lang/NoSuchMethodError'{0x00000007050293b0}: 'java.lang.Object java.lang.invoke.DirectMethodHandle$Holder.newInvokeSpecial(java.lang.Object, java.lang.Object, java.lang.Object, java.lang.Object, java.lang.Object, java.lang.Object, int)'> (0x00000007050293b0) 
thrown [s\src\hotspot\share\interpreter\linkResolver.cpp, line 759]
Event: 29.475 Thread 0x0000021e897d73a0 Exception <a 'java/lang/NoSuchMethodError'{0x000000070502f040}: 'java.lang.Object java.lang.invoke.DirectMethodHandle$Holder.invokeSpecial(java.lang.Object, java.lang.Object, java.lang.Object, java.lang.Object, java.lang.Object, java.lang.Object, java.lang.Object, int)'> (0x000000070502f040) 
thrown [s\src\hotspot\share\interpreter\linkResolver.cpp, line 759]
Event: 29.476 Thread 0x0000021e897d73a0 Exception <a 'java/lang/NoSuchMethodError'{0x0000000705034220}: 'java.lang.Object java.lang.invoke.Invokers$Holder.linkToTargetMethod(java.lang.Object, java.lang.Object, java.lang.Object, java.lang.Object, java.lang.Object, int, java.lang.Object)'> (0x0000000705034220) 
thrown [s\src\hotspot\share\interpreter\linkResolver.cpp, line 759]
Event: 30.226 Thread 0x0000021e897d73a0 Exception <a 'java/lang/NoSuchMethodError'{0x0000000703142eb8}: 'java.lang.Object java.lang.invoke.DirectMethodHandle$Holder.newInvokeSpecial(java.lang.Object, java.lang.Object, int, java.lang.Object, java.lang.Object, java.lang.Object, java.lang.Object)'> (0x0000000703142eb8) 
thrown [s\src\hotspot\share\interpreter\linkResolver.cpp, line 759]
Event: 30.236 Thread 0x0000021e897d73a0 Exception <a 'java/lang/NoSuchMethodError'{0x0000000707c034c0}: 'java.lang.Object java.lang.invoke.Invokers$Holder.linkToTargetMethod(java.lang.Object, int, java.lang.Object, java.lang.Object, java.lang.Object, java.lang.Object, java.lang.Object)'> (0x0000000707c034c0) 
thrown [s\src\hotspot\share\interpreter\linkResolver.cpp, line 759]
Event: 30.466 Thread 0x0000021e897d73a0 Exception <a 'java/lang/NoSuchMethodError'{0x0000000707cf0d00}: 'java.lang.Object java.lang.invoke.DirectMethodHandle$Holder.invokeSpecial(java.lang.Object, java.lang.Object, java.lang.Object, java.lang.Object, java.lang.Object, java.lang.Object, java.lang.Object, java.lang.Object, java.lang.Object)'> (0x0000000707cf0d00) 
thrown [s\src\hotspot\share\interpreter\linkResolver.cpp, line 759]
Event: 30.659 Thread 0x0000021e897d73a0 Exception <a 'java/lang/NoSuchMethodError'{0x00000007053a1ae0}: 'java.lang.Object java.lang.invoke.DirectMethodHandle$Holder.newInvokeSpecial(java.lang.Object, java.lang.Object, java.lang.Object, java.lang.Object, int)'> (0x00000007053a1ae0) 
thrown [s\src\hotspot\share\interpreter\linkResolver.cpp, line 759]
Event: 30.660 Thread 0x0000021e897d73a0 Exception <a 'java/lang/NoSuchMethodError'{0x00000007053a6a80}: 'java.lang.Object java.lang.invoke.Invokers$Holder.linkToTargetMethod(java.lang.Object, java.lang.Object, java.lang.Object, int, java.lang.Object)'> (0x00000007053a6a80) 
thrown [s\src\hotspot\share\interpreter\linkResolver.cpp, line 759]
Event: 30.780 Thread 0x0000021e897d73a0 Exception <a 'java/lang/NoSuchMethodError'{0x000000070513db98}: 'void java.lang.invoke.DirectMethodHandle$Holder.invokeSpecial(java.lang.Object, java.lang.Object, java.lang.Object, java.lang.Object, java.lang.Object, java.lang.Object)'> (0x000000070513db98) 
thrown [s\src\hotspot\share\interpreter\linkResolver.cpp, line 759]
Event: 30.851 Thread 0x0000021e897d73a0 Exception <a 'java/lang/NoSuchMethodError'{0x0000000704e3ef08}: 'int java.lang.invoke.DirectMethodHandle$Holder.invokeInterface(java.lang.Object, java.lang.Object, java.lang.Object, java.lang.Object)'> (0x0000000704e3ef08) 
thrown [s\src\hotspot\share\interpreter\linkResolver.cpp, line 759]
Event: 31.294 Thread 0x0000021e897d73a0 Exception <a 'java/lang/NoSuchMethodError'{0x0000000704d1b430}: 'java.lang.Object java.lang.invoke.DirectMethodHandle$Holder.invokeStatic(java.lang.Object, long, java.lang.Object)'> (0x0000000704d1b430) 
thrown [s\src\hotspot\share\interpreter\linkResolver.cpp, line 759]
Event: 31.295 Thread 0x0000021e897d73a0 Exception <a 'java/lang/NoSuchMethodError'{0x0000000704d23a80}: 'java.lang.Object java.lang.invoke.DirectMethodHandle$Holder.newInvokeSpecial(java.lang.Object, long)'> (0x0000000704d23a80) 
thrown [s\src\hotspot\share\interpreter\linkResolver.cpp, line 759]
Event: 31.365 Thread 0x0000021e897d73a0 Exception <a 'java/lang/NoSuchMethodError'{0x0000000704d994e8}: 'java.lang.Object java.lang.invoke.Invokers$Holder.linkToTargetMethod(java.lang.Object, java.lang.Object, java.lang.Object, java.lang.Object, long, java.lang.Object, java.lang.Object)'> (0x0000000704d994e8) 
thrown [s\src\hotspot\share\interpreter\linkResolver.cpp, line 759]
Event: 31.375 Thread 0x0000021e897d73a0 Exception <a 'java/lang/NoSuchMethodError'{0x0000000704ddf5e8}: 'java.lang.Object java.lang.invoke.DirectMethodHandle$Holder.newInvokeSpecial(java.lang.Object, java.lang.Object, java.lang.Object, long, java.lang.Object)'> (0x0000000704ddf5e8) 
thrown [s\src\hotspot\share\interpreter\linkResolver.cpp, line 759]
Event: 31.377 Thread 0x0000021e897d73a0 Exception <a 'java/lang/NoSuchMethodError'{0x0000000704de4cb0}: 'java.lang.Object java.lang.invoke.DirectMethodHandle$Holder.invokeSpecial(java.lang.Object, java.lang.Object, java.lang.Object, java.lang.Object, long, java.lang.Object)'> (0x0000000704de4cb0) 
thrown [s\src\hotspot\share\interpreter\linkResolver.cpp, line 759]
Event: 31.379 Thread 0x0000021e897d73a0 Exception <a 'java/lang/NoSuchMethodError'{0x0000000704de9a30}: 'java.lang.Object java.lang.invoke.Invokers$Holder.linkToTargetMethod(java.lang.Object, java.lang.Object, long, java.lang.Object, java.lang.Object)'> (0x0000000704de9a30) 
thrown [s\src\hotspot\share\interpreter\linkResolver.cpp, line 759]

VM Operations (20 events):
Event: 28.796 Executing VM operation: CollectForMetadataAllocation
Event: 28.809 Executing VM operation: CollectForMetadataAllocation done
Event: 28.875 Executing VM operation: G1PauseRemark
Event: 28.879 Executing VM operation: G1PauseRemark done
Event: 28.910 Executing VM operation: G1PauseCleanup
Event: 28.911 Executing VM operation: G1PauseCleanup done
Event: 29.917 Executing VM operation: Cleanup
Event: 29.917 Executing VM operation: Cleanup done
Event: 30.228 Executing VM operation: G1CollectForAllocation
Event: 30.235 Executing VM operation: G1CollectForAllocation done
Event: 30.400 Executing VM operation: G1CollectForAllocation
Event: 30.411 Executing VM operation: G1CollectForAllocation done
Event: 30.635 Executing VM operation: HandshakeAllThreads
Event: 30.635 Executing VM operation: HandshakeAllThreads done
Event: 30.821 Executing VM operation: HandshakeAllThreads
Event: 30.821 Executing VM operation: HandshakeAllThreads done
Event: 30.847 Executing VM operation: HandshakeAllThreads
Event: 30.847 Executing VM operation: HandshakeAllThreads done
Event: 31.861 Executing VM operation: Cleanup
Event: 31.862 Executing VM operation: Cleanup done

Memory protections (0 events):
No events

Nmethod flushes (0 events):
No events

Events (20 events):
Event: 11.596 Thread 0x0000021e89a77830 Thread added: 0x0000021e897d9200
Event: 11.627 Thread 0x0000021e897d9200 Thread added: 0x0000021e897d5a50
Event: 11.791 Thread 0x0000021e897d9200 Thread added: 0x0000021e897d5f60
Event: 11.810 Thread 0x0000021e897d9200 Thread added: 0x0000021e897d73a0
Event: 11.849 Thread 0x0000021e897d73a0 Thread added: 0x0000021e897d82d0
Event: 11.887 Thread 0x0000021e897d73a0 Thread added: 0x0000021e897d6470
Event: 11.929 Thread 0x0000021e897d73a0 Thread added: 0x0000021e897d6e90
Event: 13.940 Thread 0x0000021e897d73a0 Thread added: 0x0000021e897d78b0
Event: 13.988 Thread 0x0000021e897d73a0 Thread added: 0x0000021e897d8cf0
Event: 14.237 Thread 0x0000021e897d73a0 Thread added: 0x0000021e897d6980
Event: 18.561 Thread 0x0000021e897d73a0 Thread added: 0x0000021e897d7dc0
Event: 18.584 Thread 0x0000021e897d73a0 Thread added: 0x0000021e897d87e0
Event: 19.748 Thread 0x0000021e897d73a0 Thread added: 0x0000021e8a475fe0
Event: 19.824 Thread 0x0000021e897d73a0 Thread added: 0x0000021e8a4764f0
Event: 20.690 Thread 0x0000021e897d73a0 Thread added: 0x0000021e8a4755c0
Event: 20.867 Thread 0x0000021e897d73a0 Thread added: 0x0000021e8a475ad0
Event: 22.136 Thread 0x0000021e897d73a0 Thread added: 0x0000021e8a476a00
Event: 22.453 Thread 0x0000021e897d73a0 Thread added: 0x0000021e8a476f10
Event: 26.138 Thread 0x0000021e897d73a0 Thread added: 0x0000021e8a477420
Event: 28.917 Thread 0x0000021e897d73a0 Thread added: 0x0000021e8a478350


Dynamic libraries:
0x00007ff6279f0000 - 0x00007ff6279fe000 	C:\Program Files\Eclipse Adoptium\jdk-17.0.18.8-hotspot\bin\java.exe
0x00007ffee2d30000 - 0x00007ffee2f28000 	C:\WINDOWS\SYSTEM32\ntdll.dll
0x00007ffee2200000 - 0x00007ffee22c2000 	C:\WINDOWS\System32\KERNEL32.DLL
0x00007ffee0740000 - 0x00007ffee0a36000 	C:\WINDOWS\System32\KERNELBASE.dll
0x00007ffee0c50000 - 0x00007ffee0d50000 	C:\WINDOWS\System32\ucrtbase.dll
0x00007ffed8ee0000 - 0x00007ffed8ef8000 	C:\Program Files\Eclipse Adoptium\jdk-17.0.18.8-hotspot\bin\jli.dll
0x00007ffee1b30000 - 0x00007ffee1cd1000 	C:\WINDOWS\System32\USER32.dll
0x00007ffee0ba0000 - 0x00007ffee0bc2000 	C:\WINDOWS\System32\win32u.dll
0x00007ffee0d50000 - 0x00007ffee0d7b000 	C:\WINDOWS\System32\GDI32.dll
0x00007ffee0580000 - 0x00007ffee0699000 	C:\WINDOWS\System32\gdi32full.dll
0x00007ffee06a0000 - 0x00007ffee073d000 	C:\WINDOWS\System32\msvcp_win.dll
0x00007ffed8ec0000 - 0x00007ffed8ede000 	C:\Program Files\Eclipse Adoptium\jdk-17.0.18.8-hotspot\bin\VCRUNTIME140.dll
0x00007ffed15c0000 - 0x00007ffed185b000 	C:\WINDOWS\WinSxS\amd64_microsoft.windows.common-controls_6595b64144ccf1df_6.0.19041.6456_none_60b8a6cb71f64256\COMCTL32.dll
0x00007ffee22d0000 - 0x00007ffee236e000 	C:\WINDOWS\System32\msvcrt.dll
0x00007ffee1160000 - 0x00007ffee118f000 	C:\WINDOWS\System32\IMM32.DLL
0x00007ffeda6b0000 - 0x00007ffeda6bc000 	C:\Program Files\Eclipse Adoptium\jdk-17.0.18.8-hotspot\bin\vcruntime140_1.dll
0x00007ffec0700000 - 0x00007ffec078d000 	C:\Program Files\Eclipse Adoptium\jdk-17.0.18.8-hotspot\bin\msvcp140.dll
0x00007ffe34550000 - 0x00007ffe351bb000 	C:\Program Files\Eclipse Adoptium\jdk-17.0.18.8-hotspot\bin\server\jvm.dll
0x00007ffee29a0000 - 0x00007ffee2a51000 	C:\WINDOWS\System32\ADVAPI32.dll
0x00007ffee2af0000 - 0x00007ffee2b8f000 	C:\WINDOWS\System32\sechost.dll
0x00007ffee1030000 - 0x00007ffee1150000 	C:\WINDOWS\System32\RPCRT4.dll
0x00007ffee04c0000 - 0x00007ffee04e7000 	C:\WINDOWS\System32\bcrypt.dll
0x00007ffee26e0000 - 0x00007ffee274b000 	C:\WINDOWS\System32\WS2_32.dll
0x00007ffee0220000 - 0x00007ffee026b000 	C:\WINDOWS\SYSTEM32\POWRPROF.dll
0x00007ffed1540000 - 0x00007ffed1567000 	C:\WINDOWS\SYSTEM32\WINMM.dll
0x00007ffed5fd0000 - 0x00007ffed5fda000 	C:\WINDOWS\SYSTEM32\VERSION.dll
0x00007ffee0200000 - 0x00007ffee0212000 	C:\WINDOWS\SYSTEM32\UMPDC.dll
0x00007ffedebc0000 - 0x00007ffedebd2000 	C:\WINDOWS\SYSTEM32\kernel.appcore.dll
0x00007ffeda1e0000 - 0x00007ffeda1ea000 	C:\Program Files\Eclipse Adoptium\jdk-17.0.18.8-hotspot\bin\jimage.dll
0x00007ffed0400000 - 0x00007ffed0601000 	C:\WINDOWS\SYSTEM32\DBGHELP.DLL
0x00007ffec8650000 - 0x00007ffec8684000 	C:\WINDOWS\SYSTEM32\dbgcore.DLL
0x00007ffee04f0000 - 0x00007ffee0572000 	C:\WINDOWS\System32\bcryptPrimitives.dll
0x00007ffed9cf0000 - 0x00007ffed9cfe000 	C:\Program Files\Eclipse Adoptium\jdk-17.0.18.8-hotspot\bin\instrument.dll
0x00007ffec04a0000 - 0x00007ffec04c5000 	C:\Program Files\Eclipse Adoptium\jdk-17.0.18.8-hotspot\bin\java.dll
0x00007ffebfa60000 - 0x00007ffebfb37000 	C:\Program Files\Eclipse Adoptium\jdk-17.0.18.8-hotspot\bin\jsvml.dll
0x00007ffee1190000 - 0x00007ffee1900000 	C:\WINDOWS\System32\SHELL32.dll
0x00007ffedd910000 - 0x00007ffede0b5000 	C:\WINDOWS\SYSTEM32\windows.storage.dll
0x00007ffee2380000 - 0x00007ffee26d4000 	C:\WINDOWS\System32\combase.dll
0x00007ffedfca0000 - 0x00007ffedfccb000 	C:\WINDOWS\SYSTEM32\Wldp.dll
0x00007ffee2c20000 - 0x00007ffee2ced000 	C:\WINDOWS\System32\OLEAUT32.dll
0x00007ffee1ce0000 - 0x00007ffee1d8d000 	C:\WINDOWS\System32\SHCORE.dll
0x00007ffee2a90000 - 0x00007ffee2aeb000 	C:\WINDOWS\System32\shlwapi.dll
0x00007ffee02f0000 - 0x00007ffee0314000 	C:\WINDOWS\SYSTEM32\profapi.dll
0x00007ffecac90000 - 0x00007ffecaca8000 	C:\Program Files\Eclipse Adoptium\jdk-17.0.18.8-hotspot\bin\zip.dll
0x00007ffed0ba0000 - 0x00007ffed0bba000 	C:\Program Files\Eclipse Adoptium\jdk-17.0.18.8-hotspot\bin\net.dll
0x00007ffed7260000 - 0x00007ffed736a000 	C:\WINDOWS\SYSTEM32\WINHTTP.dll
0x00007ffedfa80000 - 0x00007ffedfaea000 	C:\WINDOWS\system32\mswsock.dll
0x00007ffece270000 - 0x00007ffece286000 	C:\Program Files\Eclipse Adoptium\jdk-17.0.18.8-hotspot\bin\nio.dll
0x00007ffeda190000 - 0x00007ffeda1a0000 	C:\Program Files\Eclipse Adoptium\jdk-17.0.18.8-hotspot\bin\verify.dll
0x00007ffe38b80000 - 0x00007ffe38ba7000 	D:\gradle-cache\native\1def1411415f61bf3af743bc5b6707747c0891f09f0c88961ee8f79bc544acac\windows-amd64\native-platform.dll
0x00007ffec07a0000 - 0x00007ffec0817000 	D:\gradle-cache\native\0.2.8\x86_64-windows-gnu\gradle-fileevents.dll
0x00007ffeda1d0000 - 0x00007ffeda1da000 	C:\Program Files\Eclipse Adoptium\jdk-17.0.18.8-hotspot\bin\management.dll
0x00007ffeda1c0000 - 0x00007ffeda1cc000 	C:\Program Files\Eclipse Adoptium\jdk-17.0.18.8-hotspot\bin\management_ext.dll
0x00007ffee2a60000 - 0x00007ffee2a68000 	C:\WINDOWS\System32\PSAPI.DLL
0x00007ffedf710000 - 0x00007ffedf74b000 	C:\WINDOWS\SYSTEM32\IPHLPAPI.DLL
0x00007ffee1150000 - 0x00007ffee1158000 	C:\WINDOWS\System32\NSI.dll
0x00007ffed56d0000 - 0x00007ffed56e7000 	C:\WINDOWS\SYSTEM32\dhcpcsvc6.DLL
0x00007ffed5620000 - 0x00007ffed563d000 	C:\WINDOWS\SYSTEM32\dhcpcsvc.DLL
0x00007ffedf750000 - 0x00007ffedf81a000 	C:\WINDOWS\SYSTEM32\DNSAPI.dll
0x00007ffed9d00000 - 0x00007ffed9d09000 	C:\Program Files\Eclipse Adoptium\jdk-17.0.18.8-hotspot\bin\extnet.dll
0x00007ffedfce0000 - 0x00007ffedfcf8000 	C:\WINDOWS\SYSTEM32\CRYPTSP.dll
0x00007ffedf350000 - 0x00007ffedf388000 	C:\WINDOWS\system32\rsaenh.dll
0x00007ffee02b0000 - 0x00007ffee02de000 	C:\WINDOWS\SYSTEM32\USERENV.dll
0x00007ffedfc10000 - 0x00007ffedfc1c000 	C:\WINDOWS\SYSTEM32\CRYPTBASE.dll
0x00007ffed9bb0000 - 0x00007ffed9bbe000 	C:\Program Files\Eclipse Adoptium\jdk-17.0.18.8-hotspot\bin\sunmscapi.dll
0x00007ffee0a40000 - 0x00007ffee0b9d000 	C:\WINDOWS\System32\CRYPT32.dll
0x00007ffedfdf0000 - 0x00007ffedfe17000 	C:\WINDOWS\SYSTEM32\ncrypt.dll
0x00007ffedfdb0000 - 0x00007ffedfdeb000 	C:\WINDOWS\SYSTEM32\NTASN1.dll
0x00007ffec7f00000 - 0x00007ffec7f07000 	C:\WINDOWS\system32\wshunix.dll

dbghelp: loaded successfully - version: 4.0.5 - missing functions: none
symbol engine: initialized successfully - sym options: 0x614 - pdb path: .;C:\Program Files\Eclipse Adoptium\jdk-17.0.18.8-hotspot\bin;C:\WINDOWS\SYSTEM32;C:\WINDOWS\WinSxS\amd64_microsoft.windows.common-controls_6595b64144ccf1df_6.0.19041.6456_none_60b8a6cb71f64256;C:\Program Files\Eclipse Adoptium\jdk-17.0.18.8-hotspot\bin\server;D:\gradle-cache\native\1def1411415f61bf3af743bc5b6707747c0891f09f0c88961ee8f79bc544acac\windows-amd64;D:\gradle-cache\native\0.2.8\x86_64-windows-gnu

VM Arguments:
jvm_args: --add-opens=java.base/java.lang=ALL-UNNAMED --add-opens=java.base/java.lang.invoke=ALL-UNNAMED --add-opens=java.base/java.util=ALL-UNNAMED --add-opens=java.prefs/java.util.prefs=ALL-UNNAMED --add-exports=jdk.compiler/com.sun.tools.javac.api=ALL-UNNAMED --add-exports=jdk.compiler/com.sun.tools.javac.util=ALL-UNNAMED --add-opens=java.base/java.util=ALL-UNNAMED --add-opens=java.prefs/java.util.prefs=ALL-UNNAMED --add-opens=java.base/java.nio.charset=ALL-UNNAMED --add-opens=java.base/java.net=ALL-UNNAMED --add-opens=java.base/java.util.concurrent=ALL-UNNAMED --add-opens=java.base/java.util.concurrent.atomic=ALL-UNNAMED --add-opens=java.xml/javax.xml.namespace=ALL-UNNAMED -XX:MaxMetaspaceSize=1024m -Xmx4096m -Dfile.encoding=windows-1252 -Duser.country=US -Duser.language=en -Duser.variant -javaagent:D:\gradle-cache\wrapper\dists\gradle-9.0.0-bin\d6wjpkvcgsg3oed0qlfss3wgl\gradle-9.0.0\lib\agents\gradle-instrumentation-agent-9.0.0.jar 
java_command: org.gradle.launcher.daemon.bootstrap.GradleDaemon 9.0.0
java_class_path (initial): D:\gradle-cache\wrapper\dists\gradle-9.0.0-bin\d6wjpkvcgsg3oed0qlfss3wgl\gradle-9.0.0\lib\gradle-daemon-main-9.0.0.jar
Launcher Type: SUN_STANDARD

[Global flags]
     intx CICompilerCount                          = 3                                         {product} {ergonomic}
   size_t CompressedClassSpaceSize                 = 872415232                                 {product} {ergonomic}
     uint ConcGCThreads                            = 1                                         {product} {ergonomic}
     uint G1ConcRefinementThreads                  = 4                                         {product} {ergonomic}
   size_t G1HeapRegionSize                         = 2097152                                   {product} {ergonomic}
    uintx GCDrainStackTargetSize                   = 64                                        {product} {ergonomic}
   size_t InitialHeapSize                          = 132120576                                 {product} {ergonomic}
   size_t MarkStackSize                            = 4194304                                   {product} {ergonomic}
   size_t MaxHeapSize                              = 4294967296                                {product} {command line}
   size_t MaxMetaspaceSize                         = 1073741824                                {product} {command line}
   size_t MaxNewSize                               = 2575302656                                {product} {ergonomic}
   size_t MinHeapDeltaBytes                        = 2097152                                   {product} {ergonomic}
   size_t MinHeapSize                              = 8388608                                   {product} {ergonomic}
    uintx NonNMethodCodeHeapSize                   = 5832780                                {pd product} {ergonomic}
    uintx NonProfiledCodeHeapSize                  = 122912730                              {pd product} {ergonomic}
    uintx ProfiledCodeHeapSize                     = 122912730                              {pd product} {ergonomic}
    uintx ReservedCodeCacheSize                    = 251658240                              {pd product} {ergonomic}
     bool SegmentedCodeCache                       = true                                      {product} {ergonomic}
   size_t SoftMaxHeapSize                          = 4294967296                             {manageable} {ergonomic}
     bool UseCompressedClassPointers               = true                           {product lp64_product} {ergonomic}
     bool UseCompressedOops                        = true                           {product lp64_product} {ergonomic}
     bool UseG1GC                                  = true                                      {product} {ergonomic}
     bool UseLargePagesIndividualAllocation        = false                                  {pd product} {ergonomic}

Logging:
Log output configuration:
 #0: stdout all=warning uptime,level,tags
 #1: stderr all=off uptime,level,tags

Environment Variables:
JAVA_HOME=C:\Program Files\Eclipse Adoptium\jdk-17.0.18.8-hotspot
PATH=E:\varxus\app\SparkDating\node_modules\.bin;E:\varxus\app\SparkDating\node_modules\.bin;E:\varxus\app\node_modules\.bin;E:\varxus\node_modules\.bin;E:\node_modules\.bin;C:\Users\Sajeel Ahmad\AppData\Roaming\npm\node_modules\npm\node_modules\@npmcli\run-script\lib\node-gyp-bin;C:\Program Files\Eclipse Adoptium\jdk-17.0.18.8-hotspot\bin;C:\Users\Sajeel Ahmad\AppData\Roaming\npm;C:\Program Files\nodejs\;C:\Users\Sajeel Ahmad\AppData\Roaming\npm;C:\Program Files\nodejs\;C:\Users\Sajeel Ahmad\AppData\Roaming\npm;C:\Program Files\nodejs\;C:\Program Files\Java\jdk-26\bin;D:\Android\Sdk\platform-tools;D:\Android\Sdk\emulator;C:\WINDOWS\system32;C:\WINDOWS;C:\WINDOWS\System32\Wbem;C:\WINDOWS\System32\WindowsPowerShell\v1.0\;C:\WINDOWS\System32\OpenSSH\;C:\Program Files\Git\cmd;C:\Program Files\PostgreSQL\16\bin;C:\Program Files\dotnet\;C:\Program Files\nodejs\;C:\Program Files\PuTTY\;C:\Users\Sajeel Ahmad\AppData\Local\Microsoft\WindowsApps;C:\Users\Sajeel Ahmad\AppData\Local\Programs\Microsoft VS Code\bin;C:\Users\Sajeel Ahmad\AppData\Roaming\npm;C:\Users\Sajeel Ahmad\AppData\Local\Programs\cursor\resources\app\bin;C:\Program Files\Java\jdk-17\bin;D:\Android\Sdk\platform-tools;D:\Android\Sdk\emulator;C:\Users\Sajeel Ahmad\AppData\Local\Microsoft\WindowsApps;;C:\Users\Sajeel Ahmad\AppData\Local\Programs\Microsoft VS Code\bin;C:\Users\Sajeel Ahmad\AppData\Roaming\npm
USERNAME=Sajeel Ahmad
OS=Windows_NT
PROCESSOR_IDENTIFIER=Intel64 Family 6 Model 78 Stepping 3, GenuineIntel
TMP=C:\Users\SAJEEL~1\AppData\Local\Temp
TEMP=C:\Users\SAJEEL~1\AppData\Local\Temp



Periodic native trim disabled


---------------  S Y S T E M  ---------------

OS:
 Windows 10 , 64 bit Build 19041 (10.0.19041.5915)
OS uptime: 0 days 20:03 hours
Hyper-V role detected

CPU: total 4 (initial active 4) (2 cores per cpu, 2 threads per core) family 6 model 78 stepping 3 microcode 0xcc, cx8, cmov, fxsr, ht, mmx, 3dnowpref, sse, sse2, sse3, ssse3, sse4.1, sse4.2, popcnt, lzcnt, tsc, tscinvbit, avx, avx2, aes, erms, clmul, bmi1, bmi2, rtm, adx, fma, vzeroupper, clflush, clflushopt, hv
Processor Information for all 4 processors :
  Max Mhz: 2496, Current Mhz: 798, Mhz Limit: 798

Memory: 4k page, system-wide physical 8058M (286M free)
TotalPageFile size 15273M (AvailPageFile size 6M)
current process WorkingSet (physical memory assigned to process): 221M, peak: 227M
current process commit charge ("private bytes"): 257M, peak: 276M

vm_info: OpenJDK 64-Bit Server VM (17.0.18+8) for windows-amd64 JRE (17.0.18+8), built on Jan 20 2026 22:28:22 by "admin" with MS VC++ 17.12 (VS2022)

END.
